mode: atomic
github.com/cryanbrow/eve-graphql-go/graph/caching/memory_cache.go:15.50,17.107 2 0
github.com/cryanbrow/eve-graphql-go/graph/caching/memory_cache.go:17.107,20.3 2 0
github.com/cryanbrow/eve-graphql-go/graph/caching/memory_cache.go:20.8,22.3 1 0
github.com/cryanbrow/eve-graphql-go/graph/caching/memory_cache.go:25.60,27.107 2 0
github.com/cryanbrow/eve-graphql-go/graph/caching/memory_cache.go:27.107,33.3 5 0
github.com/cryanbrow/eve-graphql-go/graph/helpers/time_helper.go:10.43,13.16 3 0
github.com/cryanbrow/eve-graphql-go/graph/helpers/time_helper.go:18.2,19.53 2 0
github.com/cryanbrow/eve-graphql-go/graph/helpers/time_helper.go:13.16,16.3 2 0
github.com/cryanbrow/eve-graphql-go/server.go:34.13,37.16 3 0
github.com/cryanbrow/eve-graphql-go/server.go:41.2,46.75 4 0
github.com/cryanbrow/eve-graphql-go/server.go:67.2,70.49 3 0
github.com/cryanbrow/eve-graphql-go/server.go:37.16,39.3 1 0
github.com/cryanbrow/eve-graphql-go/server.go:46.75,48.10 2 0
github.com/cryanbrow/eve-graphql-go/server.go:52.3,53.17 2 0
github.com/cryanbrow/eve-graphql-go/server.go:58.3,63.51 4 0
github.com/cryanbrow/eve-graphql-go/server.go:48.10,51.4 2 0
github.com/cryanbrow/eve-graphql-go/server.go:53.17,57.4 3 0
github.com/cryanbrow/eve-graphql-go/server.go:63.51,65.4 1 0
github.com/cryanbrow/eve-graphql-go/server.go:73.26,84.2 10 0
github.com/cryanbrow/eve-graphql-go/graph/data_access/esi/character/character_rest.go:17.55,19.15 2 0
github.com/cryanbrow/eve-graphql-go/graph/data_access/esi/character/character_rest.go:22.2,27.16 5 0
github.com/cryanbrow/eve-graphql-go/graph/data_access/esi/character/character_rest.go:31.2,31.66 1 0
github.com/cryanbrow/eve-graphql-go/graph/data_access/esi/character/character_rest.go:36.2,36.23 1 0
github.com/cryanbrow/eve-graphql-go/graph/data_access/esi/character/character_rest.go:19.15,21.3 1 0
github.com/cryanbrow/eve-graphql-go/graph/data_access/esi/character/character_rest.go:27.16,29.3 1 0
github.com/cryanbrow/eve-graphql-go/graph/data_access/esi/character/character_rest.go:31.66,34.3 2 0
github.com/cryanbrow/eve-graphql-go/graph/data_access/esi/character/character_rest.go:47.27,49.2 1 0
github.com/cryanbrow/eve-graphql-go/graph/data_access/esi/market/market_rest.go:19.59,21.15 2 0
github.com/cryanbrow/eve-graphql-go/graph/data_access/esi/market/market_rest.go:24.2,29.16 5 0
github.com/cryanbrow/eve-graphql-go/graph/data_access/esi/market/market_rest.go:33.2,33.68 1 0
github.com/cryanbrow/eve-graphql-go/graph/data_access/esi/market/market_rest.go:38.2,38.25 1 0
github.com/cryanbrow/eve-graphql-go/graph/data_access/esi/market/market_rest.go:21.15,23.3 1 0
github.com/cryanbrow/eve-graphql-go/graph/data_access/esi/market/market_rest.go:29.16,31.3 1 0
github.com/cryanbrow/eve-graphql-go/graph/data_access/esi/market/market_rest.go:33.68,36.3 2 0
github.com/cryanbrow/eve-graphql-go/graph/data_access/esi/market/market_rest.go:41.118,54.19 10 0
github.com/cryanbrow/eve-graphql-go/graph/data_access/esi/market/market_rest.go:61.2,65.16 3 0
github.com/cryanbrow/eve-graphql-go/graph/data_access/esi/market/market_rest.go:72.2,76.26 4 0
github.com/cryanbrow/eve-graphql-go/graph/data_access/esi/market/market_rest.go:54.19,59.3 4 0
github.com/cryanbrow/eve-graphql-go/graph/data_access/esi/market/market_rest.go:65.16,67.3 1 0
github.com/cryanbrow/eve-graphql-go/graph/data_access/esi/market/market_rest.go:67.8,70.3 2 0
github.com/cryanbrow/eve-graphql-go/graph/data_access/esi/market/market_rest.go:79.130,81.16 2 0
github.com/cryanbrow/eve-graphql-go/graph/data_access/esi/market/market_rest.go:84.2,85.16 2 0
github.com/cryanbrow/eve-graphql-go/graph/data_access/esi/market/market_rest.go:88.2,89.16 2 0
github.com/cryanbrow/eve-graphql-go/graph/data_access/esi/market/market_rest.go:93.2,93.20 1 0
github.com/cryanbrow/eve-graphql-go/graph/data_access/esi/market/market_rest.go:81.16,83.3 1 0
github.com/cryanbrow/eve-graphql-go/graph/data_access/esi/market/market_rest.go:85.16,87.3 1 0
github.com/cryanbrow/eve-graphql-go/graph/data_access/esi/market/market_rest.go:89.16,91.3 1 0
github.com/cryanbrow/eve-graphql-go/graph/data_access/esi/market/market_rest.go:96.133,101.16 5 0
github.com/cryanbrow/eve-graphql-go/graph/data_access/esi/market/market_rest.go:105.2,107.63 2 0
github.com/cryanbrow/eve-graphql-go/graph/data_access/esi/market/market_rest.go:112.2,112.27 1 0
github.com/cryanbrow/eve-graphql-go/graph/data_access/esi/market/market_rest.go:101.16,103.3 1 0
github.com/cryanbrow/eve-graphql-go/graph/data_access/esi/market/market_rest.go:107.63,110.3 2 0
github.com/cryanbrow/eve-graphql-go/graph/data_access/esi/market/market_rest.go:115.78,116.38 1 0
github.com/cryanbrow/eve-graphql-go/graph/data_access/esi/market/market_rest.go:119.2,125.16 6 0
github.com/cryanbrow/eve-graphql-go/graph/data_access/esi/market/market_rest.go:129.2,129.69 1 0
github.com/cryanbrow/eve-graphql-go/graph/data_access/esi/market/market_rest.go:134.2,134.26 1 0
github.com/cryanbrow/eve-graphql-go/graph/data_access/esi/market/market_rest.go:116.38,118.3 1 0
github.com/cryanbrow/eve-graphql-go/graph/data_access/esi/market/market_rest.go:125.16,127.3 1 0
github.com/cryanbrow/eve-graphql-go/graph/data_access/esi/market/market_rest.go:129.69,132.3 2 0
github.com/cryanbrow/eve-graphql-go/graph/data_access/esi/market/market_rest.go:145.24,147.2 1 0
github.com/cryanbrow/eve-graphql-go/graph/schema.resolvers.go:19.117,21.2 1 0
github.com/cryanbrow/eve-graphql-go/graph/schema.resolvers.go:23.104,25.2 1 0
github.com/cryanbrow/eve-graphql-go/graph/schema.resolvers.go:27.118,29.2 1 0
github.com/cryanbrow/eve-graphql-go/graph/schema.resolvers.go:31.102,33.2 1 0
github.com/cryanbrow/eve-graphql-go/graph/schema.resolvers.go:35.106,37.2 1 0
github.com/cryanbrow/eve-graphql-go/graph/schema.resolvers.go:39.109,41.2 1 0
github.com/cryanbrow/eve-graphql-go/graph/schema.resolvers.go:43.106,45.2 1 0
github.com/cryanbrow/eve-graphql-go/graph/schema.resolvers.go:47.106,49.2 1 0
github.com/cryanbrow/eve-graphql-go/graph/schema.resolvers.go:51.108,53.2 1 0
github.com/cryanbrow/eve-graphql-go/graph/schema.resolvers.go:55.112,57.2 1 0
github.com/cryanbrow/eve-graphql-go/graph/schema.resolvers.go:59.104,61.2 1 0
github.com/cryanbrow/eve-graphql-go/graph/schema.resolvers.go:63.98,65.2 1 0
github.com/cryanbrow/eve-graphql-go/graph/schema.resolvers.go:67.110,69.2 1 0
github.com/cryanbrow/eve-graphql-go/graph/schema.resolvers.go:71.118,73.2 1 0
github.com/cryanbrow/eve-graphql-go/graph/schema.resolvers.go:75.110,77.2 1 0
github.com/cryanbrow/eve-graphql-go/graph/schema.resolvers.go:79.106,81.2 1 0
github.com/cryanbrow/eve-graphql-go/graph/schema.resolvers.go:83.110,85.2 1 0
github.com/cryanbrow/eve-graphql-go/graph/schema.resolvers.go:87.108,89.2 1 0
github.com/cryanbrow/eve-graphql-go/graph/schema.resolvers.go:91.112,93.2 1 0
github.com/cryanbrow/eve-graphql-go/graph/schema.resolvers.go:95.130,97.2 1 0
github.com/cryanbrow/eve-graphql-go/graph/schema.resolvers.go:99.118,101.2 1 0
github.com/cryanbrow/eve-graphql-go/graph/schema.resolvers.go:103.146,105.2 1 0
github.com/cryanbrow/eve-graphql-go/graph/schema.resolvers.go:107.145,109.2 1 0
github.com/cryanbrow/eve-graphql-go/graph/schema.resolvers.go:111.144,113.2 1 0
github.com/cryanbrow/eve-graphql-go/graph/schema.resolvers.go:115.142,117.2 1 0
github.com/cryanbrow/eve-graphql-go/graph/schema.resolvers.go:119.150,121.2 1 0
github.com/cryanbrow/eve-graphql-go/graph/schema.resolvers.go:123.108,125.2 1 0
github.com/cryanbrow/eve-graphql-go/graph/schema.resolvers.go:127.115,129.2 1 0
github.com/cryanbrow/eve-graphql-go/graph/schema.resolvers.go:131.103,133.2 1 0
github.com/cryanbrow/eve-graphql-go/graph/schema.resolvers.go:135.98,137.2 1 0
github.com/cryanbrow/eve-graphql-go/graph/schema.resolvers.go:139.101,141.2 1 0
github.com/cryanbrow/eve-graphql-go/graph/schema.resolvers.go:143.103,145.2 1 0
github.com/cryanbrow/eve-graphql-go/graph/schema.resolvers.go:147.99,149.2 1 0
github.com/cryanbrow/eve-graphql-go/graph/schema.resolvers.go:151.111,153.2 1 0
github.com/cryanbrow/eve-graphql-go/graph/schema.resolvers.go:155.111,157.2 1 0
github.com/cryanbrow/eve-graphql-go/graph/schema.resolvers.go:159.117,161.2 1 0
github.com/cryanbrow/eve-graphql-go/graph/schema.resolvers.go:163.125,165.2 1 0
github.com/cryanbrow/eve-graphql-go/graph/schema.resolvers.go:167.126,169.2 1 0
github.com/cryanbrow/eve-graphql-go/graph/schema.resolvers.go:171.92,173.2 1 0
github.com/cryanbrow/eve-graphql-go/graph/schema.resolvers.go:175.97,177.2 1 0
github.com/cryanbrow/eve-graphql-go/graph/schema.resolvers.go:179.94,181.2 1 0
github.com/cryanbrow/eve-graphql-go/graph/schema.resolvers.go:183.98,185.2 1 0
github.com/cryanbrow/eve-graphql-go/graph/schema.resolvers.go:187.96,189.2 1 0
github.com/cryanbrow/eve-graphql-go/graph/schema.resolvers.go:191.100,193.2 1 0
github.com/cryanbrow/eve-graphql-go/graph/schema.resolvers.go:195.155,197.2 1 0
github.com/cryanbrow/eve-graphql-go/graph/schema.resolvers.go:199.167,201.2 1 0
github.com/cryanbrow/eve-graphql-go/graph/schema.resolvers.go:203.89,205.2 1 0
github.com/cryanbrow/eve-graphql-go/graph/schema.resolvers.go:207.91,209.2 1 0
github.com/cryanbrow/eve-graphql-go/graph/schema.resolvers.go:211.89,213.2 1 0
github.com/cryanbrow/eve-graphql-go/graph/schema.resolvers.go:215.99,217.2 1 0
github.com/cryanbrow/eve-graphql-go/graph/schema.resolvers.go:219.91,221.2 1 0
github.com/cryanbrow/eve-graphql-go/graph/schema.resolvers.go:223.118,225.2 1 0
github.com/cryanbrow/eve-graphql-go/graph/schema.resolvers.go:227.116,229.2 1 0
github.com/cryanbrow/eve-graphql-go/graph/schema.resolvers.go:231.97,233.2 1 0
github.com/cryanbrow/eve-graphql-go/graph/schema.resolvers.go:235.96,237.2 1 0
github.com/cryanbrow/eve-graphql-go/graph/schema.resolvers.go:239.104,241.2 1 0
github.com/cryanbrow/eve-graphql-go/graph/schema.resolvers.go:243.126,245.2 1 0
github.com/cryanbrow/eve-graphql-go/graph/schema.resolvers.go:247.122,249.2 1 0
github.com/cryanbrow/eve-graphql-go/graph/schema.resolvers.go:251.114,253.2 1 0
github.com/cryanbrow/eve-graphql-go/graph/schema.resolvers.go:255.94,257.2 1 0
github.com/cryanbrow/eve-graphql-go/graph/schema.resolvers.go:259.98,261.2 1 0
github.com/cryanbrow/eve-graphql-go/graph/schema.resolvers.go:263.105,265.2 1 0
github.com/cryanbrow/eve-graphql-go/graph/schema.resolvers.go:267.110,269.2 1 0
github.com/cryanbrow/eve-graphql-go/graph/schema.resolvers.go:271.92,273.2 1 0
github.com/cryanbrow/eve-graphql-go/graph/schema.resolvers.go:275.106,277.2 1 0
github.com/cryanbrow/eve-graphql-go/graph/schema.resolvers.go:279.104,281.2 1 0
github.com/cryanbrow/eve-graphql-go/graph/schema.resolvers.go:283.134,285.2 1 0
github.com/cryanbrow/eve-graphql-go/graph/schema.resolvers.go:287.114,289.2 1 0
github.com/cryanbrow/eve-graphql-go/graph/schema.resolvers.go:291.119,293.2 1 0
github.com/cryanbrow/eve-graphql-go/graph/schema.resolvers.go:296.58,296.89 1 0
github.com/cryanbrow/eve-graphql-go/graph/schema.resolvers.go:299.58,299.89 1 0
github.com/cryanbrow/eve-graphql-go/graph/schema.resolvers.go:302.68,302.104 1 0
github.com/cryanbrow/eve-graphql-go/graph/schema.resolvers.go:305.60,305.92 1 0
github.com/cryanbrow/eve-graphql-go/graph/schema.resolvers.go:308.68,308.104 1 0
github.com/cryanbrow/eve-graphql-go/graph/schema.resolvers.go:311.64,311.98 1 0
github.com/cryanbrow/eve-graphql-go/graph/schema.resolvers.go:314.72,316.2 1 0
github.com/cryanbrow/eve-graphql-go/graph/schema.resolvers.go:319.66,319.101 1 0
github.com/cryanbrow/eve-graphql-go/graph/schema.resolvers.go:322.80,324.2 1 0
github.com/cryanbrow/eve-graphql-go/graph/schema.resolvers.go:327.56,327.86 1 0
github.com/cryanbrow/eve-graphql-go/graph/schema.resolvers.go:330.52,330.80 1 0
github.com/cryanbrow/eve-graphql-go/graph/schema.resolvers.go:333.60,333.92 1 0
github.com/cryanbrow/eve-graphql-go/graph/schema.resolvers.go:336.66,336.101 1 0
github.com/cryanbrow/eve-graphql-go/graph/schema.resolvers.go:339.58,339.89 1 0
github.com/cryanbrow/eve-graphql-go/graph/schema.resolvers.go:342.50,342.77 1 0
github.com/cryanbrow/eve-graphql-go/graph/schema.resolvers.go:345.52,345.80 1 0
github.com/cryanbrow/eve-graphql-go/graph/schema.resolvers.go:348.54,348.83 1 0
github.com/cryanbrow/eve-graphql-go/graph/schema.resolvers.go:351.52,351.80 1 0
github.com/cryanbrow/eve-graphql-go/graph/schema.resolvers.go:354.54,354.83 1 0
github.com/cryanbrow/eve-graphql-go/graph/schema.resolvers.go:357.50,357.77 1 0
github.com/cryanbrow/eve-graphql-go/graph/schema.resolvers.go:360.58,360.89 1 0
github.com/cryanbrow/eve-graphql-go/graph/schema.resolvers.go:363.80,365.2 1 0
github.com/cryanbrow/eve-graphql-go/graph/schema.resolvers.go:368.56,368.86 1 0
github.com/cryanbrow/eve-graphql-go/graph/schema.resolvers.go:371.54,371.83 1 0
github.com/cryanbrow/eve-graphql-go/graph/schema.resolvers.go:374.68,374.104 1 0
github.com/cryanbrow/eve-graphql-go/graph/caching/redis_cache.go:17.61,20.16 3 0
github.com/cryanbrow/eve-graphql-go/graph/caching/redis_cache.go:27.2,27.26 1 0
github.com/cryanbrow/eve-graphql-go/graph/caching/redis_cache.go:20.16,21.42 1 0
github.com/cryanbrow/eve-graphql-go/graph/caching/redis_cache.go:21.42,23.4 1 0
github.com/cryanbrow/eve-graphql-go/graph/caching/redis_cache.go:23.9,25.4 1 0
github.com/cryanbrow/eve-graphql-go/graph/caching/redis_cache.go:30.71,33.16 3 0
github.com/cryanbrow/eve-graphql-go/graph/caching/redis_cache.go:37.2,38.16 2 0
github.com/cryanbrow/eve-graphql-go/graph/caching/redis_cache.go:33.16,36.3 2 0
github.com/cryanbrow/eve-graphql-go/graph/caching/redis_cache.go:38.16,39.42 1 0
github.com/cryanbrow/eve-graphql-go/graph/caching/redis_cache.go:39.42,43.4 3 0
github.com/cryanbrow/eve-graphql-go/graph/caching/redis_cache.go:43.9,45.4 1 0
github.com/cryanbrow/eve-graphql-go/graph/caching/redis_cache.go:49.29,56.2 1 0
github.com/cryanbrow/eve-graphql-go/graph/helpers/rest_helper.go:18.196,20.14 2 0
github.com/cryanbrow/eve-graphql-go/graph/helpers/rest_helper.go:62.2,62.25 1 0
github.com/cryanbrow/eve-graphql-go/graph/helpers/rest_helper.go:20.14,22.17 2 0
github.com/cryanbrow/eve-graphql-go/graph/helpers/rest_helper.go:26.3,27.70 2 0
github.com/cryanbrow/eve-graphql-go/graph/helpers/rest_helper.go:30.3,30.44 1 0
github.com/cryanbrow/eve-graphql-go/graph/helpers/rest_helper.go:34.3,39.17 5 0
github.com/cryanbrow/eve-graphql-go/graph/helpers/rest_helper.go:43.3,44.17 2 0
github.com/cryanbrow/eve-graphql-go/graph/helpers/rest_helper.go:49.3,51.33 3 0
github.com/cryanbrow/eve-graphql-go/graph/helpers/rest_helper.go:55.3,55.17 1 0
github.com/cryanbrow/eve-graphql-go/graph/helpers/rest_helper.go:59.3,60.31 2 0
github.com/cryanbrow/eve-graphql-go/graph/helpers/rest_helper.go:22.17,25.4 2 0
github.com/cryanbrow/eve-graphql-go/graph/helpers/rest_helper.go:27.70,29.4 1 0
github.com/cryanbrow/eve-graphql-go/graph/helpers/rest_helper.go:30.44,32.4 1 0
github.com/cryanbrow/eve-graphql-go/graph/helpers/rest_helper.go:39.17,42.4 2 0
github.com/cryanbrow/eve-graphql-go/graph/helpers/rest_helper.go:44.17,47.4 2 0
github.com/cryanbrow/eve-graphql-go/graph/helpers/rest_helper.go:51.33,54.4 2 0
github.com/cryanbrow/eve-graphql-go/graph/helpers/rest_helper.go:55.17,58.4 2 0
github.com/cryanbrow/eve-graphql-go/graph/helpers/rest_helper.go:79.24,82.2 2 0
github.com/cryanbrow/eve-graphql-go/graph/data_access/esi/universe/universe_rest.go:25.53,28.15 3 0
github.com/cryanbrow/eve-graphql-go/graph/data_access/esi/universe/universe_rest.go:32.2,33.14 2 0
github.com/cryanbrow/eve-graphql-go/graph/data_access/esi/universe/universe_rest.go:28.15,30.3 1 0
github.com/cryanbrow/eve-graphql-go/graph/data_access/esi/universe/universe_rest.go:33.14,35.17 2 0
github.com/cryanbrow/eve-graphql-go/graph/data_access/esi/universe/universe_rest.go:35.17,37.4 1 0
github.com/cryanbrow/eve-graphql-go/graph/data_access/esi/universe/universe_rest.go:37.9,39.4 1 0
github.com/cryanbrow/eve-graphql-go/graph/data_access/esi/universe/universe_rest.go:40.8,41.59 1 0
github.com/cryanbrow/eve-graphql-go/graph/data_access/esi/universe/universe_rest.go:41.59,44.4 2 0
github.com/cryanbrow/eve-graphql-go/graph/data_access/esi/universe/universe_rest.go:44.9,46.4 1 0
github.com/cryanbrow/eve-graphql-go/graph/data_access/esi/universe/universe_rest.go:50.56,58.16 7 0
github.com/cryanbrow/eve-graphql-go/graph/data_access/esi/universe/universe_rest.go:62.2,62.67 1 0
github.com/cryanbrow/eve-graphql-go/graph/data_access/esi/universe/universe_rest.go:66.2,66.38 1 0
github.com/cryanbrow/eve-graphql-go/graph/data_access/esi/universe/universe_rest.go:79.2,79.28 1 0
github.com/cryanbrow/eve-graphql-go/graph/data_access/esi/universe/universe_rest.go:58.16,60.3 1 0
github.com/cryanbrow/eve-graphql-go/graph/data_access/esi/universe/universe_rest.go:62.67,65.3 2 0
github.com/cryanbrow/eve-graphql-go/graph/data_access/esi/universe/universe_rest.go:66.38,68.26 2 0
github.com/cryanbrow/eve-graphql-go/graph/data_access/esi/universe/universe_rest.go:72.3,73.17 2 0
github.com/cryanbrow/eve-graphql-go/graph/data_access/esi/universe/universe_rest.go:68.26,71.4 2 0
github.com/cryanbrow/eve-graphql-go/graph/data_access/esi/universe/universe_rest.go:73.17,75.4 1 0
github.com/cryanbrow/eve-graphql-go/graph/data_access/esi/universe/universe_rest.go:75.9,77.4 1 0
github.com/cryanbrow/eve-graphql-go/graph/data_access/esi/universe/universe_rest.go:82.79,84.40 2 0
github.com/cryanbrow/eve-graphql-go/graph/data_access/esi/universe/universe_rest.go:92.2,93.33 2 0
github.com/cryanbrow/eve-graphql-go/graph/data_access/esi/universe/universe_rest.go:84.40,86.17 2 0
github.com/cryanbrow/eve-graphql-go/graph/data_access/esi/universe/universe_rest.go:86.17,88.4 1 0
github.com/cryanbrow/eve-graphql-go/graph/data_access/esi/universe/universe_rest.go:88.9,90.4 1 0
github.com/cryanbrow/eve-graphql-go/graph/data_access/esi/universe/universe_rest.go:96.61,98.15 2 0
github.com/cryanbrow/eve-graphql-go/graph/data_access/esi/universe/universe_rest.go:101.2,106.16 5 0
github.com/cryanbrow/eve-graphql-go/graph/data_access/esi/universe/universe_rest.go:109.2,111.69 2 0
github.com/cryanbrow/eve-graphql-go/graph/data_access/esi/universe/universe_rest.go:115.2,117.26 2 0
github.com/cryanbrow/eve-graphql-go/graph/data_access/esi/universe/universe_rest.go:98.15,100.3 1 0
github.com/cryanbrow/eve-graphql-go/graph/data_access/esi/universe/universe_rest.go:106.16,108.3 1 0
github.com/cryanbrow/eve-graphql-go/graph/data_access/esi/universe/universe_rest.go:111.69,114.3 2 0
github.com/cryanbrow/eve-graphql-go/graph/data_access/esi/universe/universe_rest.go:120.55,123.15 3 0
github.com/cryanbrow/eve-graphql-go/graph/data_access/esi/universe/universe_rest.go:127.2,128.14 2 0
github.com/cryanbrow/eve-graphql-go/graph/data_access/esi/universe/universe_rest.go:123.15,125.3 1 0
github.com/cryanbrow/eve-graphql-go/graph/data_access/esi/universe/universe_rest.go:128.14,130.17 2 0
github.com/cryanbrow/eve-graphql-go/graph/data_access/esi/universe/universe_rest.go:130.17,132.4 1 0
github.com/cryanbrow/eve-graphql-go/graph/data_access/esi/universe/universe_rest.go:132.9,134.4 1 0
github.com/cryanbrow/eve-graphql-go/graph/data_access/esi/universe/universe_rest.go:135.8,136.60 1 0
github.com/cryanbrow/eve-graphql-go/graph/data_access/esi/universe/universe_rest.go:136.60,139.4 2 0
github.com/cryanbrow/eve-graphql-go/graph/data_access/esi/universe/universe_rest.go:139.9,141.4 1 0
github.com/cryanbrow/eve-graphql-go/graph/data_access/esi/universe/universe_rest.go:145.58,153.16 7 0
github.com/cryanbrow/eve-graphql-go/graph/data_access/esi/universe/universe_rest.go:157.2,157.67 1 0
github.com/cryanbrow/eve-graphql-go/graph/data_access/esi/universe/universe_rest.go:161.2,161.39 1 0
github.com/cryanbrow/eve-graphql-go/graph/data_access/esi/universe/universe_rest.go:174.2,174.29 1 0
github.com/cryanbrow/eve-graphql-go/graph/data_access/esi/universe/universe_rest.go:153.16,155.3 1 0
github.com/cryanbrow/eve-graphql-go/graph/data_access/esi/universe/universe_rest.go:157.67,160.3 2 0
github.com/cryanbrow/eve-graphql-go/graph/data_access/esi/universe/universe_rest.go:161.39,163.36 2 0
github.com/cryanbrow/eve-graphql-go/graph/data_access/esi/universe/universe_rest.go:167.3,168.17 2 0
github.com/cryanbrow/eve-graphql-go/graph/data_access/esi/universe/universe_rest.go:163.36,166.4 2 0
github.com/cryanbrow/eve-graphql-go/graph/data_access/esi/universe/universe_rest.go:168.17,170.4 1 0
github.com/cryanbrow/eve-graphql-go/graph/data_access/esi/universe/universe_rest.go:170.9,172.4 1 0
github.com/cryanbrow/eve-graphql-go/graph/data_access/esi/universe/universe_rest.go:177.53,179.15 2 0
github.com/cryanbrow/eve-graphql-go/graph/data_access/esi/universe/universe_rest.go:182.2,187.16 5 0
github.com/cryanbrow/eve-graphql-go/graph/data_access/esi/universe/universe_rest.go:191.2,191.65 1 0
github.com/cryanbrow/eve-graphql-go/graph/data_access/esi/universe/universe_rest.go:196.2,196.22 1 0
github.com/cryanbrow/eve-graphql-go/graph/data_access/esi/universe/universe_rest.go:179.15,181.3 1 0
github.com/cryanbrow/eve-graphql-go/graph/data_access/esi/universe/universe_rest.go:187.16,189.3 1 0
github.com/cryanbrow/eve-graphql-go/graph/data_access/esi/universe/universe_rest.go:191.65,194.3 2 0
github.com/cryanbrow/eve-graphql-go/graph/data_access/esi/universe/universe_rest.go:199.70,201.30 2 0
github.com/cryanbrow/eve-graphql-go/graph/data_access/esi/universe/universe_rest.go:209.2,209.34 1 0
github.com/cryanbrow/eve-graphql-go/graph/data_access/esi/universe/universe_rest.go:201.30,203.17 2 0
github.com/cryanbrow/eve-graphql-go/graph/data_access/esi/universe/universe_rest.go:203.17,205.4 1 0
github.com/cryanbrow/eve-graphql-go/graph/data_access/esi/universe/universe_rest.go:205.9,207.4 1 0
github.com/cryanbrow/eve-graphql-go/graph/data_access/esi/universe/universe_rest.go:212.63,214.15 2 0
github.com/cryanbrow/eve-graphql-go/graph/data_access/esi/universe/universe_rest.go:217.2,222.16 5 0
github.com/cryanbrow/eve-graphql-go/graph/data_access/esi/universe/universe_rest.go:226.2,226.70 1 0
github.com/cryanbrow/eve-graphql-go/graph/data_access/esi/universe/universe_rest.go:231.2,231.27 1 0
github.com/cryanbrow/eve-graphql-go/graph/data_access/esi/universe/universe_rest.go:214.15,216.3 1 0
github.com/cryanbrow/eve-graphql-go/graph/data_access/esi/universe/universe_rest.go:222.16,224.3 1 0
github.com/cryanbrow/eve-graphql-go/graph/data_access/esi/universe/universe_rest.go:226.70,229.3 2 0
github.com/cryanbrow/eve-graphql-go/graph/data_access/esi/universe/universe_rest.go:234.51,236.15 2 0
github.com/cryanbrow/eve-graphql-go/graph/data_access/esi/universe/universe_rest.go:240.2,241.14 2 0
github.com/cryanbrow/eve-graphql-go/graph/data_access/esi/universe/universe_rest.go:236.15,238.3 1 0
github.com/cryanbrow/eve-graphql-go/graph/data_access/esi/universe/universe_rest.go:241.14,243.17 2 0
github.com/cryanbrow/eve-graphql-go/graph/data_access/esi/universe/universe_rest.go:243.17,245.4 1 0
github.com/cryanbrow/eve-graphql-go/graph/data_access/esi/universe/universe_rest.go:245.9,247.4 1 0
github.com/cryanbrow/eve-graphql-go/graph/data_access/esi/universe/universe_rest.go:248.8,249.58 1 0
github.com/cryanbrow/eve-graphql-go/graph/data_access/esi/universe/universe_rest.go:249.58,252.4 2 0
github.com/cryanbrow/eve-graphql-go/graph/data_access/esi/universe/universe_rest.go:252.9,254.4 1 0
github.com/cryanbrow/eve-graphql-go/graph/data_access/esi/universe/universe_rest.go:258.54,266.16 7 0
github.com/cryanbrow/eve-graphql-go/graph/data_access/esi/universe/universe_rest.go:270.2,270.65 1 0
github.com/cryanbrow/eve-graphql-go/graph/data_access/esi/universe/universe_rest.go:274.2,274.35 1 0
github.com/cryanbrow/eve-graphql-go/graph/data_access/esi/universe/universe_rest.go:287.2,287.27 1 0
github.com/cryanbrow/eve-graphql-go/graph/data_access/esi/universe/universe_rest.go:266.16,268.3 1 0
github.com/cryanbrow/eve-graphql-go/graph/data_access/esi/universe/universe_rest.go:270.65,273.3 2 0
github.com/cryanbrow/eve-graphql-go/graph/data_access/esi/universe/universe_rest.go:274.35,276.32 2 0
github.com/cryanbrow/eve-graphql-go/graph/data_access/esi/universe/universe_rest.go:280.3,281.17 2 0
github.com/cryanbrow/eve-graphql-go/graph/data_access/esi/universe/universe_rest.go:276.32,279.4 2 0
github.com/cryanbrow/eve-graphql-go/graph/data_access/esi/universe/universe_rest.go:281.17,283.4 1 0
github.com/cryanbrow/eve-graphql-go/graph/data_access/esi/universe/universe_rest.go:283.9,285.4 1 0
github.com/cryanbrow/eve-graphql-go/graph/data_access/esi/universe/universe_rest.go:290.51,292.15 2 0
github.com/cryanbrow/eve-graphql-go/graph/data_access/esi/universe/universe_rest.go:295.2,300.16 5 0
github.com/cryanbrow/eve-graphql-go/graph/data_access/esi/universe/universe_rest.go:304.2,304.64 1 0
github.com/cryanbrow/eve-graphql-go/graph/data_access/esi/universe/universe_rest.go:309.2,309.21 1 0
github.com/cryanbrow/eve-graphql-go/graph/data_access/esi/universe/universe_rest.go:292.15,294.3 1 0
github.com/cryanbrow/eve-graphql-go/graph/data_access/esi/universe/universe_rest.go:300.16,302.3 1 0
github.com/cryanbrow/eve-graphql-go/graph/data_access/esi/universe/universe_rest.go:304.64,307.3 2 0
github.com/cryanbrow/eve-graphql-go/graph/data_access/esi/universe/universe_rest.go:312.47,314.15 2 0
github.com/cryanbrow/eve-graphql-go/graph/data_access/esi/universe/universe_rest.go:317.2,322.16 5 0
github.com/cryanbrow/eve-graphql-go/graph/data_access/esi/universe/universe_rest.go:326.2,326.62 1 0
github.com/cryanbrow/eve-graphql-go/graph/data_access/esi/universe/universe_rest.go:331.2,331.19 1 0
github.com/cryanbrow/eve-graphql-go/graph/data_access/esi/universe/universe_rest.go:314.15,316.3 1 0
github.com/cryanbrow/eve-graphql-go/graph/data_access/esi/universe/universe_rest.go:322.16,324.3 1 0
github.com/cryanbrow/eve-graphql-go/graph/data_access/esi/universe/universe_rest.go:326.62,329.3 2 0
github.com/cryanbrow/eve-graphql-go/graph/data_access/esi/universe/universe_rest.go:334.60,337.17 3 0
github.com/cryanbrow/eve-graphql-go/graph/data_access/esi/universe/universe_rest.go:340.2,345.16 5 0
github.com/cryanbrow/eve-graphql-go/graph/data_access/esi/universe/universe_rest.go:350.2,351.16 2 0
github.com/cryanbrow/eve-graphql-go/graph/data_access/esi/universe/universe_rest.go:355.2,355.60 1 0
github.com/cryanbrow/eve-graphql-go/graph/data_access/esi/universe/universe_rest.go:360.2,360.18 1 0
github.com/cryanbrow/eve-graphql-go/graph/data_access/esi/universe/universe_rest.go:337.17,339.3 1 0
github.com/cryanbrow/eve-graphql-go/graph/data_access/esi/universe/universe_rest.go:345.16,348.3 2 0
github.com/cryanbrow/eve-graphql-go/graph/data_access/esi/universe/universe_rest.go:351.16,353.3 1 0
github.com/cryanbrow/eve-graphql-go/graph/data_access/esi/universe/universe_rest.go:355.60,358.3 2 0
github.com/cryanbrow/eve-graphql-go/graph/data_access/esi/universe/universe_rest.go:361.26,362.32 1 0
github.com/cryanbrow/eve-graphql-go/graph/data_access/esi/universe/universe_rest.go:363.29,364.35 1 0
github.com/cryanbrow/eve-graphql-go/graph/data_access/esi/universe/universe_rest.go:365.30,366.36 1 0
github.com/cryanbrow/eve-graphql-go/graph/data_access/esi/universe/universe_rest.go:367.34,368.40 1 0
github.com/cryanbrow/eve-graphql-go/graph/data_access/esi/universe/universe_rest.go:369.32,370.38 1 0
github.com/cryanbrow/eve-graphql-go/graph/data_access/esi/universe/universe_rest.go:371.28,372.34 1 0
github.com/cryanbrow/eve-graphql-go/graph/data_access/esi/universe/universe_rest.go:373.35,374.40 1 0
github.com/cryanbrow/eve-graphql-go/graph/data_access/esi/universe/universe_rest.go:375.27,376.33 1 0
github.com/cryanbrow/eve-graphql-go/graph/data_access/esi/universe/universe_rest.go:377.27,378.33 1 0
github.com/cryanbrow/eve-graphql-go/graph/data_access/esi/universe/universe_rest.go:379.10,380.41 1 0
github.com/cryanbrow/eve-graphql-go/graph/data_access/esi/universe/universe_rest.go:385.66,387.36 2 0
github.com/cryanbrow/eve-graphql-go/graph/data_access/esi/universe/universe_rest.go:395.2,395.29 1 0
github.com/cryanbrow/eve-graphql-go/graph/data_access/esi/universe/universe_rest.go:387.36,389.17 2 0
github.com/cryanbrow/eve-graphql-go/graph/data_access/esi/universe/universe_rest.go:389.17,391.4 1 0
github.com/cryanbrow/eve-graphql-go/graph/data_access/esi/universe/universe_rest.go:391.9,393.4 1 0
github.com/cryanbrow/eve-graphql-go/graph/data_access/esi/universe/universe_rest.go:398.53,400.15 2 0
github.com/cryanbrow/eve-graphql-go/graph/data_access/esi/universe/universe_rest.go:403.2,408.16 5 0
github.com/cryanbrow/eve-graphql-go/graph/data_access/esi/universe/universe_rest.go:412.2,412.65 1 0
github.com/cryanbrow/eve-graphql-go/graph/data_access/esi/universe/universe_rest.go:417.2,417.22 1 0
github.com/cryanbrow/eve-graphql-go/graph/data_access/esi/universe/universe_rest.go:400.15,402.3 1 0
github.com/cryanbrow/eve-graphql-go/graph/data_access/esi/universe/universe_rest.go:408.16,410.3 1 0
github.com/cryanbrow/eve-graphql-go/graph/data_access/esi/universe/universe_rest.go:412.65,415.3 2 0
github.com/cryanbrow/eve-graphql-go/graph/data_access/esi/universe/universe_rest.go:420.55,422.32 2 0
github.com/cryanbrow/eve-graphql-go/graph/data_access/esi/universe/universe_rest.go:430.2,430.25 1 0
github.com/cryanbrow/eve-graphql-go/graph/data_access/esi/universe/universe_rest.go:422.32,424.17 2 0
github.com/cryanbrow/eve-graphql-go/graph/data_access/esi/universe/universe_rest.go:424.17,426.4 1 0
github.com/cryanbrow/eve-graphql-go/graph/data_access/esi/universe/universe_rest.go:426.9,428.4 1 0
github.com/cryanbrow/eve-graphql-go/graph/data_access/esi/universe/universe_rest.go:433.45,435.15 2 0
github.com/cryanbrow/eve-graphql-go/graph/data_access/esi/universe/universe_rest.go:438.2,443.16 5 0
github.com/cryanbrow/eve-graphql-go/graph/data_access/esi/universe/universe_rest.go:447.2,447.61 1 0
github.com/cryanbrow/eve-graphql-go/graph/data_access/esi/universe/universe_rest.go:452.2,452.18 1 0
github.com/cryanbrow/eve-graphql-go/graph/data_access/esi/universe/universe_rest.go:435.15,437.3 1 0
github.com/cryanbrow/eve-graphql-go/graph/data_access/esi/universe/universe_rest.go:443.16,445.3 1 0
github.com/cryanbrow/eve-graphql-go/graph/data_access/esi/universe/universe_rest.go:447.61,450.3 2 0
github.com/cryanbrow/eve-graphql-go/graph/data_access/esi/universe/universe_rest.go:455.49,457.15 2 0
github.com/cryanbrow/eve-graphql-go/graph/data_access/esi/universe/universe_rest.go:460.2,465.16 5 0
github.com/cryanbrow/eve-graphql-go/graph/data_access/esi/universe/universe_rest.go:469.2,469.63 1 0
github.com/cryanbrow/eve-graphql-go/graph/data_access/esi/universe/universe_rest.go:474.2,474.20 1 0
github.com/cryanbrow/eve-graphql-go/graph/data_access/esi/universe/universe_rest.go:457.15,459.3 1 0
github.com/cryanbrow/eve-graphql-go/graph/data_access/esi/universe/universe_rest.go:465.16,467.3 1 0
github.com/cryanbrow/eve-graphql-go/graph/data_access/esi/universe/universe_rest.go:469.63,472.3 2 0
github.com/cryanbrow/eve-graphql-go/graph/data_access/esi/universe/universe_rest.go:477.45,480.15 3 0
github.com/cryanbrow/eve-graphql-go/graph/data_access/esi/universe/universe_rest.go:484.2,485.14 2 0
github.com/cryanbrow/eve-graphql-go/graph/data_access/esi/universe/universe_rest.go:480.15,482.3 1 0
github.com/cryanbrow/eve-graphql-go/graph/data_access/esi/universe/universe_rest.go:485.14,487.17 2 0
github.com/cryanbrow/eve-graphql-go/graph/data_access/esi/universe/universe_rest.go:487.17,489.4 1 0
github.com/cryanbrow/eve-graphql-go/graph/data_access/esi/universe/universe_rest.go:489.9,491.4 1 0
github.com/cryanbrow/eve-graphql-go/graph/data_access/esi/universe/universe_rest.go:492.8,493.55 1 0
github.com/cryanbrow/eve-graphql-go/graph/data_access/esi/universe/universe_rest.go:493.55,496.4 2 0
github.com/cryanbrow/eve-graphql-go/graph/data_access/esi/universe/universe_rest.go:496.9,498.4 1 0
github.com/cryanbrow/eve-graphql-go/graph/data_access/esi/universe/universe_rest.go:502.48,511.16 8 0
github.com/cryanbrow/eve-graphql-go/graph/data_access/esi/universe/universe_rest.go:515.2,515.62 1 0
github.com/cryanbrow/eve-graphql-go/graph/data_access/esi/universe/universe_rest.go:519.2,519.29 1 0
github.com/cryanbrow/eve-graphql-go/graph/data_access/esi/universe/universe_rest.go:532.2,532.24 1 0
github.com/cryanbrow/eve-graphql-go/graph/data_access/esi/universe/universe_rest.go:511.16,513.3 1 0
github.com/cryanbrow/eve-graphql-go/graph/data_access/esi/universe/universe_rest.go:515.62,518.3 2 0
github.com/cryanbrow/eve-graphql-go/graph/data_access/esi/universe/universe_rest.go:519.29,521.26 2 0
github.com/cryanbrow/eve-graphql-go/graph/data_access/esi/universe/universe_rest.go:525.3,526.17 2 0
github.com/cryanbrow/eve-graphql-go/graph/data_access/esi/universe/universe_rest.go:521.26,524.4 2 0
github.com/cryanbrow/eve-graphql-go/graph/data_access/esi/universe/universe_rest.go:526.17,528.4 1 0
github.com/cryanbrow/eve-graphql-go/graph/data_access/esi/universe/universe_rest.go:528.9,530.4 1 0
github.com/cryanbrow/eve-graphql-go/graph/data_access/esi/universe/universe_rest.go:535.49,537.15 2 0
github.com/cryanbrow/eve-graphql-go/graph/data_access/esi/universe/universe_rest.go:540.2,545.16 5 0
github.com/cryanbrow/eve-graphql-go/graph/data_access/esi/universe/universe_rest.go:549.2,549.63 1 0
github.com/cryanbrow/eve-graphql-go/graph/data_access/esi/universe/universe_rest.go:554.2,554.20 1 0
github.com/cryanbrow/eve-graphql-go/graph/data_access/esi/universe/universe_rest.go:537.15,539.3 1 0
github.com/cryanbrow/eve-graphql-go/graph/data_access/esi/universe/universe_rest.go:545.16,547.3 1 0
github.com/cryanbrow/eve-graphql-go/graph/data_access/esi/universe/universe_rest.go:549.63,552.3 2 0
github.com/cryanbrow/eve-graphql-go/graph/data_access/esi/universe/universe_rest.go:557.45,559.15 2 0
github.com/cryanbrow/eve-graphql-go/graph/data_access/esi/universe/universe_rest.go:562.2,567.16 5 0
github.com/cryanbrow/eve-graphql-go/graph/data_access/esi/universe/universe_rest.go:571.2,571.61 1 0
github.com/cryanbrow/eve-graphql-go/graph/data_access/esi/universe/universe_rest.go:576.2,576.18 1 0
github.com/cryanbrow/eve-graphql-go/graph/data_access/esi/universe/universe_rest.go:559.15,561.3 1 0
github.com/cryanbrow/eve-graphql-go/graph/data_access/esi/universe/universe_rest.go:567.16,569.3 1 0
github.com/cryanbrow/eve-graphql-go/graph/data_access/esi/universe/universe_rest.go:571.61,574.3 2 0
github.com/cryanbrow/eve-graphql-go/graph/data_access/esi/universe/universe_rest.go:579.67,581.36 2 0
github.com/cryanbrow/eve-graphql-go/graph/data_access/esi/universe/universe_rest.go:589.2,589.29 1 0
github.com/cryanbrow/eve-graphql-go/graph/data_access/esi/universe/universe_rest.go:581.36,583.17 2 0
github.com/cryanbrow/eve-graphql-go/graph/data_access/esi/universe/universe_rest.go:583.17,585.4 1 0
github.com/cryanbrow/eve-graphql-go/graph/data_access/esi/universe/universe_rest.go:585.9,587.4 1 0
github.com/cryanbrow/eve-graphql-go/graph/data_access/esi/universe/universe_rest.go:592.53,594.15 2 0
github.com/cryanbrow/eve-graphql-go/graph/data_access/esi/universe/universe_rest.go:597.2,602.16 5 0
github.com/cryanbrow/eve-graphql-go/graph/data_access/esi/universe/universe_rest.go:606.2,606.65 1 0
github.com/cryanbrow/eve-graphql-go/graph/data_access/esi/universe/universe_rest.go:611.2,611.22 1 0
github.com/cryanbrow/eve-graphql-go/graph/data_access/esi/universe/universe_rest.go:594.15,596.3 1 0
github.com/cryanbrow/eve-graphql-go/graph/data_access/esi/universe/universe_rest.go:602.16,604.3 1 0
github.com/cryanbrow/eve-graphql-go/graph/data_access/esi/universe/universe_rest.go:606.65,609.3 2 0
github.com/cryanbrow/eve-graphql-go/graph/data_access/esi/universe/universe_rest.go:614.59,616.30 2 0
github.com/cryanbrow/eve-graphql-go/graph/data_access/esi/universe/universe_rest.go:624.2,624.28 1 0
github.com/cryanbrow/eve-graphql-go/graph/data_access/esi/universe/universe_rest.go:616.30,618.17 2 0
github.com/cryanbrow/eve-graphql-go/graph/data_access/esi/universe/universe_rest.go:618.17,620.4 1 0
github.com/cryanbrow/eve-graphql-go/graph/data_access/esi/universe/universe_rest.go:620.9,622.4 1 0
github.com/cryanbrow/eve-graphql-go/graph/data_access/esi/universe/universe_rest.go:627.51,628.15 1 0
github.com/cryanbrow/eve-graphql-go/graph/data_access/esi/universe/universe_rest.go:631.2,631.22 1 0
github.com/cryanbrow/eve-graphql-go/graph/data_access/esi/universe/universe_rest.go:634.2,640.16 6 0
github.com/cryanbrow/eve-graphql-go/graph/data_access/esi/universe/universe_rest.go:644.2,644.64 1 0
github.com/cryanbrow/eve-graphql-go/graph/data_access/esi/universe/universe_rest.go:649.2,649.21 1 0
github.com/cryanbrow/eve-graphql-go/graph/data_access/esi/universe/universe_rest.go:628.15,630.3 1 0
github.com/cryanbrow/eve-graphql-go/graph/data_access/esi/universe/universe_rest.go:631.22,633.3 1 0
github.com/cryanbrow/eve-graphql-go/graph/data_access/esi/universe/universe_rest.go:640.16,642.3 1 0
github.com/cryanbrow/eve-graphql-go/graph/data_access/esi/universe/universe_rest.go:644.64,647.3 2 0
github.com/cryanbrow/eve-graphql-go/graph/data_access/esi/universe/universe_rest.go:652.57,654.30 2 0
github.com/cryanbrow/eve-graphql-go/graph/data_access/esi/universe/universe_rest.go:662.2,662.27 1 0
github.com/cryanbrow/eve-graphql-go/graph/data_access/esi/universe/universe_rest.go:654.30,656.17 2 0
github.com/cryanbrow/eve-graphql-go/graph/data_access/esi/universe/universe_rest.go:656.17,658.4 1 0
github.com/cryanbrow/eve-graphql-go/graph/data_access/esi/universe/universe_rest.go:658.9,660.4 1 0
github.com/cryanbrow/eve-graphql-go/graph/data_access/esi/universe/universe_rest.go:665.49,666.15 1 0
github.com/cryanbrow/eve-graphql-go/graph/data_access/esi/universe/universe_rest.go:669.2,675.16 6 0
github.com/cryanbrow/eve-graphql-go/graph/data_access/esi/universe/universe_rest.go:679.2,679.63 1 0
github.com/cryanbrow/eve-graphql-go/graph/data_access/esi/universe/universe_rest.go:684.2,684.20 1 0
github.com/cryanbrow/eve-graphql-go/graph/data_access/esi/universe/universe_rest.go:666.15,668.3 1 0
github.com/cryanbrow/eve-graphql-go/graph/data_access/esi/universe/universe_rest.go:675.16,677.3 1 0
github.com/cryanbrow/eve-graphql-go/graph/data_access/esi/universe/universe_rest.go:679.63,682.3 2 0
github.com/cryanbrow/eve-graphql-go/graph/data_access/esi/universe/universe_rest.go:697.26,700.2 2 0
github.com/cryanbrow/eve-graphql-go/graph/data_access/esi/alliance/alliance_rest.go:17.53,19.15 2 4
github.com/cryanbrow/eve-graphql-go/graph/data_access/esi/alliance/alliance_rest.go:22.2,27.16 5 3
github.com/cryanbrow/eve-graphql-go/graph/data_access/esi/alliance/alliance_rest.go:31.2,31.65 1 2
github.com/cryanbrow/eve-graphql-go/graph/data_access/esi/alliance/alliance_rest.go:36.2,36.22 1 1
github.com/cryanbrow/eve-graphql-go/graph/data_access/esi/alliance/alliance_rest.go:19.15,21.3 1 1
github.com/cryanbrow/eve-graphql-go/graph/data_access/esi/alliance/alliance_rest.go:27.16,29.3 1 1
github.com/cryanbrow/eve-graphql-go/graph/data_access/esi/alliance/alliance_rest.go:31.65,34.3 2 1
github.com/cryanbrow/eve-graphql-go/graph/data_access/esi/alliance/alliance_rest.go:47.26,49.2 1 0
github.com/cryanbrow/eve-graphql-go/graph/configuration/app_config.go:40.17,43.26 3 0
github.com/cryanbrow/eve-graphql-go/graph/configuration/app_config.go:49.2,49.16 1 0
github.com/cryanbrow/eve-graphql-go/graph/configuration/app_config.go:52.2,56.16 4 0
github.com/cryanbrow/eve-graphql-go/graph/configuration/app_config.go:43.26,45.3 1 0
github.com/cryanbrow/eve-graphql-go/graph/configuration/app_config.go:45.8,48.3 2 0
github.com/cryanbrow/eve-graphql-go/graph/configuration/app_config.go:49.16,51.3 1 0
github.com/cryanbrow/eve-graphql-go/graph/configuration/app_config.go:56.16,58.3 1 0
github.com/cryanbrow/eve-graphql-go/graph/configuration/app_config.go:61.16,63.16 2 0
github.com/cryanbrow/eve-graphql-go/graph/configuration/app_config.go:63.16,65.3 1 0
github.com/cryanbrow/eve-graphql-go/graph/configuration/app_config.go:68.30,71.2 2 0
github.com/cryanbrow/eve-graphql-go/graph/configuration/app_config.go:73.21,77.2 3 0
github.com/cryanbrow/eve-graphql-go/graph/configuration/app_config.go:79.26,83.2 3 0
github.com/cryanbrow/eve-graphql-go/graph/data_access/esi/corporation/corporation_rest.go:17.59,19.15 2 0
github.com/cryanbrow/eve-graphql-go/graph/data_access/esi/corporation/corporation_rest.go:22.2,27.16 5 0
github.com/cryanbrow/eve-graphql-go/graph/data_access/esi/corporation/corporation_rest.go:31.2,31.68 1 0
github.com/cryanbrow/eve-graphql-go/graph/data_access/esi/corporation/corporation_rest.go:36.2,36.25 1 0
github.com/cryanbrow/eve-graphql-go/graph/data_access/esi/corporation/corporation_rest.go:19.15,21.3 1 0
github.com/cryanbrow/eve-graphql-go/graph/data_access/esi/corporation/corporation_rest.go:27.16,29.3 1 0
github.com/cryanbrow/eve-graphql-go/graph/data_access/esi/corporation/corporation_rest.go:31.68,34.3 2 0
github.com/cryanbrow/eve-graphql-go/graph/data_access/esi/corporation/corporation_rest.go:47.29,49.2 1 0
github.com/cryanbrow/eve-graphql-go/graph/data_access/esi/dogma/dogma_rest.go:17.71,19.15 2 0
github.com/cryanbrow/eve-graphql-go/graph/data_access/esi/dogma/dogma_rest.go:22.2,27.16 5 0
github.com/cryanbrow/eve-graphql-go/graph/data_access/esi/dogma/dogma_rest.go:31.2,31.71 1 0
github.com/cryanbrow/eve-graphql-go/graph/data_access/esi/dogma/dogma_rest.go:36.2,36.28 1 0
github.com/cryanbrow/eve-graphql-go/graph/data_access/esi/dogma/dogma_rest.go:19.15,21.3 1 0
github.com/cryanbrow/eve-graphql-go/graph/data_access/esi/dogma/dogma_rest.go:27.16,29.3 1 0
github.com/cryanbrow/eve-graphql-go/graph/data_access/esi/dogma/dogma_rest.go:31.71,34.3 2 0
github.com/cryanbrow/eve-graphql-go/graph/data_access/esi/dogma/dogma_rest.go:39.65,41.15 2 0
github.com/cryanbrow/eve-graphql-go/graph/data_access/esi/dogma/dogma_rest.go:44.2,49.16 5 0
github.com/cryanbrow/eve-graphql-go/graph/data_access/esi/dogma/dogma_rest.go:53.2,53.68 1 0
github.com/cryanbrow/eve-graphql-go/graph/data_access/esi/dogma/dogma_rest.go:58.2,58.25 1 0
github.com/cryanbrow/eve-graphql-go/graph/data_access/esi/dogma/dogma_rest.go:41.15,43.3 1 0
github.com/cryanbrow/eve-graphql-go/graph/data_access/esi/dogma/dogma_rest.go:49.16,51.3 1 0
github.com/cryanbrow/eve-graphql-go/graph/data_access/esi/dogma/dogma_rest.go:53.68,56.3 2 0
github.com/cryanbrow/eve-graphql-go/graph/data_access/esi/dogma/dogma_rest.go:69.23,71.2 1 0
github.com/cryanbrow/eve-graphql-go/graph/data_access/esi/market/market_rest.go:19.59,21.15 2 0
github.com/cryanbrow/eve-graphql-go/graph/data_access/esi/market/market_rest.go:24.2,29.16 5 0
github.com/cryanbrow/eve-graphql-go/graph/data_access/esi/market/market_rest.go:33.2,33.68 1 0
github.com/cryanbrow/eve-graphql-go/graph/data_access/esi/market/market_rest.go:38.2,38.25 1 0
github.com/cryanbrow/eve-graphql-go/graph/data_access/esi/market/market_rest.go:21.15,23.3 1 0
github.com/cryanbrow/eve-graphql-go/graph/data_access/esi/market/market_rest.go:29.16,31.3 1 0
github.com/cryanbrow/eve-graphql-go/graph/data_access/esi/market/market_rest.go:33.68,36.3 2 0
github.com/cryanbrow/eve-graphql-go/graph/data_access/esi/market/market_rest.go:41.118,54.19 10 0
github.com/cryanbrow/eve-graphql-go/graph/data_access/esi/market/market_rest.go:61.2,65.16 3 0
github.com/cryanbrow/eve-graphql-go/graph/data_access/esi/market/market_rest.go:72.2,76.26 4 0
github.com/cryanbrow/eve-graphql-go/graph/data_access/esi/market/market_rest.go:54.19,59.3 4 0
github.com/cryanbrow/eve-graphql-go/graph/data_access/esi/market/market_rest.go:65.16,67.3 1 0
github.com/cryanbrow/eve-graphql-go/graph/data_access/esi/market/market_rest.go:67.8,70.3 2 0
github.com/cryanbrow/eve-graphql-go/graph/data_access/esi/market/market_rest.go:79.130,81.16 2 0
github.com/cryanbrow/eve-graphql-go/graph/data_access/esi/market/market_rest.go:84.2,85.16 2 0
github.com/cryanbrow/eve-graphql-go/graph/data_access/esi/market/market_rest.go:88.2,89.16 2 0
github.com/cryanbrow/eve-graphql-go/graph/data_access/esi/market/market_rest.go:93.2,93.20 1 0
github.com/cryanbrow/eve-graphql-go/graph/data_access/esi/market/market_rest.go:81.16,83.3 1 0
github.com/cryanbrow/eve-graphql-go/graph/data_access/esi/market/market_rest.go:85.16,87.3 1 0
github.com/cryanbrow/eve-graphql-go/graph/data_access/esi/market/market_rest.go:89.16,91.3 1 0
github.com/cryanbrow/eve-graphql-go/graph/data_access/esi/market/market_rest.go:96.133,101.16 5 0
github.com/cryanbrow/eve-graphql-go/graph/data_access/esi/market/market_rest.go:105.2,107.63 2 0
github.com/cryanbrow/eve-graphql-go/graph/data_access/esi/market/market_rest.go:112.2,112.27 1 0
github.com/cryanbrow/eve-graphql-go/graph/data_access/esi/market/market_rest.go:101.16,103.3 1 0
github.com/cryanbrow/eve-graphql-go/graph/data_access/esi/market/market_rest.go:107.63,110.3 2 0
github.com/cryanbrow/eve-graphql-go/graph/data_access/esi/market/market_rest.go:115.78,116.38 1 0
github.com/cryanbrow/eve-graphql-go/graph/data_access/esi/market/market_rest.go:119.2,125.16 6 0
github.com/cryanbrow/eve-graphql-go/graph/data_access/esi/market/market_rest.go:129.2,129.69 1 0
github.com/cryanbrow/eve-graphql-go/graph/data_access/esi/market/market_rest.go:134.2,134.26 1 0
github.com/cryanbrow/eve-graphql-go/graph/data_access/esi/market/market_rest.go:116.38,118.3 1 0
github.com/cryanbrow/eve-graphql-go/graph/data_access/esi/market/market_rest.go:125.16,127.3 1 0
github.com/cryanbrow/eve-graphql-go/graph/data_access/esi/market/market_rest.go:129.69,132.3 2 0
github.com/cryanbrow/eve-graphql-go/graph/data_access/esi/market/market_rest.go:145.24,147.2 1 0
github.com/cryanbrow/eve-graphql-go/server.go:34.13,37.16 3 0
github.com/cryanbrow/eve-graphql-go/server.go:41.2,46.75 4 0
github.com/cryanbrow/eve-graphql-go/server.go:67.2,70.49 3 0
github.com/cryanbrow/eve-graphql-go/server.go:37.16,39.3 1 0
github.com/cryanbrow/eve-graphql-go/server.go:46.75,48.10 2 0
github.com/cryanbrow/eve-graphql-go/server.go:52.3,53.17 2 0
github.com/cryanbrow/eve-graphql-go/server.go:58.3,63.51 4 0
github.com/cryanbrow/eve-graphql-go/server.go:48.10,51.4 2 0
github.com/cryanbrow/eve-graphql-go/server.go:53.17,57.4 3 0
github.com/cryanbrow/eve-graphql-go/server.go:63.51,65.4 1 0
github.com/cryanbrow/eve-graphql-go/server.go:73.26,84.2 10 0
github.com/cryanbrow/eve-graphql-go/graph/helpers/time_helper.go:10.43,13.16 3 0
github.com/cryanbrow/eve-graphql-go/graph/helpers/time_helper.go:18.2,19.53 2 0
github.com/cryanbrow/eve-graphql-go/graph/helpers/time_helper.go:13.16,16.3 2 0
github.com/cryanbrow/eve-graphql-go/graph/data_access/esi/alliance/alliance_rest.go:17.53,19.15 2 0
github.com/cryanbrow/eve-graphql-go/graph/data_access/esi/alliance/alliance_rest.go:22.2,27.16 5 0
github.com/cryanbrow/eve-graphql-go/graph/data_access/esi/alliance/alliance_rest.go:31.2,31.65 1 0
github.com/cryanbrow/eve-graphql-go/graph/data_access/esi/alliance/alliance_rest.go:36.2,36.22 1 0
github.com/cryanbrow/eve-graphql-go/graph/data_access/esi/alliance/alliance_rest.go:19.15,21.3 1 0
github.com/cryanbrow/eve-graphql-go/graph/data_access/esi/alliance/alliance_rest.go:27.16,29.3 1 0
github.com/cryanbrow/eve-graphql-go/graph/data_access/esi/alliance/alliance_rest.go:31.65,34.3 2 0
github.com/cryanbrow/eve-graphql-go/graph/data_access/esi/alliance/alliance_rest.go:47.26,49.2 1 0
github.com/cryanbrow/eve-graphql-go/graph/schema.resolvers.go:19.117,21.2 1 0
github.com/cryanbrow/eve-graphql-go/graph/schema.resolvers.go:23.104,25.2 1 0
github.com/cryanbrow/eve-graphql-go/graph/schema.resolvers.go:27.118,29.2 1 0
github.com/cryanbrow/eve-graphql-go/graph/schema.resolvers.go:31.102,33.2 1 0
github.com/cryanbrow/eve-graphql-go/graph/schema.resolvers.go:35.106,37.2 1 0
github.com/cryanbrow/eve-graphql-go/graph/schema.resolvers.go:39.109,41.2 1 0
github.com/cryanbrow/eve-graphql-go/graph/schema.resolvers.go:43.106,45.2 1 0
github.com/cryanbrow/eve-graphql-go/graph/schema.resolvers.go:47.106,49.2 1 0
github.com/cryanbrow/eve-graphql-go/graph/schema.resolvers.go:51.108,53.2 1 0
github.com/cryanbrow/eve-graphql-go/graph/schema.resolvers.go:55.112,57.2 1 0
github.com/cryanbrow/eve-graphql-go/graph/schema.resolvers.go:59.104,61.2 1 0
github.com/cryanbrow/eve-graphql-go/graph/schema.resolvers.go:63.98,65.2 1 0
github.com/cryanbrow/eve-graphql-go/graph/schema.resolvers.go:67.110,69.2 1 0
github.com/cryanbrow/eve-graphql-go/graph/schema.resolvers.go:71.118,73.2 1 0
github.com/cryanbrow/eve-graphql-go/graph/schema.resolvers.go:75.110,77.2 1 0
github.com/cryanbrow/eve-graphql-go/graph/schema.resolvers.go:79.106,81.2 1 0
github.com/cryanbrow/eve-graphql-go/graph/schema.resolvers.go:83.110,85.2 1 0
github.com/cryanbrow/eve-graphql-go/graph/schema.resolvers.go:87.108,89.2 1 0
github.com/cryanbrow/eve-graphql-go/graph/schema.resolvers.go:91.112,93.2 1 0
github.com/cryanbrow/eve-graphql-go/graph/schema.resolvers.go:95.130,97.2 1 0
github.com/cryanbrow/eve-graphql-go/graph/schema.resolvers.go:99.118,101.2 1 0
github.com/cryanbrow/eve-graphql-go/graph/schema.resolvers.go:103.146,105.2 1 0
github.com/cryanbrow/eve-graphql-go/graph/schema.resolvers.go:107.145,109.2 1 0
github.com/cryanbrow/eve-graphql-go/graph/schema.resolvers.go:111.144,113.2 1 0
github.com/cryanbrow/eve-graphql-go/graph/schema.resolvers.go:115.142,117.2 1 0
github.com/cryanbrow/eve-graphql-go/graph/schema.resolvers.go:119.150,121.2 1 0
github.com/cryanbrow/eve-graphql-go/graph/schema.resolvers.go:123.108,125.2 1 0
github.com/cryanbrow/eve-graphql-go/graph/schema.resolvers.go:127.115,129.2 1 0
github.com/cryanbrow/eve-graphql-go/graph/schema.resolvers.go:131.103,133.2 1 0
github.com/cryanbrow/eve-graphql-go/graph/schema.resolvers.go:135.98,137.2 1 0
github.com/cryanbrow/eve-graphql-go/graph/schema.resolvers.go:139.101,141.2 1 0
github.com/cryanbrow/eve-graphql-go/graph/schema.resolvers.go:143.103,145.2 1 0
github.com/cryanbrow/eve-graphql-go/graph/schema.resolvers.go:147.99,149.2 1 0
github.com/cryanbrow/eve-graphql-go/graph/schema.resolvers.go:151.111,153.2 1 0
github.com/cryanbrow/eve-graphql-go/graph/schema.resolvers.go:155.111,157.2 1 0
github.com/cryanbrow/eve-graphql-go/graph/schema.resolvers.go:159.117,161.2 1 0
github.com/cryanbrow/eve-graphql-go/graph/schema.resolvers.go:163.125,165.2 1 0
github.com/cryanbrow/eve-graphql-go/graph/schema.resolvers.go:167.126,169.2 1 0
github.com/cryanbrow/eve-graphql-go/graph/schema.resolvers.go:171.92,173.2 1 0
github.com/cryanbrow/eve-graphql-go/graph/schema.resolvers.go:175.97,177.2 1 0
github.com/cryanbrow/eve-graphql-go/graph/schema.resolvers.go:179.94,181.2 1 0
github.com/cryanbrow/eve-graphql-go/graph/schema.resolvers.go:183.98,185.2 1 0
github.com/cryanbrow/eve-graphql-go/graph/schema.resolvers.go:187.96,189.2 1 0
github.com/cryanbrow/eve-graphql-go/graph/schema.resolvers.go:191.100,193.2 1 0
github.com/cryanbrow/eve-graphql-go/graph/schema.resolvers.go:195.155,197.2 1 0
github.com/cryanbrow/eve-graphql-go/graph/schema.resolvers.go:199.167,201.2 1 0
github.com/cryanbrow/eve-graphql-go/graph/schema.resolvers.go:203.89,205.2 1 0
github.com/cryanbrow/eve-graphql-go/graph/schema.resolvers.go:207.91,209.2 1 0
github.com/cryanbrow/eve-graphql-go/graph/schema.resolvers.go:211.89,213.2 1 0
github.com/cryanbrow/eve-graphql-go/graph/schema.resolvers.go:215.99,217.2 1 0
github.com/cryanbrow/eve-graphql-go/graph/schema.resolvers.go:219.91,221.2 1 0
github.com/cryanbrow/eve-graphql-go/graph/schema.resolvers.go:223.118,225.2 1 0
github.com/cryanbrow/eve-graphql-go/graph/schema.resolvers.go:227.116,229.2 1 0
github.com/cryanbrow/eve-graphql-go/graph/schema.resolvers.go:231.97,233.2 1 0
github.com/cryanbrow/eve-graphql-go/graph/schema.resolvers.go:235.96,237.2 1 0
github.com/cryanbrow/eve-graphql-go/graph/schema.resolvers.go:239.104,241.2 1 0
github.com/cryanbrow/eve-graphql-go/graph/schema.resolvers.go:243.126,245.2 1 0
github.com/cryanbrow/eve-graphql-go/graph/schema.resolvers.go:247.122,249.2 1 0
github.com/cryanbrow/eve-graphql-go/graph/schema.resolvers.go:251.114,253.2 1 0
github.com/cryanbrow/eve-graphql-go/graph/schema.resolvers.go:255.94,257.2 1 0
github.com/cryanbrow/eve-graphql-go/graph/schema.resolvers.go:259.98,261.2 1 0
github.com/cryanbrow/eve-graphql-go/graph/schema.resolvers.go:263.105,265.2 1 0
github.com/cryanbrow/eve-graphql-go/graph/schema.resolvers.go:267.110,269.2 1 0
github.com/cryanbrow/eve-graphql-go/graph/schema.resolvers.go:271.92,273.2 1 0
github.com/cryanbrow/eve-graphql-go/graph/schema.resolvers.go:275.106,277.2 1 0
github.com/cryanbrow/eve-graphql-go/graph/schema.resolvers.go:279.104,281.2 1 0
github.com/cryanbrow/eve-graphql-go/graph/schema.resolvers.go:283.134,285.2 1 0
github.com/cryanbrow/eve-graphql-go/graph/schema.resolvers.go:287.114,289.2 1 0
github.com/cryanbrow/eve-graphql-go/graph/schema.resolvers.go:291.119,293.2 1 0
github.com/cryanbrow/eve-graphql-go/graph/schema.resolvers.go:296.58,296.89 1 0
github.com/cryanbrow/eve-graphql-go/graph/schema.resolvers.go:299.58,299.89 1 0
github.com/cryanbrow/eve-graphql-go/graph/schema.resolvers.go:302.68,302.104 1 0
github.com/cryanbrow/eve-graphql-go/graph/schema.resolvers.go:305.60,305.92 1 0
github.com/cryanbrow/eve-graphql-go/graph/schema.resolvers.go:308.68,308.104 1 0
github.com/cryanbrow/eve-graphql-go/graph/schema.resolvers.go:311.64,311.98 1 0
github.com/cryanbrow/eve-graphql-go/graph/schema.resolvers.go:314.72,316.2 1 0
github.com/cryanbrow/eve-graphql-go/graph/schema.resolvers.go:319.66,319.101 1 0
github.com/cryanbrow/eve-graphql-go/graph/schema.resolvers.go:322.80,324.2 1 0
github.com/cryanbrow/eve-graphql-go/graph/schema.resolvers.go:327.56,327.86 1 0
github.com/cryanbrow/eve-graphql-go/graph/schema.resolvers.go:330.52,330.80 1 0
github.com/cryanbrow/eve-graphql-go/graph/schema.resolvers.go:333.60,333.92 1 0
github.com/cryanbrow/eve-graphql-go/graph/schema.resolvers.go:336.66,336.101 1 0
github.com/cryanbrow/eve-graphql-go/graph/schema.resolvers.go:339.58,339.89 1 0
github.com/cryanbrow/eve-graphql-go/graph/schema.resolvers.go:342.50,342.77 1 0
github.com/cryanbrow/eve-graphql-go/graph/schema.resolvers.go:345.52,345.80 1 0
github.com/cryanbrow/eve-graphql-go/graph/schema.resolvers.go:348.54,348.83 1 0
github.com/cryanbrow/eve-graphql-go/graph/schema.resolvers.go:351.52,351.80 1 0
github.com/cryanbrow/eve-graphql-go/graph/schema.resolvers.go:354.54,354.83 1 0
github.com/cryanbrow/eve-graphql-go/graph/schema.resolvers.go:357.50,357.77 1 0
github.com/cryanbrow/eve-graphql-go/graph/schema.resolvers.go:360.58,360.89 1 0
github.com/cryanbrow/eve-graphql-go/graph/schema.resolvers.go:363.80,365.2 1 0
github.com/cryanbrow/eve-graphql-go/graph/schema.resolvers.go:368.56,368.86 1 0
github.com/cryanbrow/eve-graphql-go/graph/schema.resolvers.go:371.54,371.83 1 0
github.com/cryanbrow/eve-graphql-go/graph/schema.resolvers.go:374.68,374.104 1 0
github.com/cryanbrow/eve-graphql-go/graph/data_access/esi/corporation/corporation_rest.go:17.59,19.15 2 0
github.com/cryanbrow/eve-graphql-go/graph/data_access/esi/corporation/corporation_rest.go:22.2,27.16 5 0
github.com/cryanbrow/eve-graphql-go/graph/data_access/esi/corporation/corporation_rest.go:31.2,31.68 1 0
github.com/cryanbrow/eve-graphql-go/graph/data_access/esi/corporation/corporation_rest.go:36.2,36.25 1 0
github.com/cryanbrow/eve-graphql-go/graph/data_access/esi/corporation/corporation_rest.go:19.15,21.3 1 0
github.com/cryanbrow/eve-graphql-go/graph/data_access/esi/corporation/corporation_rest.go:27.16,29.3 1 0
github.com/cryanbrow/eve-graphql-go/graph/data_access/esi/corporation/corporation_rest.go:31.68,34.3 2 0
github.com/cryanbrow/eve-graphql-go/graph/data_access/esi/corporation/corporation_rest.go:47.29,49.2 1 0
github.com/cryanbrow/eve-graphql-go/graph/data_access/esi/universe/universe_rest.go:25.53,28.15 3 0
github.com/cryanbrow/eve-graphql-go/graph/data_access/esi/universe/universe_rest.go:32.2,33.14 2 0
github.com/cryanbrow/eve-graphql-go/graph/data_access/esi/universe/universe_rest.go:28.15,30.3 1 0
github.com/cryanbrow/eve-graphql-go/graph/data_access/esi/universe/universe_rest.go:33.14,35.17 2 0
github.com/cryanbrow/eve-graphql-go/graph/data_access/esi/universe/universe_rest.go:35.17,37.4 1 0
github.com/cryanbrow/eve-graphql-go/graph/data_access/esi/universe/universe_rest.go:37.9,39.4 1 0
github.com/cryanbrow/eve-graphql-go/graph/data_access/esi/universe/universe_rest.go:40.8,41.59 1 0
github.com/cryanbrow/eve-graphql-go/graph/data_access/esi/universe/universe_rest.go:41.59,44.4 2 0
github.com/cryanbrow/eve-graphql-go/graph/data_access/esi/universe/universe_rest.go:44.9,46.4 1 0
github.com/cryanbrow/eve-graphql-go/graph/data_access/esi/universe/universe_rest.go:50.56,58.16 7 0
github.com/cryanbrow/eve-graphql-go/graph/data_access/esi/universe/universe_rest.go:62.2,62.67 1 0
github.com/cryanbrow/eve-graphql-go/graph/data_access/esi/universe/universe_rest.go:66.2,66.38 1 0
github.com/cryanbrow/eve-graphql-go/graph/data_access/esi/universe/universe_rest.go:79.2,79.28 1 0
github.com/cryanbrow/eve-graphql-go/graph/data_access/esi/universe/universe_rest.go:58.16,60.3 1 0
github.com/cryanbrow/eve-graphql-go/graph/data_access/esi/universe/universe_rest.go:62.67,65.3 2 0
github.com/cryanbrow/eve-graphql-go/graph/data_access/esi/universe/universe_rest.go:66.38,68.26 2 0
github.com/cryanbrow/eve-graphql-go/graph/data_access/esi/universe/universe_rest.go:72.3,73.17 2 0
github.com/cryanbrow/eve-graphql-go/graph/data_access/esi/universe/universe_rest.go:68.26,71.4 2 0
github.com/cryanbrow/eve-graphql-go/graph/data_access/esi/universe/universe_rest.go:73.17,75.4 1 0
github.com/cryanbrow/eve-graphql-go/graph/data_access/esi/universe/universe_rest.go:75.9,77.4 1 0
github.com/cryanbrow/eve-graphql-go/graph/data_access/esi/universe/universe_rest.go:82.79,84.40 2 0
github.com/cryanbrow/eve-graphql-go/graph/data_access/esi/universe/universe_rest.go:92.2,93.33 2 0
github.com/cryanbrow/eve-graphql-go/graph/data_access/esi/universe/universe_rest.go:84.40,86.17 2 0
github.com/cryanbrow/eve-graphql-go/graph/data_access/esi/universe/universe_rest.go:86.17,88.4 1 0
github.com/cryanbrow/eve-graphql-go/graph/data_access/esi/universe/universe_rest.go:88.9,90.4 1 0
github.com/cryanbrow/eve-graphql-go/graph/data_access/esi/universe/universe_rest.go:96.61,98.15 2 0
github.com/cryanbrow/eve-graphql-go/graph/data_access/esi/universe/universe_rest.go:101.2,106.16 5 0
github.com/cryanbrow/eve-graphql-go/graph/data_access/esi/universe/universe_rest.go:109.2,111.69 2 0
github.com/cryanbrow/eve-graphql-go/graph/data_access/esi/universe/universe_rest.go:115.2,117.26 2 0
github.com/cryanbrow/eve-graphql-go/graph/data_access/esi/universe/universe_rest.go:98.15,100.3 1 0
github.com/cryanbrow/eve-graphql-go/graph/data_access/esi/universe/universe_rest.go:106.16,108.3 1 0
github.com/cryanbrow/eve-graphql-go/graph/data_access/esi/universe/universe_rest.go:111.69,114.3 2 0
github.com/cryanbrow/eve-graphql-go/graph/data_access/esi/universe/universe_rest.go:120.55,123.15 3 0
github.com/cryanbrow/eve-graphql-go/graph/data_access/esi/universe/universe_rest.go:127.2,128.14 2 0
github.com/cryanbrow/eve-graphql-go/graph/data_access/esi/universe/universe_rest.go:123.15,125.3 1 0
github.com/cryanbrow/eve-graphql-go/graph/data_access/esi/universe/universe_rest.go:128.14,130.17 2 0
github.com/cryanbrow/eve-graphql-go/graph/data_access/esi/universe/universe_rest.go:130.17,132.4 1 0
github.com/cryanbrow/eve-graphql-go/graph/data_access/esi/universe/universe_rest.go:132.9,134.4 1 0
github.com/cryanbrow/eve-graphql-go/graph/data_access/esi/universe/universe_rest.go:135.8,136.60 1 0
github.com/cryanbrow/eve-graphql-go/graph/data_access/esi/universe/universe_rest.go:136.60,139.4 2 0
github.com/cryanbrow/eve-graphql-go/graph/data_access/esi/universe/universe_rest.go:139.9,141.4 1 0
github.com/cryanbrow/eve-graphql-go/graph/data_access/esi/universe/universe_rest.go:145.58,153.16 7 0
github.com/cryanbrow/eve-graphql-go/graph/data_access/esi/universe/universe_rest.go:157.2,157.67 1 0
github.com/cryanbrow/eve-graphql-go/graph/data_access/esi/universe/universe_rest.go:161.2,161.39 1 0
github.com/cryanbrow/eve-graphql-go/graph/data_access/esi/universe/universe_rest.go:174.2,174.29 1 0
github.com/cryanbrow/eve-graphql-go/graph/data_access/esi/universe/universe_rest.go:153.16,155.3 1 0
github.com/cryanbrow/eve-graphql-go/graph/data_access/esi/universe/universe_rest.go:157.67,160.3 2 0
github.com/cryanbrow/eve-graphql-go/graph/data_access/esi/universe/universe_rest.go:161.39,163.36 2 0
github.com/cryanbrow/eve-graphql-go/graph/data_access/esi/universe/universe_rest.go:167.3,168.17 2 0
github.com/cryanbrow/eve-graphql-go/graph/data_access/esi/universe/universe_rest.go:163.36,166.4 2 0
github.com/cryanbrow/eve-graphql-go/graph/data_access/esi/universe/universe_rest.go:168.17,170.4 1 0
github.com/cryanbrow/eve-graphql-go/graph/data_access/esi/universe/universe_rest.go:170.9,172.4 1 0
github.com/cryanbrow/eve-graphql-go/graph/data_access/esi/universe/universe_rest.go:177.53,179.15 2 0
github.com/cryanbrow/eve-graphql-go/graph/data_access/esi/universe/universe_rest.go:182.2,187.16 5 0
github.com/cryanbrow/eve-graphql-go/graph/data_access/esi/universe/universe_rest.go:191.2,191.65 1 0
github.com/cryanbrow/eve-graphql-go/graph/data_access/esi/universe/universe_rest.go:196.2,196.22 1 0
github.com/cryanbrow/eve-graphql-go/graph/data_access/esi/universe/universe_rest.go:179.15,181.3 1 0
github.com/cryanbrow/eve-graphql-go/graph/data_access/esi/universe/universe_rest.go:187.16,189.3 1 0
github.com/cryanbrow/eve-graphql-go/graph/data_access/esi/universe/universe_rest.go:191.65,194.3 2 0
github.com/cryanbrow/eve-graphql-go/graph/data_access/esi/universe/universe_rest.go:199.70,201.30 2 0
github.com/cryanbrow/eve-graphql-go/graph/data_access/esi/universe/universe_rest.go:209.2,209.34 1 0
github.com/cryanbrow/eve-graphql-go/graph/data_access/esi/universe/universe_rest.go:201.30,203.17 2 0
github.com/cryanbrow/eve-graphql-go/graph/data_access/esi/universe/universe_rest.go:203.17,205.4 1 0
github.com/cryanbrow/eve-graphql-go/graph/data_access/esi/universe/universe_rest.go:205.9,207.4 1 0
github.com/cryanbrow/eve-graphql-go/graph/data_access/esi/universe/universe_rest.go:212.63,214.15 2 0
github.com/cryanbrow/eve-graphql-go/graph/data_access/esi/universe/universe_rest.go:217.2,222.16 5 0
github.com/cryanbrow/eve-graphql-go/graph/data_access/esi/universe/universe_rest.go:226.2,226.70 1 0
github.com/cryanbrow/eve-graphql-go/graph/data_access/esi/universe/universe_rest.go:231.2,231.27 1 0
github.com/cryanbrow/eve-graphql-go/graph/data_access/esi/universe/universe_rest.go:214.15,216.3 1 0
github.com/cryanbrow/eve-graphql-go/graph/data_access/esi/universe/universe_rest.go:222.16,224.3 1 0
github.com/cryanbrow/eve-graphql-go/graph/data_access/esi/universe/universe_rest.go:226.70,229.3 2 0
github.com/cryanbrow/eve-graphql-go/graph/data_access/esi/universe/universe_rest.go:234.51,236.15 2 0
github.com/cryanbrow/eve-graphql-go/graph/data_access/esi/universe/universe_rest.go:240.2,241.14 2 0
github.com/cryanbrow/eve-graphql-go/graph/data_access/esi/universe/universe_rest.go:236.15,238.3 1 0
github.com/cryanbrow/eve-graphql-go/graph/data_access/esi/universe/universe_rest.go:241.14,243.17 2 0
github.com/cryanbrow/eve-graphql-go/graph/data_access/esi/universe/universe_rest.go:243.17,245.4 1 0
github.com/cryanbrow/eve-graphql-go/graph/data_access/esi/universe/universe_rest.go:245.9,247.4 1 0
github.com/cryanbrow/eve-graphql-go/graph/data_access/esi/universe/universe_rest.go:248.8,249.58 1 0
github.com/cryanbrow/eve-graphql-go/graph/data_access/esi/universe/universe_rest.go:249.58,252.4 2 0
github.com/cryanbrow/eve-graphql-go/graph/data_access/esi/universe/universe_rest.go:252.9,254.4 1 0
github.com/cryanbrow/eve-graphql-go/graph/data_access/esi/universe/universe_rest.go:258.54,266.16 7 0
github.com/cryanbrow/eve-graphql-go/graph/data_access/esi/universe/universe_rest.go:270.2,270.65 1 0
github.com/cryanbrow/eve-graphql-go/graph/data_access/esi/universe/universe_rest.go:274.2,274.35 1 0
github.com/cryanbrow/eve-graphql-go/graph/data_access/esi/universe/universe_rest.go:287.2,287.27 1 0
github.com/cryanbrow/eve-graphql-go/graph/data_access/esi/universe/universe_rest.go:266.16,268.3 1 0
github.com/cryanbrow/eve-graphql-go/graph/data_access/esi/universe/universe_rest.go:270.65,273.3 2 0
github.com/cryanbrow/eve-graphql-go/graph/data_access/esi/universe/universe_rest.go:274.35,276.32 2 0
github.com/cryanbrow/eve-graphql-go/graph/data_access/esi/universe/universe_rest.go:280.3,281.17 2 0
github.com/cryanbrow/eve-graphql-go/graph/data_access/esi/universe/universe_rest.go:276.32,279.4 2 0
github.com/cryanbrow/eve-graphql-go/graph/data_access/esi/universe/universe_rest.go:281.17,283.4 1 0
github.com/cryanbrow/eve-graphql-go/graph/data_access/esi/universe/universe_rest.go:283.9,285.4 1 0
github.com/cryanbrow/eve-graphql-go/graph/data_access/esi/universe/universe_rest.go:290.51,292.15 2 0
github.com/cryanbrow/eve-graphql-go/graph/data_access/esi/universe/universe_rest.go:295.2,300.16 5 0
github.com/cryanbrow/eve-graphql-go/graph/data_access/esi/universe/universe_rest.go:304.2,304.64 1 0
github.com/cryanbrow/eve-graphql-go/graph/data_access/esi/universe/universe_rest.go:309.2,309.21 1 0
github.com/cryanbrow/eve-graphql-go/graph/data_access/esi/universe/universe_rest.go:292.15,294.3 1 0
github.com/cryanbrow/eve-graphql-go/graph/data_access/esi/universe/universe_rest.go:300.16,302.3 1 0
github.com/cryanbrow/eve-graphql-go/graph/data_access/esi/universe/universe_rest.go:304.64,307.3 2 0
github.com/cryanbrow/eve-graphql-go/graph/data_access/esi/universe/universe_rest.go:312.47,314.15 2 0
github.com/cryanbrow/eve-graphql-go/graph/data_access/esi/universe/universe_rest.go:317.2,322.16 5 0
github.com/cryanbrow/eve-graphql-go/graph/data_access/esi/universe/universe_rest.go:326.2,326.62 1 0
github.com/cryanbrow/eve-graphql-go/graph/data_access/esi/universe/universe_rest.go:331.2,331.19 1 0
github.com/cryanbrow/eve-graphql-go/graph/data_access/esi/universe/universe_rest.go:314.15,316.3 1 0
github.com/cryanbrow/eve-graphql-go/graph/data_access/esi/universe/universe_rest.go:322.16,324.3 1 0
github.com/cryanbrow/eve-graphql-go/graph/data_access/esi/universe/universe_rest.go:326.62,329.3 2 0
github.com/cryanbrow/eve-graphql-go/graph/data_access/esi/universe/universe_rest.go:334.60,337.17 3 0
github.com/cryanbrow/eve-graphql-go/graph/data_access/esi/universe/universe_rest.go:340.2,345.16 5 0
github.com/cryanbrow/eve-graphql-go/graph/data_access/esi/universe/universe_rest.go:350.2,351.16 2 0
github.com/cryanbrow/eve-graphql-go/graph/data_access/esi/universe/universe_rest.go:355.2,355.60 1 0
github.com/cryanbrow/eve-graphql-go/graph/data_access/esi/universe/universe_rest.go:360.2,360.18 1 0
github.com/cryanbrow/eve-graphql-go/graph/data_access/esi/universe/universe_rest.go:337.17,339.3 1 0
github.com/cryanbrow/eve-graphql-go/graph/data_access/esi/universe/universe_rest.go:345.16,348.3 2 0
github.com/cryanbrow/eve-graphql-go/graph/data_access/esi/universe/universe_rest.go:351.16,353.3 1 0
github.com/cryanbrow/eve-graphql-go/graph/data_access/esi/universe/universe_rest.go:355.60,358.3 2 0
github.com/cryanbrow/eve-graphql-go/graph/data_access/esi/universe/universe_rest.go:361.26,362.32 1 0
github.com/cryanbrow/eve-graphql-go/graph/data_access/esi/universe/universe_rest.go:363.29,364.35 1 0
github.com/cryanbrow/eve-graphql-go/graph/data_access/esi/universe/universe_rest.go:365.30,366.36 1 0
github.com/cryanbrow/eve-graphql-go/graph/data_access/esi/universe/universe_rest.go:367.34,368.40 1 0
github.com/cryanbrow/eve-graphql-go/graph/data_access/esi/universe/universe_rest.go:369.32,370.38 1 0
github.com/cryanbrow/eve-graphql-go/graph/data_access/esi/universe/universe_rest.go:371.28,372.34 1 0
github.com/cryanbrow/eve-graphql-go/graph/data_access/esi/universe/universe_rest.go:373.35,374.40 1 0
github.com/cryanbrow/eve-graphql-go/graph/data_access/esi/universe/universe_rest.go:375.27,376.33 1 0
github.com/cryanbrow/eve-graphql-go/graph/data_access/esi/universe/universe_rest.go:377.27,378.33 1 0
github.com/cryanbrow/eve-graphql-go/graph/data_access/esi/universe/universe_rest.go:379.10,380.41 1 0
github.com/cryanbrow/eve-graphql-go/graph/data_access/esi/universe/universe_rest.go:385.66,387.36 2 0
github.com/cryanbrow/eve-graphql-go/graph/data_access/esi/universe/universe_rest.go:395.2,395.29 1 0
github.com/cryanbrow/eve-graphql-go/graph/data_access/esi/universe/universe_rest.go:387.36,389.17 2 0
github.com/cryanbrow/eve-graphql-go/graph/data_access/esi/universe/universe_rest.go:389.17,391.4 1 0
github.com/cryanbrow/eve-graphql-go/graph/data_access/esi/universe/universe_rest.go:391.9,393.4 1 0
github.com/cryanbrow/eve-graphql-go/graph/data_access/esi/universe/universe_rest.go:398.53,400.15 2 0
github.com/cryanbrow/eve-graphql-go/graph/data_access/esi/universe/universe_rest.go:403.2,408.16 5 0
github.com/cryanbrow/eve-graphql-go/graph/data_access/esi/universe/universe_rest.go:412.2,412.65 1 0
github.com/cryanbrow/eve-graphql-go/graph/data_access/esi/universe/universe_rest.go:417.2,417.22 1 0
github.com/cryanbrow/eve-graphql-go/graph/data_access/esi/universe/universe_rest.go:400.15,402.3 1 0
github.com/cryanbrow/eve-graphql-go/graph/data_access/esi/universe/universe_rest.go:408.16,410.3 1 0
github.com/cryanbrow/eve-graphql-go/graph/data_access/esi/universe/universe_rest.go:412.65,415.3 2 0
github.com/cryanbrow/eve-graphql-go/graph/data_access/esi/universe/universe_rest.go:420.55,422.32 2 0
github.com/cryanbrow/eve-graphql-go/graph/data_access/esi/universe/universe_rest.go:430.2,430.25 1 0
github.com/cryanbrow/eve-graphql-go/graph/data_access/esi/universe/universe_rest.go:422.32,424.17 2 0
github.com/cryanbrow/eve-graphql-go/graph/data_access/esi/universe/universe_rest.go:424.17,426.4 1 0
github.com/cryanbrow/eve-graphql-go/graph/data_access/esi/universe/universe_rest.go:426.9,428.4 1 0
github.com/cryanbrow/eve-graphql-go/graph/data_access/esi/universe/universe_rest.go:433.45,435.15 2 0
github.com/cryanbrow/eve-graphql-go/graph/data_access/esi/universe/universe_rest.go:438.2,443.16 5 0
github.com/cryanbrow/eve-graphql-go/graph/data_access/esi/universe/universe_rest.go:447.2,447.61 1 0
github.com/cryanbrow/eve-graphql-go/graph/data_access/esi/universe/universe_rest.go:452.2,452.18 1 0
github.com/cryanbrow/eve-graphql-go/graph/data_access/esi/universe/universe_rest.go:435.15,437.3 1 0
github.com/cryanbrow/eve-graphql-go/graph/data_access/esi/universe/universe_rest.go:443.16,445.3 1 0
github.com/cryanbrow/eve-graphql-go/graph/data_access/esi/universe/universe_rest.go:447.61,450.3 2 0
github.com/cryanbrow/eve-graphql-go/graph/data_access/esi/universe/universe_rest.go:455.49,457.15 2 0
github.com/cryanbrow/eve-graphql-go/graph/data_access/esi/universe/universe_rest.go:460.2,465.16 5 0
github.com/cryanbrow/eve-graphql-go/graph/data_access/esi/universe/universe_rest.go:469.2,469.63 1 0
github.com/cryanbrow/eve-graphql-go/graph/data_access/esi/universe/universe_rest.go:474.2,474.20 1 0
github.com/cryanbrow/eve-graphql-go/graph/data_access/esi/universe/universe_rest.go:457.15,459.3 1 0
github.com/cryanbrow/eve-graphql-go/graph/data_access/esi/universe/universe_rest.go:465.16,467.3 1 0
github.com/cryanbrow/eve-graphql-go/graph/data_access/esi/universe/universe_rest.go:469.63,472.3 2 0
github.com/cryanbrow/eve-graphql-go/graph/data_access/esi/universe/universe_rest.go:477.45,480.15 3 0
github.com/cryanbrow/eve-graphql-go/graph/data_access/esi/universe/universe_rest.go:484.2,485.14 2 0
github.com/cryanbrow/eve-graphql-go/graph/data_access/esi/universe/universe_rest.go:480.15,482.3 1 0
github.com/cryanbrow/eve-graphql-go/graph/data_access/esi/universe/universe_rest.go:485.14,487.17 2 0
github.com/cryanbrow/eve-graphql-go/graph/data_access/esi/universe/universe_rest.go:487.17,489.4 1 0
github.com/cryanbrow/eve-graphql-go/graph/data_access/esi/universe/universe_rest.go:489.9,491.4 1 0
github.com/cryanbrow/eve-graphql-go/graph/data_access/esi/universe/universe_rest.go:492.8,493.55 1 0
github.com/cryanbrow/eve-graphql-go/graph/data_access/esi/universe/universe_rest.go:493.55,496.4 2 0
github.com/cryanbrow/eve-graphql-go/graph/data_access/esi/universe/universe_rest.go:496.9,498.4 1 0
github.com/cryanbrow/eve-graphql-go/graph/data_access/esi/universe/universe_rest.go:502.48,511.16 8 0
github.com/cryanbrow/eve-graphql-go/graph/data_access/esi/universe/universe_rest.go:515.2,515.62 1 0
github.com/cryanbrow/eve-graphql-go/graph/data_access/esi/universe/universe_rest.go:519.2,519.29 1 0
github.com/cryanbrow/eve-graphql-go/graph/data_access/esi/universe/universe_rest.go:532.2,532.24 1 0
github.com/cryanbrow/eve-graphql-go/graph/data_access/esi/universe/universe_rest.go:511.16,513.3 1 0
github.com/cryanbrow/eve-graphql-go/graph/data_access/esi/universe/universe_rest.go:515.62,518.3 2 0
github.com/cryanbrow/eve-graphql-go/graph/data_access/esi/universe/universe_rest.go:519.29,521.26 2 0
github.com/cryanbrow/eve-graphql-go/graph/data_access/esi/universe/universe_rest.go:525.3,526.17 2 0
github.com/cryanbrow/eve-graphql-go/graph/data_access/esi/universe/universe_rest.go:521.26,524.4 2 0
github.com/cryanbrow/eve-graphql-go/graph/data_access/esi/universe/universe_rest.go:526.17,528.4 1 0
github.com/cryanbrow/eve-graphql-go/graph/data_access/esi/universe/universe_rest.go:528.9,530.4 1 0
github.com/cryanbrow/eve-graphql-go/graph/data_access/esi/universe/universe_rest.go:535.49,537.15 2 0
github.com/cryanbrow/eve-graphql-go/graph/data_access/esi/universe/universe_rest.go:540.2,545.16 5 0
github.com/cryanbrow/eve-graphql-go/graph/data_access/esi/universe/universe_rest.go:549.2,549.63 1 0
github.com/cryanbrow/eve-graphql-go/graph/data_access/esi/universe/universe_rest.go:554.2,554.20 1 0
github.com/cryanbrow/eve-graphql-go/graph/data_access/esi/universe/universe_rest.go:537.15,539.3 1 0
github.com/cryanbrow/eve-graphql-go/graph/data_access/esi/universe/universe_rest.go:545.16,547.3 1 0
github.com/cryanbrow/eve-graphql-go/graph/data_access/esi/universe/universe_rest.go:549.63,552.3 2 0
github.com/cryanbrow/eve-graphql-go/graph/data_access/esi/universe/universe_rest.go:557.45,559.15 2 0
github.com/cryanbrow/eve-graphql-go/graph/data_access/esi/universe/universe_rest.go:562.2,567.16 5 0
github.com/cryanbrow/eve-graphql-go/graph/data_access/esi/universe/universe_rest.go:571.2,571.61 1 0
github.com/cryanbrow/eve-graphql-go/graph/data_access/esi/universe/universe_rest.go:576.2,576.18 1 0
github.com/cryanbrow/eve-graphql-go/graph/data_access/esi/universe/universe_rest.go:559.15,561.3 1 0
github.com/cryanbrow/eve-graphql-go/graph/data_access/esi/universe/universe_rest.go:567.16,569.3 1 0
github.com/cryanbrow/eve-graphql-go/graph/data_access/esi/universe/universe_rest.go:571.61,574.3 2 0
github.com/cryanbrow/eve-graphql-go/graph/data_access/esi/universe/universe_rest.go:579.67,581.36 2 0
github.com/cryanbrow/eve-graphql-go/graph/data_access/esi/universe/universe_rest.go:589.2,589.29 1 0
github.com/cryanbrow/eve-graphql-go/graph/data_access/esi/universe/universe_rest.go:581.36,583.17 2 0
github.com/cryanbrow/eve-graphql-go/graph/data_access/esi/universe/universe_rest.go:583.17,585.4 1 0
github.com/cryanbrow/eve-graphql-go/graph/data_access/esi/universe/universe_rest.go:585.9,587.4 1 0
github.com/cryanbrow/eve-graphql-go/graph/data_access/esi/universe/universe_rest.go:592.53,594.15 2 0
github.com/cryanbrow/eve-graphql-go/graph/data_access/esi/universe/universe_rest.go:597.2,602.16 5 0
github.com/cryanbrow/eve-graphql-go/graph/data_access/esi/universe/universe_rest.go:606.2,606.65 1 0
github.com/cryanbrow/eve-graphql-go/graph/data_access/esi/universe/universe_rest.go:611.2,611.22 1 0
github.com/cryanbrow/eve-graphql-go/graph/data_access/esi/universe/universe_rest.go:594.15,596.3 1 0
github.com/cryanbrow/eve-graphql-go/graph/data_access/esi/universe/universe_rest.go:602.16,604.3 1 0
github.com/cryanbrow/eve-graphql-go/graph/data_access/esi/universe/universe_rest.go:606.65,609.3 2 0
github.com/cryanbrow/eve-graphql-go/graph/data_access/esi/universe/universe_rest.go:614.59,616.30 2 0
github.com/cryanbrow/eve-graphql-go/graph/data_access/esi/universe/universe_rest.go:624.2,624.28 1 0
github.com/cryanbrow/eve-graphql-go/graph/data_access/esi/universe/universe_rest.go:616.30,618.17 2 0
github.com/cryanbrow/eve-graphql-go/graph/data_access/esi/universe/universe_rest.go:618.17,620.4 1 0
github.com/cryanbrow/eve-graphql-go/graph/data_access/esi/universe/universe_rest.go:620.9,622.4 1 0
github.com/cryanbrow/eve-graphql-go/graph/data_access/esi/universe/universe_rest.go:627.51,628.15 1 0
github.com/cryanbrow/eve-graphql-go/graph/data_access/esi/universe/universe_rest.go:631.2,631.22 1 0
github.com/cryanbrow/eve-graphql-go/graph/data_access/esi/universe/universe_rest.go:634.2,640.16 6 0
github.com/cryanbrow/eve-graphql-go/graph/data_access/esi/universe/universe_rest.go:644.2,644.64 1 0
github.com/cryanbrow/eve-graphql-go/graph/data_access/esi/universe/universe_rest.go:649.2,649.21 1 0
github.com/cryanbrow/eve-graphql-go/graph/data_access/esi/universe/universe_rest.go:628.15,630.3 1 0
github.com/cryanbrow/eve-graphql-go/graph/data_access/esi/universe/universe_rest.go:631.22,633.3 1 0
github.com/cryanbrow/eve-graphql-go/graph/data_access/esi/universe/universe_rest.go:640.16,642.3 1 0
github.com/cryanbrow/eve-graphql-go/graph/data_access/esi/universe/universe_rest.go:644.64,647.3 2 0
github.com/cryanbrow/eve-graphql-go/graph/data_access/esi/universe/universe_rest.go:652.57,654.30 2 0
github.com/cryanbrow/eve-graphql-go/graph/data_access/esi/universe/universe_rest.go:662.2,662.27 1 0
github.com/cryanbrow/eve-graphql-go/graph/data_access/esi/universe/universe_rest.go:654.30,656.17 2 0
github.com/cryanbrow/eve-graphql-go/graph/data_access/esi/universe/universe_rest.go:656.17,658.4 1 0
github.com/cryanbrow/eve-graphql-go/graph/data_access/esi/universe/universe_rest.go:658.9,660.4 1 0
github.com/cryanbrow/eve-graphql-go/graph/data_access/esi/universe/universe_rest.go:665.49,666.15 1 0
github.com/cryanbrow/eve-graphql-go/graph/data_access/esi/universe/universe_rest.go:669.2,675.16 6 0
github.com/cryanbrow/eve-graphql-go/graph/data_access/esi/universe/universe_rest.go:679.2,679.63 1 0
github.com/cryanbrow/eve-graphql-go/graph/data_access/esi/universe/universe_rest.go:684.2,684.20 1 0
github.com/cryanbrow/eve-graphql-go/graph/data_access/esi/universe/universe_rest.go:666.15,668.3 1 0
github.com/cryanbrow/eve-graphql-go/graph/data_access/esi/universe/universe_rest.go:675.16,677.3 1 0
github.com/cryanbrow/eve-graphql-go/graph/data_access/esi/universe/universe_rest.go:679.63,682.3 2 0
github.com/cryanbrow/eve-graphql-go/graph/data_access/esi/universe/universe_rest.go:697.26,700.2 2 0
github.com/cryanbrow/eve-graphql-go/graph/data_access/esi/character/character_rest.go:17.55,19.15 2 4
github.com/cryanbrow/eve-graphql-go/graph/data_access/esi/character/character_rest.go:22.2,27.16 5 3
github.com/cryanbrow/eve-graphql-go/graph/data_access/esi/character/character_rest.go:31.2,31.66 1 2
github.com/cryanbrow/eve-graphql-go/graph/data_access/esi/character/character_rest.go:36.2,36.23 1 1
github.com/cryanbrow/eve-graphql-go/graph/data_access/esi/character/character_rest.go:19.15,21.3 1 1
github.com/cryanbrow/eve-graphql-go/graph/data_access/esi/character/character_rest.go:27.16,29.3 1 1
github.com/cryanbrow/eve-graphql-go/graph/data_access/esi/character/character_rest.go:31.66,34.3 2 1
github.com/cryanbrow/eve-graphql-go/graph/data_access/esi/character/character_rest.go:47.27,49.2 1 0
github.com/cryanbrow/eve-graphql-go/graph/helpers/rest_helper.go:18.196,20.14 2 0
github.com/cryanbrow/eve-graphql-go/graph/helpers/rest_helper.go:62.2,62.25 1 0
github.com/cryanbrow/eve-graphql-go/graph/helpers/rest_helper.go:20.14,22.17 2 0
github.com/cryanbrow/eve-graphql-go/graph/helpers/rest_helper.go:26.3,27.70 2 0
github.com/cryanbrow/eve-graphql-go/graph/helpers/rest_helper.go:30.3,30.44 1 0
github.com/cryanbrow/eve-graphql-go/graph/helpers/rest_helper.go:34.3,39.17 5 0
github.com/cryanbrow/eve-graphql-go/graph/helpers/rest_helper.go:43.3,44.17 2 0
github.com/cryanbrow/eve-graphql-go/graph/helpers/rest_helper.go:49.3,51.33 3 0
github.com/cryanbrow/eve-graphql-go/graph/helpers/rest_helper.go:55.3,55.17 1 0
[...]
github.com/cryanbrow/eve-graphql-go/graph/data_access/esi/universe/universe_rest.go:199.70,201.30 2 0
github.com/cryanbrow/eve-graphql-go/graph/data_access/esi/universe/universe_rest.go:209.2,209.34 1 0
github.com/cryanbrow/eve-graphql-go/graph/data_access/esi/universe/universe_rest.go:201.30,203.17 2 0
github.com/cryanbrow/eve-graphql-go/graph/data_access/esi/universe/universe_rest.go:203.17,205.4 1 0
github.com/cryanbrow/eve-graphql-go/graph/data_access/esi/universe/universe_rest.go:205.9,207.4 1 0
github.com/cryanbrow/eve-graphql-go/graph/data_access/esi/universe/universe_rest.go:212.63,214.15 2 0
github.com/cryanbrow/eve-graphql-go/graph/data_access/esi/universe/universe_rest.go:217.2,222.16 5 0
github.com/cryanbrow/eve-graphql-go/graph/data_access/esi/universe/universe_rest.go:226.2,226.70 1 0
github.com/cryanbrow/eve-graphql-go/graph/data_access/esi/universe/universe_rest.go:231.2,231.27 1 0
github.com/cryanbrow/eve-graphql-go/graph/data_access/esi/universe/universe_rest.go:214.15,216.3 1 0
github.com/cryanbrow/eve-graphql-go/graph/data_access/esi/universe/universe_rest.go:222.16,224.3 1 0
github.com/cryanbrow/eve-graphql-go/graph/data_access/esi/universe/universe_rest.go:226.70,229.3 2 0
github.com/cryanbrow/eve-graphql-go/graph/data_access/esi/universe/universe_rest.go:234.51,236.15 2 0
github.com/cryanbrow/eve-graphql-go/graph/data_access/esi/universe/universe_rest.go:240.2,241.14 2 0
github.com/cryanbrow/eve-graphql-go/graph/data_access/esi/universe/universe_rest.go:236.15,238.3 1 0
github.com/cryanbrow/eve-graphql-go/graph/data_access/esi/universe/universe_rest.go:241.14,243.17 2 0
github.com/cryanbrow/eve-graphql-go/graph/data_access/esi/universe/universe_rest.go:243.17,245.4 1 0
github.com/cryanbrow/eve-graphql-go/graph/data_access/esi/universe/universe_rest.go:245.9,247.4 1 0
github.com/cryanbrow/eve-graphql-go/graph/data_access/esi/universe/universe_rest.go:248.8,249.58 1 0
github.com/cryanbrow/eve-graphql-go/graph/data_access/esi/universe/universe_rest.go:249.58,252.4 2 0
github.com/cryanbrow/eve-graphql-go/graph/data_access/esi/universe/universe_rest.go:252.9,254.4 1 0
github.com/cryanbrow/eve-graphql-go/graph/data_access/esi/universe/universe_rest.go:258.54,266.16 7 0
github.com/cryanbrow/eve-graphql-go/graph/data_access/esi/universe/universe_rest.go:270.2,270.65 1 0
github.com/cryanbrow/eve-graphql-go/graph/data_access/esi/universe/universe_rest.go:274.2,274.35 1 0
github.com/cryanbrow/eve-graphql-go/graph/data_access/esi/universe/universe_rest.go:287.2,287.27 1 0
github.com/cryanbrow/eve-graphql-go/graph/data_access/esi/universe/universe_rest.go:266.16,268.3 1 0
github.com/cryanbrow/eve-graphql-go/graph/data_access/esi/universe/universe_rest.go:270.65,273.3 2 0
github.com/cryanbrow/eve-graphql-go/graph/data_access/esi/universe/universe_rest.go:274.35,276.32 2 0
github.com/cryanbrow/eve-graphql-go/graph/data_access/esi/universe/universe_rest.go:280.3,281.17 2 0
github.com/cryanbrow/eve-graphql-go/graph/data_access/esi/universe/universe_rest.go:276.32,279.4 2 0
github.com/cryanbrow/eve-graphql-go/graph/data_access/esi/universe/universe_rest.go:281.17,283.4 1 0
github.com/cryanbrow/eve-graphql-go/graph/data_access/esi/universe/universe_rest.go:283.9,285.4 1 0
github.com/cryanbrow/eve-graphql-go/graph/data_access/esi/universe/universe_rest.go:290.51,292.15 2 0
github.com/cryanbrow/eve-graphql-go/graph/data_access/esi/universe/universe_rest.go:295.2,300.16 5 0
github.com/cryanbrow/eve-graphql-go/graph/data_access/esi/universe/universe_rest.go:304.2,304.64 1 0
github.com/cryanbrow/eve-graphql-go/graph/data_access/esi/universe/universe_rest.go:309.2,309.21 1 0
github.com/cryanbrow/eve-graphql-go/graph/data_access/esi/universe/universe_rest.go:292.15,294.3 1 0
github.com/cryanbrow/eve-graphql-go/graph/data_access/esi/universe/universe_rest.go:300.16,302.3 1 0
github.com/cryanbrow/eve-graphql-go/graph/data_access/esi/universe/universe_rest.go:304.64,307.3 2 0
github.com/cryanbrow/eve-graphql-go/graph/data_access/esi/universe/universe_rest.go:312.47,314.15 2 0
github.com/cryanbrow/eve-graphql-go/graph/data_access/esi/universe/universe_rest.go:317.2,322.16 5 0
github.com/cryanbrow/eve-graphql-go/graph/data_access/esi/universe/universe_rest.go:326.2,326.62 1 0
github.com/cryanbrow/eve-graphql-go/graph/data_access/esi/universe/universe_rest.go:331.2,331.19 1 0
github.com/cryanbrow/eve-graphql-go/graph/data_access/esi/universe/universe_rest.go:314.15,316.3 1 0
github.com/cryanbrow/eve-graphql-go/graph/data_access/esi/universe/universe_rest.go:322.16,324.3 1 0
github.com/cryanbrow/eve-graphql-go/graph/data_access/esi/universe/universe_rest.go:326.62,329.3 2 0
github.com/cryanbrow/eve-graphql-go/graph/data_access/esi/universe/universe_rest.go:334.60,337.17 3 0
github.com/cryanbrow/eve-graphql-go/graph/data_access/esi/universe/universe_rest.go:340.2,345.16 5 0
github.com/cryanbrow/eve-graphql-go/graph/data_access/esi/universe/universe_rest.go:350.2,351.16 2 0
github.com/cryanbrow/eve-graphql-go/graph/data_access/esi/universe/universe_rest.go:355.2,355.60 1 0
github.com/cryanbrow/eve-graphql-go/graph/data_access/esi/universe/universe_rest.go:360.2,360.18 1 0
github.com/cryanbrow/eve-graphql-go/graph/data_access/esi/universe/universe_rest.go:337.17,339.3 1 0
github.com/cryanbrow/eve-graphql-go/graph/data_access/esi/universe/universe_rest.go:345.16,348.3 2 0
github.com/cryanbrow/eve-graphql-go/graph/data_access/esi/universe/universe_rest.go:351.16,353.3 1 0
github.com/cryanbrow/eve-graphql-go/graph/data_access/esi/universe/universe_rest.go:355.60,358.3 2 0
github.com/cryanbrow/eve-graphql-go/graph/data_access/esi/universe/universe_rest.go:361.26,362.32 1 0
github.com/cryanbrow/eve-graphql-go/graph/data_access/esi/universe/universe_rest.go:363.29,364.35 1 0
github.com/cryanbrow/eve-graphql-go/graph/data_access/esi/universe/universe_rest.go:365.30,366.36 1 0
github.com/cryanbrow/eve-graphql-go/graph/data_access/esi/universe/universe_rest.go:367.34,368.40 1 0
github.com/cryanbrow/eve-graphql-go/graph/data_access/esi/universe/universe_rest.go:369.32,370.38 1 0
github.com/cryanbrow/eve-graphql-go/graph/data_access/esi/universe/universe_rest.go:371.28,372.34 1 0
github.com/cryanbrow/eve-graphql-go/graph/data_access/esi/universe/universe_rest.go:373.35,374.40 1 0
github.com/cryanbrow/eve-graphql-go/graph/data_access/esi/universe/universe_rest.go:375.27,376.33 1 0
github.com/cryanbrow/eve-graphql-go/graph/data_access/esi/universe/universe_rest.go:377.27,378.33 1 0
github.com/cryanbrow/eve-graphql-go/graph/data_access/esi/universe/universe_rest.go:379.10,380.41 1 0
github.com/cryanbrow/eve-graphql-go/graph/data_access/esi/universe/universe_rest.go:385.66,387.36 2 0
github.com/cryanbrow/eve-graphql-go/graph/data_access/esi/universe/universe_rest.go:395.2,395.29 1 0
github.com/cryanbrow/eve-graphql-go/graph/data_access/esi/universe/universe_rest.go:387.36,389.17 2 0
github.com/cryanbrow/eve-graphql-go/graph/data_access/esi/universe/universe_rest.go:389.17,391.4 1 0
github.com/cryanbrow/eve-graphql-go/graph/data_access/esi/universe/universe_rest.go:391.9,393.4 1 0
github.com/cryanbrow/eve-graphql-go/graph/data_access/esi/universe/universe_rest.go:398.53,400.15 2 0
github.com/cryanbrow/eve-graphql-go/graph/data_access/esi/universe/universe_rest.go:403.2,408.16 5 0
github.com/cryanbrow/eve-graphql-go/graph/data_access/esi/universe/universe_rest.go:412.2,412.65 1 0
github.com/cryanbrow/eve-graphql-go/graph/data_access/esi/universe/universe_rest.go:417.2,417.22 1 0
github.com/cryanbrow/eve-graphql-go/graph/data_access/esi/universe/universe_rest.go:400.15,402.3 1 0
github.com/cryanbrow/eve-graphql-go/graph/data_access/esi/universe/universe_rest.go:408.16,410.3 1 0
github.com/cryanbrow/eve-graphql-go/graph/data_access/esi/universe/universe_rest.go:412.65,415.3 2 0
github.com/cryanbrow/eve-graphql-go/graph/data_access/esi/universe/universe_rest.go:420.55,422.32 2 0
github.com/cryanbrow/eve-graphql-go/graph/data_access/esi/universe/universe_rest.go:430.2,430.25 1 0
github.com/cryanbrow/eve-graphql-go/graph/data_access/esi/universe/universe_rest.go:422.32,424.17 2 0
github.com/cryanbrow/eve-graphql-go/graph/data_access/esi/universe/universe_rest.go:424.17,426.4 1 0
github.com/cryanbrow/eve-graphql-go/graph/data_access/esi/universe/universe_rest.go:426.9,428.4 1 0
github.com/cryanbrow/eve-graphql-go/graph/data_access/esi/universe/universe_rest.go:433.45,435.15 2 0
github.com/cryanbrow/eve-graphql-go/graph/data_access/esi/universe/universe_rest.go:438.2,443.16 5 0
github.com/cryanbrow/eve-graphql-go/graph/data_access/esi/universe/universe_rest.go:447.2,447.61 1 0
github.com/cryanbrow/eve-graphql-go/graph/data_access/esi/universe/universe_rest.go:452.2,452.18 1 0
github.com/cryanbrow/eve-graphql-go/graph/data_access/esi/universe/universe_rest.go:435.15,437.3 1 0
github.com/cryanbrow/eve-graphql-go/graph/data_access/esi/universe/universe_rest.go:443.16,445.3 1 0
github.com/cryanbrow/eve-graphql-go/graph/data_access/esi/universe/universe_rest.go:447.61,450.3 2 0
github.com/cryanbrow/eve-graphql-go/graph/data_access/esi/universe/universe_rest.go:455.49,457.15 2 0
github.com/cryanbrow/eve-graphql-go/graph/data_access/esi/universe/universe_rest.go:460.2,465.16 5 0
github.com/cryanbrow/eve-graphql-go/graph/data_access/esi/universe/universe_rest.go:469.2,469.63 1 0
github.com/cryanbrow/eve-graphql-go/graph/data_access/esi/universe/universe_rest.go:474.2,474.20 1 0
github.com/cryanbrow/eve-graphql-go/graph/data_access/esi/universe/universe_rest.go:457.15,459.3 1 0
github.com/cryanbrow/eve-graphql-go/graph/data_access/esi/universe/universe_rest.go:465.16,467.3 1 0
github.com/cryanbrow/eve-graphql-go/graph/data_access/esi/universe/universe_rest.go:469.63,472.3 2 0
github.com/cryanbrow/eve-graphql-go/graph/data_access/esi/universe/universe_rest.go:477.45,480.15 3 0
github.com/cryanbrow/eve-graphql-go/graph/data_access/esi/universe/universe_rest.go:484.2,485.14 2 0
github.com/cryanbrow/eve-graphql-go/graph/data_access/esi/universe/universe_rest.go:480.15,482.3 1 0
github.com/cryanbrow/eve-graphql-go/graph/data_access/esi/universe/universe_rest.go:485.14,487.17 2 0
github.com/cryanbrow/eve-graphql-go/graph/data_access/esi/universe/universe_rest.go:487.17,489.4 1 0
github.com/cryanbrow/eve-graphql-go/graph/data_access/esi/universe/universe_rest.go:489.9,491.4 1 0
github.com/cryanbrow/eve-graphql-go/graph/data_access/esi/universe/universe_rest.go:492.8,493.55 1 0
github.com/cryanbrow/eve-graphql-go/graph/data_access/esi/universe/universe_rest.go:493.55,496.4 2 0
github.com/cryanbrow/eve-graphql-go/graph/data_access/esi/universe/universe_rest.go:496.9,498.4 1 0
github.com/cryanbrow/eve-graphql-go/graph/data_access/esi/universe/universe_rest.go:502.48,511.16 8 0
github.com/cryanbrow/eve-graphql-go/graph/data_access/esi/universe/universe_rest.go:515.2,515.62 1 0
github.com/cryanbrow/eve-graphql-go/graph/data_access/esi/universe/universe_rest.go:519.2,519.29 1 0
github.com/cryanbrow/eve-graphql-go/graph/data_access/esi/universe/universe_rest.go:532.2,532.24 1 0
github.com/cryanbrow/eve-graphql-go/graph/data_access/esi/universe/universe_rest.go:511.16,513.3 1 0
github.com/cryanbrow/eve-graphql-go/graph/data_access/esi/universe/universe_rest.go:515.62,518.3 2 0
github.com/cryanbrow/eve-graphql-go/graph/data_access/esi/universe/universe_rest.go:519.29,521.26 2 0
github.com/cryanbrow/eve-graphql-go/graph/data_access/esi/universe/universe_rest.go:525.3,526.17 2 0
github.com/cryanbrow/eve-graphql-go/graph/data_access/esi/universe/universe_rest.go:521.26,524.4 2 0
github.com/cryanbrow/eve-graphql-go/graph/data_access/esi/universe/universe_rest.go:526.17,528.4 1 0
github.com/cryanbrow/eve-graphql-go/graph/data_access/esi/universe/universe_rest.go:528.9,530.4 1 0
github.com/cryanbrow/eve-graphql-go/graph/data_access/esi/universe/universe_rest.go:535.49,537.15 2 0
github.com/cryanbrow/eve-graphql-go/graph/data_access/esi/universe/universe_rest.go:540.2,545.16 5 0
github.com/cryanbrow/eve-graphql-go/graph/data_access/esi/universe/universe_rest.go:549.2,549.63 1 0
github.com/cryanbrow/eve-graphql-go/graph/data_access/esi/universe/universe_rest.go:554.2,554.20 1 0
github.com/cryanbrow/eve-graphql-go/graph/data_access/esi/universe/universe_rest.go:537.15,539.3 1 0
github.com/cryanbrow/eve-graphql-go/graph/data_access/esi/universe/universe_rest.go:545.16,547.3 1 0
github.com/cryanbrow/eve-graphql-go/graph/data_access/esi/universe/universe_rest.go:549.63,552.3 2 0
github.com/cryanbrow/eve-graphql-go/graph/data_access/esi/universe/universe_rest.go:557.45,559.15 2 0
github.com/cryanbrow/eve-graphql-go/graph/data_access/esi/universe/universe_rest.go:562.2,567.16 5 0
github.com/cryanbrow/eve-graphql-go/graph/data_access/esi/universe/universe_rest.go:571.2,571.61 1 0
github.com/cryanbrow/eve-graphql-go/graph/data_access/esi/universe/universe_rest.go:576.2,576.18 1 0
github.com/cryanbrow/eve-graphql-go/graph/data_access/esi/universe/universe_rest.go:559.15,561.3 1 0
github.com/cryanbrow/eve-graphql-go/graph/data_access/esi/universe/universe_rest.go:567.16,569.3 1 0
github.com/cryanbrow/eve-graphql-go/graph/data_access/esi/universe/universe_rest.go:571.61,574.3 2 0
github.com/cryanbrow/eve-graphql-go/graph/data_access/esi/universe/universe_rest.go:579.67,581.36 2 0
github.com/cryanbrow/eve-graphql-go/graph/data_access/esi/universe/universe_rest.go:589.2,589.29 1 0
github.com/cryanbrow/eve-graphql-go/graph/data_access/esi/universe/universe_rest.go:581.36,583.17 2 0
github.com/cryanbrow/eve-graphql-go/graph/data_access/esi/universe/universe_rest.go:583.17,585.4 1 0
github.com/cryanbrow/eve-graphql-go/graph/data_access/esi/universe/universe_rest.go:585.9,587.4 1 0
github.com/cryanbrow/eve-graphql-go/graph/data_access/esi/universe/universe_rest.go:592.53,594.15 2 0
github.com/cryanbrow/eve-graphql-go/graph/data_access/esi/universe/universe_rest.go:597.2,602.16 5 0
github.com/cryanbrow/eve-graphql-go/graph/data_access/esi/universe/universe_rest.go:606.2,606.65 1 0
github.com/cryanbrow/eve-graphql-go/graph/data_access/esi/universe/universe_rest.go:611.2,611.22 1 0
github.com/cryanbrow/eve-graphql-go/graph/data_access/esi/universe/universe_rest.go:594.15,596.3 1 0
github.com/cryanbrow/eve-graphql-go/graph/data_access/esi/universe/universe_rest.go:602.16,604.3 1 0
github.com/cryanbrow/eve-graphql-go/graph/data_access/esi/universe/universe_rest.go:606.65,609.3 2 0
github.com/cryanbrow/eve-graphql-go/graph/data_access/esi/universe/universe_rest.go:614.59,616.30 2 0
github.com/cryanbrow/eve-graphql-go/graph/data_access/esi/universe/universe_rest.go:624.2,624.28 1 0
github.com/cryanbrow/eve-graphql-go/graph/data_access/esi/universe/universe_rest.go:616.30,618.17 2 0
github.com/cryanbrow/eve-graphql-go/graph/data_access/esi/universe/universe_rest.go:618.17,620.4 1 0
github.com/cryanbrow/eve-graphql-go/graph/data_access/esi/universe/universe_rest.go:620.9,622.4 1 0
github.com/cryanbrow/eve-graphql-go/graph/data_access/esi/universe/universe_rest.go:627.51,628.15 1 0
github.com/cryanbrow/eve-graphql-go/graph/data_access/esi/universe/universe_rest.go:631.2,631.22 1 0
github.com/cryanbrow/eve-graphql-go/graph/data_access/esi/universe/universe_rest.go:634.2,640.16 6 0
github.com/cryanbrow/eve-graphql-go/graph/data_access/esi/universe/universe_rest.go:644.2,644.64 1 0
github.com/cryanbrow/eve-graphql-go/graph/data_access/esi/universe/universe_rest.go:649.2,649.21 1 0
github.com/cryanbrow/eve-graphql-go/graph/data_access/esi/universe/universe_rest.go:628.15,630.3 1 0
github.com/cryanbrow/eve-graphql-go/graph/data_access/esi/universe/universe_rest.go:631.22,633.3 1 0
github.com/cryanbrow/eve-graphql-go/graph/data_access/esi/universe/universe_rest.go:640.16,642.3 1 0
github.com/cryanbrow/eve-graphql-go/graph/data_access/esi/universe/universe_rest.go:644.64,647.3 2 0
github.com/cryanbrow/eve-graphql-go/graph/data_access/esi/universe/universe_rest.go:652.57,654.30 2 0
github.com/cryanbrow/eve-graphql-go/graph/data_access/esi/universe/universe_rest.go:662.2,662.27 1 0
github.com/cryanbrow/eve-graphql-go/graph/data_access/esi/universe/universe_rest.go:654.30,656.17 2 0
github.com/cryanbrow/eve-graphql-go/graph/data_access/esi/universe/universe_rest.go:656.17,658.4 1 0
github.com/cryanbrow/eve-graphql-go/graph/data_access/esi/universe/universe_rest.go:658.9,660.4 1 0
github.com/cryanbrow/eve-graphql-go/graph/data_access/esi/universe/universe_rest.go:665.49,666.15 1 0
github.com/cryanbrow/eve-graphql-go/graph/data_access/esi/universe/universe_rest.go:669.2,675.16 6 0
github.com/cryanbrow/eve-graphql-go/graph/data_access/esi/universe/universe_rest.go:679.2,679.63 1 0
github.com/cryanbrow/eve-graphql-go/graph/data_access/esi/universe/universe_rest.go:684.2,684.20 1 0
github.com/cryanbrow/eve-graphql-go/graph/data_access/esi/universe/universe_rest.go:666.15,668.3 1 0
github.com/cryanbrow/eve-graphql-go/graph/data_access/esi/universe/universe_rest.go:675.16,677.3 1 0
github.com/cryanbrow/eve-graphql-go/graph/data_access/esi/universe/universe_rest.go:679.63,682.3 2 0
github.com/cryanbrow/eve-graphql-go/graph/data_access/esi/universe/universe_rest.go:697.26,700.2 2 0
github.com/cryanbrow/eve-graphql-go/server.go:34.13,37.16 3 0
github.com/cryanbrow/eve-graphql-go/server.go:41.2,46.75 4 0
github.com/cryanbrow/eve-graphql-go/server.go:67.2,70.49 3 0
github.com/cryanbrow/eve-graphql-go/server.go:37.16,39.3 1 0
github.com/cryanbrow/eve-graphql-go/server.go:46.75,48.10 2 0
github.com/cryanbrow/eve-graphql-go/server.go:52.3,53.17 2 0
github.com/cryanbrow/eve-graphql-go/server.go:58.3,63.51 4 0
github.com/cryanbrow/eve-graphql-go/server.go:48.10,51.4 2 0
github.com/cryanbrow/eve-graphql-go/server.go:53.17,57.4 3 0
github.com/cryanbrow/eve-graphql-go/server.go:63.51,65.4 1 0
github.com/cryanbrow/eve-graphql-go/server.go:73.26,84.2 10 0
github.com/cryanbrow/eve-graphql-go/graph/data_access/esi/alliance/alliance_rest.go:17.53,19.15 2 0
github.com/cryanbrow/eve-graphql-go/graph/data_access/esi/alliance/alliance_rest.go:22.2,27.16 5 0
github.com/cryanbrow/eve-graphql-go/graph/data_access/esi/alliance/alliance_rest.go:31.2,31.65 1 0
github.com/cryanbrow/eve-graphql-go/graph/data_access/esi/alliance/alliance_rest.go:36.2,36.22 1 0
github.com/cryanbrow/eve-graphql-go/graph/data_access/esi/alliance/alliance_rest.go:19.15,21.3 1 0
github.com/cryanbrow/eve-graphql-go/graph/data_access/esi/alliance/alliance_rest.go:27.16,29.3 1 0
github.com/cryanbrow/eve-graphql-go/graph/data_access/esi/alliance/alliance_rest.go:31.65,34.3 2 0
github.com/cryanbrow/eve-graphql-go/graph/data_access/esi/alliance/alliance_rest.go:47.26,49.2 1 0
github.com/cryanbrow/eve-graphql-go/graph/data_access/esi/dogma/dogma_rest.go:17.71,19.15 2 0
github.com/cryanbrow/eve-graphql-go/graph/data_access/esi/dogma/dogma_rest.go:22.2,27.16 5 0
github.com/cryanbrow/eve-graphql-go/graph/data_access/esi/dogma/dogma_rest.go:31.2,31.71 1 0
github.com/cryanbrow/eve-graphql-go/graph/data_access/esi/dogma/dogma_rest.go:36.2,36.28 1 0
github.com/cryanbrow/eve-graphql-go/graph/data_access/esi/dogma/dogma_rest.go:19.15,21.3 1 0
github.com/cryanbrow/eve-graphql-go/graph/data_access/esi/dogma/dogma_rest.go:27.16,29.3 1 0
github.com/cryanbrow/eve-graphql-go/graph/data_access/esi/dogma/dogma_rest.go:31.71,34.3 2 0
github.com/cryanbrow/eve-graphql-go/graph/data_access/esi/dogma/dogma_rest.go:39.65,41.15 2 0
github.com/cryanbrow/eve-graphql-go/graph/data_access/esi/dogma/dogma_rest.go:44.2,49.16 5 0
github.com/cryanbrow/eve-graphql-go/graph/data_access/esi/dogma/dogma_rest.go:53.2,53.68 1 0
github.com/cryanbrow/eve-graphql-go/graph/data_access/esi/dogma/dogma_rest.go:58.2,58.25 1 0
github.com/cryanbrow/eve-graphql-go/graph/data_access/esi/dogma/dogma_rest.go:41.15,43.3 1 0
github.com/cryanbrow/eve-graphql-go/graph/data_access/esi/dogma/dogma_rest.go:49.16,51.3 1 0
github.com/cryanbrow/eve-graphql-go/graph/data_access/esi/dogma/dogma_rest.go:53.68,56.3 2 0
github.com/cryanbrow/eve-graphql-go/graph/data_access/esi/dogma/dogma_rest.go:69.23,71.2 1 0
