mode: atomic
github.com/cryanbrow/eve-graphql-go/graph/caching/redis_cache.go:17.61,20.16 3 0
github.com/cryanbrow/eve-graphql-go/graph/caching/redis_cache.go:27.2,27.26 1 0
github.com/cryanbrow/eve-graphql-go/graph/caching/redis_cache.go:20.16,21.42 1 0
github.com/cryanbrow/eve-graphql-go/graph/caching/redis_cache.go:21.42,23.4 1 0
github.com/cryanbrow/eve-graphql-go/graph/caching/redis_cache.go:23.9,25.4 1 0
github.com/cryanbrow/eve-graphql-go/graph/caching/redis_cache.go:30.71,33.16 3 0
github.com/cryanbrow/eve-graphql-go/graph/caching/redis_cache.go:37.2,38.16 2 0
github.com/cryanbrow/eve-graphql-go/graph/caching/redis_cache.go:33.16,36.3 2 0
github.com/cryanbrow/eve-graphql-go/graph/caching/redis_cache.go:38.16,39.42 1 0
github.com/cryanbrow/eve-graphql-go/graph/caching/redis_cache.go:39.42,43.4 3 0
github.com/cryanbrow/eve-graphql-go/graph/caching/redis_cache.go:43.9,45.4 1 0
github.com/cryanbrow/eve-graphql-go/graph/caching/redis_cache.go:49.29,56.2 1 0
github.com/cryanbrow/eve-graphql-go/graph/helpers/time_helper.go:10.43,13.16 3 0
github.com/cryanbrow/eve-graphql-go/graph/helpers/time_helper.go:18.2,19.53 2 0
github.com/cryanbrow/eve-graphql-go/graph/helpers/time_helper.go:13.16,16.3 2 0
github.com/cryanbrow/eve-graphql-go/graph/data_access/esi/character/character_rest.go:17.55,19.15 2 0
github.com/cryanbrow/eve-graphql-go/graph/data_access/esi/character/character_rest.go:22.2,27.16 5 0
github.com/cryanbrow/eve-graphql-go/graph/data_access/esi/character/character_rest.go:31.2,31.66 1 0
github.com/cryanbrow/eve-graphql-go/graph/data_access/esi/character/character_rest.go:36.2,36.23 1 0
github.com/cryanbrow/eve-graphql-go/graph/data_access/esi/character/character_rest.go:19.15,21.3 1 0
github.com/cryanbrow/eve-graphql-go/graph/data_access/esi/character/character_rest.go:27.16,29.3 1 0
github.com/cryanbrow/eve-graphql-go/graph/data_access/esi/character/character_rest.go:31.66,34.3 2 0
github.com/cryanbrow/eve-graphql-go/graph/data_access/esi/character/character_rest.go:47.27,49.2 1 0
github.com/cryanbrow/eve-graphql-go/graph/data_access/esi/universe/universe_rest.go:23.53,26.15 3 0
github.com/cryanbrow/eve-graphql-go/graph/data_access/esi/universe/universe_rest.go:30.2,31.14 2 0
github.com/cryanbrow/eve-graphql-go/graph/data_access/esi/universe/universe_rest.go:26.15,28.3 1 0
github.com/cryanbrow/eve-graphql-go/graph/data_access/esi/universe/universe_rest.go:31.14,33.17 2 0
github.com/cryanbrow/eve-graphql-go/graph/data_access/esi/universe/universe_rest.go:33.17,35.4 1 0
github.com/cryanbrow/eve-graphql-go/graph/data_access/esi/universe/universe_rest.go:35.9,37.4 1 0
github.com/cryanbrow/eve-graphql-go/graph/data_access/esi/universe/universe_rest.go:38.8,39.59 1 0
github.com/cryanbrow/eve-graphql-go/graph/data_access/esi/universe/universe_rest.go:39.59,42.4 2 0
github.com/cryanbrow/eve-graphql-go/graph/data_access/esi/universe/universe_rest.go:42.9,44.4 1 0
github.com/cryanbrow/eve-graphql-go/graph/data_access/esi/universe/universe_rest.go:48.56,56.16 7 0
github.com/cryanbrow/eve-graphql-go/graph/data_access/esi/universe/universe_rest.go:60.2,60.67 1 0
github.com/cryanbrow/eve-graphql-go/graph/data_access/esi/universe/universe_rest.go:64.2,64.38 1 0
github.com/cryanbrow/eve-graphql-go/graph/data_access/esi/universe/universe_rest.go:77.2,77.28 1 0
github.com/cryanbrow/eve-graphql-go/graph/data_access/esi/universe/universe_rest.go:56.16,58.3 1 0
github.com/cryanbrow/eve-graphql-go/graph/data_access/esi/universe/universe_rest.go:60.67,63.3 2 0
github.com/cryanbrow/eve-graphql-go/graph/data_access/esi/universe/universe_rest.go:64.38,66.26 2 0
github.com/cryanbrow/eve-graphql-go/graph/data_access/esi/universe/universe_rest.go:70.3,71.17 2 0
github.com/cryanbrow/eve-graphql-go/graph/data_access/esi/universe/universe_rest.go:66.26,69.4 2 0
github.com/cryanbrow/eve-graphql-go/graph/data_access/esi/universe/universe_rest.go:71.17,73.4 1 0
github.com/cryanbrow/eve-graphql-go/graph/data_access/esi/universe/universe_rest.go:73.9,75.4 1 0
github.com/cryanbrow/eve-graphql-go/graph/data_access/esi/universe/universe_rest.go:80.79,82.40 2 0
github.com/cryanbrow/eve-graphql-go/graph/data_access/esi/universe/universe_rest.go:90.2,91.33 2 0
github.com/cryanbrow/eve-graphql-go/graph/data_access/esi/universe/universe_rest.go:82.40,84.17 2 0
github.com/cryanbrow/eve-graphql-go/graph/data_access/esi/universe/universe_rest.go:84.17,86.4 1 0
github.com/cryanbrow/eve-graphql-go/graph/data_access/esi/universe/universe_rest.go:86.9,88.4 1 0
github.com/cryanbrow/eve-graphql-go/graph/data_access/esi/universe/universe_rest.go:94.61,96.15 2 0
github.com/cryanbrow/eve-graphql-go/graph/data_access/esi/universe/universe_rest.go:99.2,104.16 5 0
github.com/cryanbrow/eve-graphql-go/graph/data_access/esi/universe/universe_rest.go:107.2,109.69 2 0
github.com/cryanbrow/eve-graphql-go/graph/data_access/esi/universe/universe_rest.go:113.2,115.26 2 0
github.com/cryanbrow/eve-graphql-go/graph/data_access/esi/universe/universe_rest.go:96.15,98.3 1 0
github.com/cryanbrow/eve-graphql-go/graph/data_access/esi/universe/universe_rest.go:104.16,106.3 1 0
github.com/cryanbrow/eve-graphql-go/graph/data_access/esi/universe/universe_rest.go:109.69,112.3 2 0
github.com/cryanbrow/eve-graphql-go/graph/data_access/esi/universe/universe_rest.go:118.55,121.15 3 0
github.com/cryanbrow/eve-graphql-go/graph/data_access/esi/universe/universe_rest.go:125.2,126.14 2 0
github.com/cryanbrow/eve-graphql-go/graph/data_access/esi/universe/universe_rest.go:121.15,123.3 1 0
github.com/cryanbrow/eve-graphql-go/graph/data_access/esi/universe/universe_rest.go:126.14,128.17 2 0
github.com/cryanbrow/eve-graphql-go/graph/data_access/esi/universe/universe_rest.go:128.17,130.4 1 0
github.com/cryanbrow/eve-graphql-go/graph/data_access/esi/universe/universe_rest.go:130.9,132.4 1 0
github.com/cryanbrow/eve-graphql-go/graph/data_access/esi/universe/universe_rest.go:133.8,134.60 1 0
github.com/cryanbrow/eve-graphql-go/graph/data_access/esi/universe/universe_rest.go:134.60,137.4 2 0
github.com/cryanbrow/eve-graphql-go/graph/data_access/esi/universe/universe_rest.go:137.9,139.4 1 0
github.com/cryanbrow/eve-graphql-go/graph/data_access/esi/universe/universe_rest.go:143.58,151.16 7 0
github.com/cryanbrow/eve-graphql-go/graph/data_access/esi/universe/universe_rest.go:155.2,155.67 1 0
github.com/cryanbrow/eve-graphql-go/graph/data_access/esi/universe/universe_rest.go:159.2,159.39 1 0
github.com/cryanbrow/eve-graphql-go/graph/data_access/esi/universe/universe_rest.go:172.2,172.29 1 0
github.com/cryanbrow/eve-graphql-go/graph/data_access/esi/universe/universe_rest.go:151.16,153.3 1 0
github.com/cryanbrow/eve-graphql-go/graph/data_access/esi/universe/universe_rest.go:155.67,158.3 2 0
github.com/cryanbrow/eve-graphql-go/graph/data_access/esi/universe/universe_rest.go:159.39,161.36 2 0
github.com/cryanbrow/eve-graphql-go/graph/data_access/esi/universe/universe_rest.go:165.3,166.17 2 0
github.com/cryanbrow/eve-graphql-go/graph/data_access/esi/universe/universe_rest.go:161.36,164.4 2 0
github.com/cryanbrow/eve-graphql-go/graph/data_access/esi/universe/universe_rest.go:166.17,168.4 1 0
github.com/cryanbrow/eve-graphql-go/graph/data_access/esi/universe/universe_rest.go:168.9,170.4 1 0
github.com/cryanbrow/eve-graphql-go/graph/data_access/esi/universe/universe_rest.go:175.53,177.15 2 0
github.com/cryanbrow/eve-graphql-go/graph/data_access/esi/universe/universe_rest.go:180.2,185.16 5 0
github.com/cryanbrow/eve-graphql-go/graph/data_access/esi/universe/universe_rest.go:189.2,189.65 1 0
github.com/cryanbrow/eve-graphql-go/graph/data_access/esi/universe/universe_rest.go:194.2,194.22 1 0
github.com/cryanbrow/eve-graphql-go/graph/data_access/esi/universe/universe_rest.go:177.15,179.3 1 0
github.com/cryanbrow/eve-graphql-go/graph/data_access/esi/universe/universe_rest.go:185.16,187.3 1 0
github.com/cryanbrow/eve-graphql-go/graph/data_access/esi/universe/universe_rest.go:189.65,192.3 2 0
github.com/cryanbrow/eve-graphql-go/graph/data_access/esi/universe/universe_rest.go:197.70,199.30 2 0
github.com/cryanbrow/eve-graphql-go/graph/data_access/esi/universe/universe_rest.go:207.2,207.34 1 0
github.com/cryanbrow/eve-graphql-go/graph/data_access/esi/universe/universe_rest.go:199.30,201.17 2 0
github.com/cryanbrow/eve-graphql-go/graph/data_access/esi/universe/universe_rest.go:201.17,203.4 1 0
github.com/cryanbrow/eve-graphql-go/graph/data_access/esi/universe/universe_rest.go:203.9,205.4 1 0
github.com/cryanbrow/eve-graphql-go/graph/data_access/esi/universe/universe_rest.go:210.63,212.15 2 0
github.com/cryanbrow/eve-graphql-go/graph/data_access/esi/universe/universe_rest.go:215.2,220.16 5 0
github.com/cryanbrow/eve-graphql-go/graph/data_access/esi/universe/universe_rest.go:224.2,224.70 1 0
github.com/cryanbrow/eve-graphql-go/graph/data_access/esi/universe/universe_rest.go:229.2,229.27 1 0
github.com/cryanbrow/eve-graphql-go/graph/data_access/esi/universe/universe_rest.go:212.15,214.3 1 0
github.com/cryanbrow/eve-graphql-go/graph/data_access/esi/universe/universe_rest.go:220.16,222.3 1 0
github.com/cryanbrow/eve-graphql-go/graph/data_access/esi/universe/universe_rest.go:224.70,227.3 2 0
github.com/cryanbrow/eve-graphql-go/graph/data_access/esi/universe/universe_rest.go:232.51,234.15 2 0
github.com/cryanbrow/eve-graphql-go/graph/data_access/esi/universe/universe_rest.go:238.2,239.14 2 0
github.com/cryanbrow/eve-graphql-go/graph/data_access/esi/universe/universe_rest.go:234.15,236.3 1 0
github.com/cryanbrow/eve-graphql-go/graph/data_access/esi/universe/universe_rest.go:239.14,241.17 2 0
github.com/cryanbrow/eve-graphql-go/graph/data_access/esi/universe/universe_rest.go:241.17,243.4 1 0
github.com/cryanbrow/eve-graphql-go/graph/data_access/esi/universe/universe_rest.go:243.9,245.4 1 0
github.com/cryanbrow/eve-graphql-go/graph/data_access/esi/universe/universe_rest.go:246.8,247.58 1 0
github.com/cryanbrow/eve-graphql-go/graph/data_access/esi/universe/universe_rest.go:247.58,250.4 2 0
github.com/cryanbrow/eve-graphql-go/graph/data_access/esi/universe/universe_rest.go:250.9,252.4 1 0
github.com/cryanbrow/eve-graphql-go/graph/data_access/esi/universe/universe_rest.go:256.54,264.16 7 0
github.com/cryanbrow/eve-graphql-go/graph/data_access/esi/universe/universe_rest.go:268.2,268.65 1 0
github.com/cryanbrow/eve-graphql-go/graph/data_access/esi/universe/universe_rest.go:272.2,272.35 1 0
github.com/cryanbrow/eve-graphql-go/graph/data_access/esi/universe/universe_rest.go:285.2,285.27 1 0
github.com/cryanbrow/eve-graphql-go/graph/data_access/esi/universe/universe_rest.go:264.16,266.3 1 0
github.com/cryanbrow/eve-graphql-go/graph/data_access/esi/universe/universe_rest.go:268.65,271.3 2 0
github.com/cryanbrow/eve-graphql-go/graph/data_access/esi/universe/universe_rest.go:272.35,274.32 2 0
github.com/cryanbrow/eve-graphql-go/graph/data_access/esi/universe/universe_rest.go:278.3,279.17 2 0
github.com/cryanbrow/eve-graphql-go/graph/data_access/esi/universe/universe_rest.go:274.32,277.4 2 0
github.com/cryanbrow/eve-graphql-go/graph/data_access/esi/universe/universe_rest.go:279.17,281.4 1 0
github.com/cryanbrow/eve-graphql-go/graph/data_access/esi/universe/universe_rest.go:281.9,283.4 1 0
github.com/cryanbrow/eve-graphql-go/graph/data_access/esi/universe/universe_rest.go:288.51,290.15 2 0
github.com/cryanbrow/eve-graphql-go/graph/data_access/esi/universe/universe_rest.go:293.2,298.16 5 0
github.com/cryanbrow/eve-graphql-go/graph/data_access/esi/universe/universe_rest.go:302.2,302.64 1 0
github.com/cryanbrow/eve-graphql-go/graph/data_access/esi/universe/universe_rest.go:307.2,307.21 1 0
github.com/cryanbrow/eve-graphql-go/graph/data_access/esi/universe/universe_rest.go:290.15,292.3 1 0
github.com/cryanbrow/eve-graphql-go/graph/data_access/esi/universe/universe_rest.go:298.16,300.3 1 0
github.com/cryanbrow/eve-graphql-go/graph/data_access/esi/universe/universe_rest.go:302.64,305.3 2 0
github.com/cryanbrow/eve-graphql-go/graph/data_access/esi/universe/universe_rest.go:310.47,312.15 2 0
github.com/cryanbrow/eve-graphql-go/graph/data_access/esi/universe/universe_rest.go:315.2,320.16 5 0
github.com/cryanbrow/eve-graphql-go/graph/data_access/esi/universe/universe_rest.go:324.2,324.62 1 0
github.com/cryanbrow/eve-graphql-go/graph/data_access/esi/universe/universe_rest.go:329.2,329.19 1 0
github.com/cryanbrow/eve-graphql-go/graph/data_access/esi/universe/universe_rest.go:312.15,314.3 1 0
github.com/cryanbrow/eve-graphql-go/graph/data_access/esi/universe/universe_rest.go:320.16,322.3 1 0
github.com/cryanbrow/eve-graphql-go/graph/data_access/esi/universe/universe_rest.go:324.62,327.3 2 0
github.com/cryanbrow/eve-graphql-go/graph/data_access/esi/universe/universe_rest.go:332.60,335.17 3 0
github.com/cryanbrow/eve-graphql-go/graph/data_access/esi/universe/universe_rest.go:338.2,343.16 5 0
github.com/cryanbrow/eve-graphql-go/graph/data_access/esi/universe/universe_rest.go:348.2,349.16 2 0
github.com/cryanbrow/eve-graphql-go/graph/data_access/esi/universe/universe_rest.go:353.2,353.60 1 0
github.com/cryanbrow/eve-graphql-go/graph/data_access/esi/universe/universe_rest.go:358.2,358.18 1 0
github.com/cryanbrow/eve-graphql-go/graph/data_access/esi/universe/universe_rest.go:335.17,337.3 1 0
github.com/cryanbrow/eve-graphql-go/graph/data_access/esi/universe/universe_rest.go:343.16,346.3 2 0
github.com/cryanbrow/eve-graphql-go/graph/data_access/esi/universe/universe_rest.go:349.16,351.3 1 0
github.com/cryanbrow/eve-graphql-go/graph/data_access/esi/universe/universe_rest.go:353.60,356.3 2 0
github.com/cryanbrow/eve-graphql-go/graph/data_access/esi/universe/universe_rest.go:359.26,360.32 1 0
github.com/cryanbrow/eve-graphql-go/graph/data_access/esi/universe/universe_rest.go:361.29,362.35 1 0
github.com/cryanbrow/eve-graphql-go/graph/data_access/esi/universe/universe_rest.go:363.30,364.36 1 0
github.com/cryanbrow/eve-graphql-go/graph/data_access/esi/universe/universe_rest.go:365.34,366.40 1 0
github.com/cryanbrow/eve-graphql-go/graph/data_access/esi/universe/universe_rest.go:367.32,368.38 1 0
github.com/cryanbrow/eve-graphql-go/graph/data_access/esi/universe/universe_rest.go:369.28,370.34 1 0
github.com/cryanbrow/eve-graphql-go/graph/data_access/esi/universe/universe_rest.go:371.35,372.40 1 0
github.com/cryanbrow/eve-graphql-go/graph/data_access/esi/universe/universe_rest.go:373.27,374.33 1 0
github.com/cryanbrow/eve-graphql-go/graph/data_access/esi/universe/universe_rest.go:375.27,376.33 1 0
github.com/cryanbrow/eve-graphql-go/graph/data_access/esi/universe/universe_rest.go:377.10,378.41 1 0
github.com/cryanbrow/eve-graphql-go/graph/data_access/esi/universe/universe_rest.go:383.66,385.36 2 0
github.com/cryanbrow/eve-graphql-go/graph/data_access/esi/universe/universe_rest.go:393.2,393.29 1 0
github.com/cryanbrow/eve-graphql-go/graph/data_access/esi/universe/universe_rest.go:385.36,387.17 2 0
github.com/cryanbrow/eve-graphql-go/graph/data_access/esi/universe/universe_rest.go:387.17,389.4 1 0
github.com/cryanbrow/eve-graphql-go/graph/data_access/esi/universe/universe_rest.go:389.9,391.4 1 0
github.com/cryanbrow/eve-graphql-go/graph/data_access/esi/universe/universe_rest.go:396.53,398.15 2 0
github.com/cryanbrow/eve-graphql-go/graph/data_access/esi/universe/universe_rest.go:401.2,406.16 5 0
github.com/cryanbrow/eve-graphql-go/graph/data_access/esi/universe/universe_rest.go:410.2,410.65 1 0
github.com/cryanbrow/eve-graphql-go/graph/data_access/esi/universe/universe_rest.go:415.2,415.22 1 0
github.com/cryanbrow/eve-graphql-go/graph/data_access/esi/universe/universe_rest.go:398.15,400.3 1 0
github.com/cryanbrow/eve-graphql-go/graph/data_access/esi/universe/universe_rest.go:406.16,408.3 1 0
github.com/cryanbrow/eve-graphql-go/graph/data_access/esi/universe/universe_rest.go:410.65,413.3 2 0
github.com/cryanbrow/eve-graphql-go/graph/data_access/esi/universe/universe_rest.go:418.55,420.32 2 0
github.com/cryanbrow/eve-graphql-go/graph/data_access/esi/universe/universe_rest.go:428.2,428.25 1 0
github.com/cryanbrow/eve-graphql-go/graph/data_access/esi/universe/universe_rest.go:420.32,422.17 2 0
github.com/cryanbrow/eve-graphql-go/graph/data_access/esi/universe/universe_rest.go:422.17,424.4 1 0
github.com/cryanbrow/eve-graphql-go/graph/data_access/esi/universe/universe_rest.go:424.9,426.4 1 0
github.com/cryanbrow/eve-graphql-go/graph/data_access/esi/universe/universe_rest.go:431.45,433.15 2 0
github.com/cryanbrow/eve-graphql-go/graph/data_access/esi/universe/universe_rest.go:436.2,441.16 5 0
github.com/cryanbrow/eve-graphql-go/graph/data_access/esi/universe/universe_rest.go:445.2,445.61 1 0
github.com/cryanbrow/eve-graphql-go/graph/data_access/esi/universe/universe_rest.go:450.2,450.18 1 0
github.com/cryanbrow/eve-graphql-go/graph/data_access/esi/universe/universe_rest.go:433.15,435.3 1 0
github.com/cryanbrow/eve-graphql-go/graph/data_access/esi/universe/universe_rest.go:441.16,443.3 1 0
github.com/cryanbrow/eve-graphql-go/graph/data_access/esi/universe/universe_rest.go:445.61,448.3 2 0
github.com/cryanbrow/eve-graphql-go/graph/data_access/esi/universe/universe_rest.go:453.49,455.15 2 0
github.com/cryanbrow/eve-graphql-go/graph/data_access/esi/universe/universe_rest.go:458.2,463.16 5 0
github.com/cryanbrow/eve-graphql-go/graph/data_access/esi/universe/universe_rest.go:467.2,467.63 1 0
github.com/cryanbrow/eve-graphql-go/graph/data_access/esi/universe/universe_rest.go:472.2,472.20 1 0
github.com/cryanbrow/eve-graphql-go/graph/data_access/esi/universe/universe_rest.go:455.15,457.3 1 0
github.com/cryanbrow/eve-graphql-go/graph/data_access/esi/universe/universe_rest.go:463.16,465.3 1 0
github.com/cryanbrow/eve-graphql-go/graph/data_access/esi/universe/universe_rest.go:467.63,470.3 2 0
github.com/cryanbrow/eve-graphql-go/graph/data_access/esi/universe/universe_rest.go:475.45,478.15 3 0
github.com/cryanbrow/eve-graphql-go/graph/data_access/esi/universe/universe_rest.go:482.2,483.14 2 0
github.com/cryanbrow/eve-graphql-go/graph/data_access/esi/universe/universe_rest.go:478.15,480.3 1 0
github.com/cryanbrow/eve-graphql-go/graph/data_access/esi/universe/universe_rest.go:483.14,485.17 2 0
github.com/cryanbrow/eve-graphql-go/graph/data_access/esi/universe/universe_rest.go:485.17,487.4 1 0
github.com/cryanbrow/eve-graphql-go/graph/data_access/esi/universe/universe_rest.go:487.9,489.4 1 0
github.com/cryanbrow/eve-graphql-go/graph/data_access/esi/universe/universe_rest.go:490.8,491.55 1 0
github.com/cryanbrow/eve-graphql-go/graph/data_access/esi/universe/universe_rest.go:491.55,494.4 2 0
github.com/cryanbrow/eve-graphql-go/graph/data_access/esi/universe/universe_rest.go:494.9,496.4 1 0
github.com/cryanbrow/eve-graphql-go/graph/data_access/esi/universe/universe_rest.go:500.48,509.16 8 0
github.com/cryanbrow/eve-graphql-go/graph/data_access/esi/universe/universe_rest.go:513.2,513.62 1 0
github.com/cryanbrow/eve-graphql-go/graph/data_access/esi/universe/universe_rest.go:517.2,517.29 1 0
github.com/cryanbrow/eve-graphql-go/graph/data_access/esi/universe/universe_rest.go:530.2,530.24 1 0
github.com/cryanbrow/eve-graphql-go/graph/data_access/esi/universe/universe_rest.go:509.16,511.3 1 0
github.com/cryanbrow/eve-graphql-go/graph/data_access/esi/universe/universe_rest.go:513.62,516.3 2 0
github.com/cryanbrow/eve-graphql-go/graph/data_access/esi/universe/universe_rest.go:517.29,519.26 2 0
github.com/cryanbrow/eve-graphql-go/graph/data_access/esi/universe/universe_rest.go:523.3,524.17 2 0
github.com/cryanbrow/eve-graphql-go/graph/data_access/esi/universe/universe_rest.go:519.26,522.4 2 0
github.com/cryanbrow/eve-graphql-go/graph/data_access/esi/universe/universe_rest.go:524.17,526.4 1 0
github.com/cryanbrow/eve-graphql-go/graph/data_access/esi/universe/universe_rest.go:526.9,528.4 1 0
github.com/cryanbrow/eve-graphql-go/graph/data_access/esi/universe/universe_rest.go:533.49,535.15 2 0
github.com/cryanbrow/eve-graphql-go/graph/data_access/esi/universe/universe_rest.go:538.2,543.16 5 0
github.com/cryanbrow/eve-graphql-go/graph/data_access/esi/universe/universe_rest.go:547.2,547.63 1 0
github.com/cryanbrow/eve-graphql-go/graph/data_access/esi/universe/universe_rest.go:552.2,552.20 1 0
github.com/cryanbrow/eve-graphql-go/graph/data_access/esi/universe/universe_rest.go:535.15,537.3 1 0
github.com/cryanbrow/eve-graphql-go/graph/data_access/esi/universe/universe_rest.go:543.16,545.3 1 0
github.com/cryanbrow/eve-graphql-go/graph/data_access/esi/universe/universe_rest.go:547.63,550.3 2 0
github.com/cryanbrow/eve-graphql-go/graph/data_access/esi/universe/universe_rest.go:555.45,557.15 2 0
github.com/cryanbrow/eve-graphql-go/graph/data_access/esi/universe/universe_rest.go:560.2,565.16 5 0
github.com/cryanbrow/eve-graphql-go/graph/data_access/esi/universe/universe_rest.go:569.2,569.61 1 0
github.com/cryanbrow/eve-graphql-go/graph/data_access/esi/universe/universe_rest.go:574.2,574.18 1 0
github.com/cryanbrow/eve-graphql-go/graph/data_access/esi/universe/universe_rest.go:557.15,559.3 1 0
github.com/cryanbrow/eve-graphql-go/graph/data_access/esi/universe/universe_rest.go:565.16,567.3 1 0
github.com/cryanbrow/eve-graphql-go/graph/data_access/esi/universe/universe_rest.go:569.61,572.3 2 0
github.com/cryanbrow/eve-graphql-go/graph/data_access/esi/universe/universe_rest.go:577.67,579.36 2 0
github.com/cryanbrow/eve-graphql-go/graph/data_access/esi/universe/universe_rest.go:587.2,587.29 1 0
github.com/cryanbrow/eve-graphql-go/graph/data_access/esi/universe/universe_rest.go:579.36,581.17 2 0
github.com/cryanbrow/eve-graphql-go/graph/data_access/esi/universe/universe_rest.go:581.17,583.4 1 0
github.com/cryanbrow/eve-graphql-go/graph/data_access/esi/universe/universe_rest.go:583.9,585.4 1 0
github.com/cryanbrow/eve-graphql-go/graph/data_access/esi/universe/universe_rest.go:590.53,592.15 2 0
github.com/cryanbrow/eve-graphql-go/graph/data_access/esi/universe/universe_rest.go:595.2,600.16 5 0
github.com/cryanbrow/eve-graphql-go/graph/data_access/esi/universe/universe_rest.go:604.2,604.65 1 0
github.com/cryanbrow/eve-graphql-go/graph/data_access/esi/universe/universe_rest.go:609.2,609.22 1 0
github.com/cryanbrow/eve-graphql-go/graph/data_access/esi/universe/universe_rest.go:592.15,594.3 1 0
github.com/cryanbrow/eve-graphql-go/graph/data_access/esi/universe/universe_rest.go:600.16,602.3 1 0
github.com/cryanbrow/eve-graphql-go/graph/data_access/esi/universe/universe_rest.go:604.65,607.3 2 0
github.com/cryanbrow/eve-graphql-go/graph/data_access/esi/universe/universe_rest.go:612.59,614.30 2 0
github.com/cryanbrow/eve-graphql-go/graph/data_access/esi/universe/universe_rest.go:622.2,622.28 1 0
github.com/cryanbrow/eve-graphql-go/graph/data_access/esi/universe/universe_rest.go:614.30,616.17 2 0
github.com/cryanbrow/eve-graphql-go/graph/data_access/esi/universe/universe_rest.go:616.17,618.4 1 0
github.com/cryanbrow/eve-graphql-go/graph/data_access/esi/universe/universe_rest.go:618.9,620.4 1 0
github.com/cryanbrow/eve-graphql-go/graph/data_access/esi/universe/universe_rest.go:625.51,626.15 1 0
github.com/cryanbrow/eve-graphql-go/graph/data_access/esi/universe/universe_rest.go:629.2,629.22 1 0
github.com/cryanbrow/eve-graphql-go/graph/data_access/esi/universe/universe_rest.go:632.2,638.16 6 0
github.com/cryanbrow/eve-graphql-go/graph/data_access/esi/universe/universe_rest.go:642.2,642.64 1 0
github.com/cryanbrow/eve-graphql-go/graph/data_access/esi/universe/universe_rest.go:647.2,647.21 1 0
github.com/cryanbrow/eve-graphql-go/graph/data_access/esi/universe/universe_rest.go:626.15,628.3 1 0
github.com/cryanbrow/eve-graphql-go/graph/data_access/esi/universe/universe_rest.go:629.22,631.3 1 0
github.com/cryanbrow/eve-graphql-go/graph/data_access/esi/universe/universe_rest.go:638.16,640.3 1 0
github.com/cryanbrow/eve-graphql-go/graph/data_access/esi/universe/universe_rest.go:642.64,645.3 2 0
github.com/cryanbrow/eve-graphql-go/graph/data_access/esi/universe/universe_rest.go:650.57,652.30 2 0
github.com/cryanbrow/eve-graphql-go/graph/data_access/esi/universe/universe_rest.go:660.2,660.27 1 0
github.com/cryanbrow/eve-graphql-go/graph/data_access/esi/universe/universe_rest.go:652.30,654.17 2 0
github.com/cryanbrow/eve-graphql-go/graph/data_access/esi/universe/universe_rest.go:654.17,656.4 1 0
github.com/cryanbrow/eve-graphql-go/graph/data_access/esi/universe/universe_rest.go:656.9,658.4 1 0
github.com/cryanbrow/eve-graphql-go/graph/data_access/esi/universe/universe_rest.go:663.49,664.15 1 0
github.com/cryanbrow/eve-graphql-go/graph/data_access/esi/universe/universe_rest.go:667.2,673.16 6 0
github.com/cryanbrow/eve-graphql-go/graph/data_access/esi/universe/universe_rest.go:677.2,677.63 1 0
github.com/cryanbrow/eve-graphql-go/graph/data_access/esi/universe/universe_rest.go:682.2,682.20 1 0
github.com/cryanbrow/eve-graphql-go/graph/data_access/esi/universe/universe_rest.go:664.15,666.3 1 0
github.com/cryanbrow/eve-graphql-go/graph/data_access/esi/universe/universe_rest.go:673.16,675.3 1 0
github.com/cryanbrow/eve-graphql-go/graph/data_access/esi/universe/universe_rest.go:677.63,680.3 2 0
github.com/cryanbrow/eve-graphql-go/graph/data_access/esi/universe/universe_rest.go:695.26,698.2 2 0
github.com/cryanbrow/eve-graphql-go/server.go:34.13,37.16 3 0
github.com/cryanbrow/eve-graphql-go/server.go:41.2,46.75 4 0
github.com/cryanbrow/eve-graphql-go/server.go:67.2,70.49 3 0
github.com/cryanbrow/eve-graphql-go/server.go:37.16,39.3 1 0
github.com/cryanbrow/eve-graphql-go/server.go:46.75,48.10 2 0
github.com/cryanbrow/eve-graphql-go/server.go:52.3,53.17 2 0
github.com/cryanbrow/eve-graphql-go/server.go:58.3,63.51 4 0
github.com/cryanbrow/eve-graphql-go/server.go:48.10,51.4 2 0
github.com/cryanbrow/eve-graphql-go/server.go:53.17,57.4 3 0
github.com/cryanbrow/eve-graphql-go/server.go:63.51,65.4 1 0
github.com/cryanbrow/eve-graphql-go/server.go:73.26,84.2 10 0
github.com/cryanbrow/eve-graphql-go/graph/data_access/esi/alliance/alliance_rest.go:17.53,19.15 2 4
github.com/cryanbrow/eve-graphql-go/graph/data_access/esi/alliance/alliance_rest.go:22.2,27.16 5 3
github.com/cryanbrow/eve-graphql-go/graph/data_access/esi/alliance/alliance_rest.go:31.2,31.65 1 2
github.com/cryanbrow/eve-graphql-go/graph/data_access/esi/alliance/alliance_rest.go:36.2,36.22 1 1
github.com/cryanbrow/eve-graphql-go/graph/data_access/esi/alliance/alliance_rest.go:19.15,21.3 1 1
github.com/cryanbrow/eve-graphql-go/graph/data_access/esi/alliance/alliance_rest.go:27.16,29.3 1 1
github.com/cryanbrow/eve-graphql-go/graph/data_access/esi/alliance/alliance_rest.go:31.65,34.3 2 1
github.com/cryanbrow/eve-graphql-go/graph/data_access/esi/alliance/alliance_rest.go:47.26,49.2 1 0
github.com/cryanbrow/eve-graphql-go/graph/caching/memory_cache.go:15.50,17.107 2 0
github.com/cryanbrow/eve-graphql-go/graph/caching/memory_cache.go:17.107,20.3 2 0
github.com/cryanbrow/eve-graphql-go/graph/caching/memory_cache.go:20.8,22.3 1 0
github.com/cryanbrow/eve-graphql-go/graph/caching/memory_cache.go:25.60,27.107 2 0
github.com/cryanbrow/eve-graphql-go/graph/caching/memory_cache.go:27.107,33.3 5 0
github.com/cryanbrow/eve-graphql-go/graph/schema.resolvers.go:19.117,21.2 1 0
github.com/cryanbrow/eve-graphql-go/graph/schema.resolvers.go:23.104,25.2 1 0
github.com/cryanbrow/eve-graphql-go/graph/schema.resolvers.go:27.118,29.2 1 0
github.com/cryanbrow/eve-graphql-go/graph/schema.resolvers.go:31.102,33.2 1 0
github.com/cryanbrow/eve-graphql-go/graph/schema.resolvers.go:35.106,37.2 1 0
github.com/cryanbrow/eve-graphql-go/graph/schema.resolvers.go:39.109,41.2 1 0
github.com/cryanbrow/eve-graphql-go/graph/schema.resolvers.go:43.106,45.2 1 0
github.com/cryanbrow/eve-graphql-go/graph/schema.resolvers.go:47.106,49.2 1 0
github.com/cryanbrow/eve-graphql-go/graph/schema.resolvers.go:51.108,53.2 1 0
github.com/cryanbrow/eve-graphql-go/graph/schema.resolvers.go:55.112,57.2 1 0
github.com/cryanbrow/eve-graphql-go/graph/schema.resolvers.go:59.104,61.2 1 0
github.com/cryanbrow/eve-graphql-go/graph/schema.resolvers.go:63.98,65.2 1 0
github.com/cryanbrow/eve-graphql-go/graph/schema.resolvers.go:67.110,69.2 1 0
github.com/cryanbrow/eve-graphql-go/graph/schema.resolvers.go:71.118,73.2 1 0
github.com/cryanbrow/eve-graphql-go/graph/schema.resolvers.go:75.110,77.2 1 0
github.com/cryanbrow/eve-graphql-go/graph/schema.resolvers.go:79.106,81.2 1 0
github.com/cryanbrow/eve-graphql-go/graph/schema.resolvers.go:83.110,85.2 1 0
github.com/cryanbrow/eve-graphql-go/graph/schema.resolvers.go:87.108,89.2 1 0
github.com/cryanbrow/eve-graphql-go/graph/schema.resolvers.go:91.112,93.2 1 0
github.com/cryanbrow/eve-graphql-go/graph/schema.resolvers.go:95.130,97.2 1 0
github.com/cryanbrow/eve-graphql-go/graph/schema.resolvers.go:99.118,101.2 1 0
github.com/cryanbrow/eve-graphql-go/graph/schema.resolvers.go:103.146,105.2 1 0
github.com/cryanbrow/eve-graphql-go/graph/schema.resolvers.go:107.145,109.2 1 0
github.com/cryanbrow/eve-graphql-go/graph/schema.resolvers.go:111.144,113.2 1 0
github.com/cryanbrow/eve-graphql-go/graph/schema.resolvers.go:115.142,117.2 1 0
github.com/cryanbrow/eve-graphql-go/graph/schema.resolvers.go:119.150,121.2 1 0
github.com/cryanbrow/eve-graphql-go/graph/schema.resolvers.go:123.108,125.2 1 0
github.com/cryanbrow/eve-graphql-go/graph/schema.resolvers.go:127.115,129.2 1 0
github.com/cryanbrow/eve-graphql-go/graph/schema.resolvers.go:131.103,133.2 1 0
github.com/cryanbrow/eve-graphql-go/graph/schema.resolvers.go:135.98,137.2 1 0
github.com/cryanbrow/eve-graphql-go/graph/schema.resolvers.go:139.101,141.2 1 0
github.com/cryanbrow/eve-graphql-go/graph/schema.resolvers.go:143.103,145.2 1 0
github.com/cryanbrow/eve-graphql-go/graph/schema.resolvers.go:147.99,149.2 1 0
github.com/cryanbrow/eve-graphql-go/graph/schema.resolvers.go:151.111,153.2 1 0
github.com/cryanbrow/eve-graphql-go/graph/schema.resolvers.go:155.111,157.2 1 0
github.com/cryanbrow/eve-graphql-go/graph/schema.resolvers.go:159.117,161.2 1 0
github.com/cryanbrow/eve-graphql-go/graph/schema.resolvers.go:163.125,165.2 1 0
github.com/cryanbrow/eve-graphql-go/graph/schema.resolvers.go:167.126,169.2 1 0
github.com/cryanbrow/eve-graphql-go/graph/schema.resolvers.go:171.92,173.2 1 0
github.com/cryanbrow/eve-graphql-go/graph/schema.resolvers.go:175.97,177.2 1 0
github.com/cryanbrow/eve-graphql-go/graph/schema.resolvers.go:179.94,181.2 1 0
github.com/cryanbrow/eve-graphql-go/graph/schema.resolvers.go:183.98,185.2 1 0
github.com/cryanbrow/eve-graphql-go/graph/schema.resolvers.go:187.96,189.2 1 0
github.com/cryanbrow/eve-graphql-go/graph/schema.resolvers.go:191.100,193.2 1 0
github.com/cryanbrow/eve-graphql-go/graph/schema.resolvers.go:195.155,197.2 1 0
github.com/cryanbrow/eve-graphql-go/graph/schema.resolvers.go:199.167,201.2 1 0
github.com/cryanbrow/eve-graphql-go/graph/schema.resolvers.go:203.89,205.2 1 0
github.com/cryanbrow/eve-graphql-go/graph/schema.resolvers.go:207.91,209.2 1 0
github.com/cryanbrow/eve-graphql-go/graph/schema.resolvers.go:211.89,213.2 1 0
github.com/cryanbrow/eve-graphql-go/graph/schema.resolvers.go:215.99,217.2 1 0
github.com/cryanbrow/eve-graphql-go/graph/schema.resolvers.go:219.91,221.2 1 0
github.com/cryanbrow/eve-graphql-go/graph/schema.resolvers.go:223.118,225.2 1 0
github.com/cryanbrow/eve-graphql-go/graph/schema.resolvers.go:227.116,229.2 1 0
github.com/cryanbrow/eve-graphql-go/graph/schema.resolvers.go:231.97,233.2 1 0
github.com/cryanbrow/eve-graphql-go/graph/schema.resolvers.go:235.96,237.2 1 0
github.com/cryanbrow/eve-graphql-go/graph/schema.resolvers.go:239.104,241.2 1 0
github.com/cryanbrow/eve-graphql-go/graph/schema.resolvers.go:243.126,245.2 1 0
github.com/cryanbrow/eve-graphql-go/graph/schema.resolvers.go:247.122,249.2 1 0
github.com/cryanbrow/eve-graphql-go/graph/schema.resolvers.go:251.114,253.2 1 0
github.com/cryanbrow/eve-graphql-go/graph/schema.resolvers.go:255.94,257.2 1 0
github.com/cryanbrow/eve-graphql-go/graph/schema.resolvers.go:259.98,261.2 1 0
github.com/cryanbrow/eve-graphql-go/graph/schema.resolvers.go:263.105,265.2 1 0
github.com/cryanbrow/eve-graphql-go/graph/schema.resolvers.go:267.110,269.2 1 0
github.com/cryanbrow/eve-graphql-go/graph/schema.resolvers.go:271.92,273.2 1 0
github.com/cryanbrow/eve-graphql-go/graph/schema.resolvers.go:275.106,277.2 1 0
github.com/cryanbrow/eve-graphql-go/graph/schema.resolvers.go:279.104,281.2 1 0
github.com/cryanbrow/eve-graphql-go/graph/schema.resolvers.go:283.134,285.2 1 0
github.com/cryanbrow/eve-graphql-go/graph/schema.resolvers.go:287.114,289.2 1 0
github.com/cryanbrow/eve-graphql-go/graph/schema.resolvers.go:291.119,293.2 1 0
github.com/cryanbrow/eve-graphql-go/graph/schema.resolvers.go:296.58,296.89 1 0
github.com/cryanbrow/eve-graphql-go/graph/schema.resolvers.go:299.58,299.89 1 0
github.com/cryanbrow/eve-graphql-go/graph/schema.resolvers.go:302.68,302.104 1 0
github.com/cryanbrow/eve-graphql-go/graph/schema.resolvers.go:305.60,305.92 1 0
github.com/cryanbrow/eve-graphql-go/graph/schema.resolvers.go:308.68,308.104 1 0
github.com/cryanbrow/eve-graphql-go/graph/schema.resolvers.go:311.64,311.98 1 0
github.com/cryanbrow/eve-graphql-go/graph/schema.resolvers.go:314.72,316.2 1 0
github.com/cryanbrow/eve-graphql-go/graph/schema.resolvers.go:319.66,319.101 1 0
github.com/cryanbrow/eve-graphql-go/graph/schema.resolvers.go:322.80,324.2 1 0
github.com/cryanbrow/eve-graphql-go/graph/schema.resolvers.go:327.56,327.86 1 0
github.com/cryanbrow/eve-graphql-go/graph/schema.resolvers.go:330.52,330.80 1 0
github.com/cryanbrow/eve-graphql-go/graph/schema.resolvers.go:333.60,333.92 1 0
github.com/cryanbrow/eve-graphql-go/graph/schema.resolvers.go:336.66,336.101 1 0
github.com/cryanbrow/eve-graphql-go/graph/schema.resolvers.go:339.58,339.89 1 0
github.com/cryanbrow/eve-graphql-go/graph/schema.resolvers.go:342.50,342.77 1 0
github.com/cryanbrow/eve-graphql-go/graph/schema.resolvers.go:345.52,345.80 1 0
github.com/cryanbrow/eve-graphql-go/graph/schema.resolvers.go:348.54,348.83 1 0
github.com/cryanbrow/eve-graphql-go/graph/schema.resolvers.go:351.52,351.80 1 0
github.com/cryanbrow/eve-graphql-go/graph/schema.resolvers.go:354.54,354.83 1 0
github.com/cryanbrow/eve-graphql-go/graph/schema.resolvers.go:357.50,357.77 1 0
github.com/cryanbrow/eve-graphql-go/graph/schema.resolvers.go:360.58,360.89 1 0
github.com/cryanbrow/eve-graphql-go/graph/schema.resolvers.go:363.80,365.2 1 0
github.com/cryanbrow/eve-graphql-go/graph/schema.resolvers.go:368.56,368.86 1 0
github.com/cryanbrow/eve-graphql-go/graph/schema.resolvers.go:371.54,371.83 1 0
github.com/cryanbrow/eve-graphql-go/graph/schema.resolvers.go:374.68,374.104 1 0
github.com/cryanbrow/eve-graphql-go/graph/configuration/app_config.go:40.17,43.26 3 0
github.com/cryanbrow/eve-graphql-go/graph/configuration/app_config.go:49.2,49.16 1 0
github.com/cryanbrow/eve-graphql-go/graph/configuration/app_config.go:52.2,56.16 4 0
github.com/cryanbrow/eve-graphql-go/graph/configuration/app_config.go:43.26,45.3 1 0
github.com/cryanbrow/eve-graphql-go/graph/configuration/app_config.go:45.8,48.3 2 0
github.com/cryanbrow/eve-graphql-go/graph/configuration/app_config.go:49.16,51.3 1 0
github.com/cryanbrow/eve-graphql-go/graph/configuration/app_config.go:56.16,58.3 1 0
github.com/cryanbrow/eve-graphql-go/graph/configuration/app_config.go:61.16,63.16 2 0
github.com/cryanbrow/eve-graphql-go/graph/configuration/app_config.go:63.16,65.3 1 0
github.com/cryanbrow/eve-graphql-go/graph/configuration/app_config.go:68.30,71.2 2 0
github.com/cryanbrow/eve-graphql-go/graph/configuration/app_config.go:73.21,77.2 3 0
github.com/cryanbrow/eve-graphql-go/graph/configuration/app_config.go:79.26,83.2 3 0
github.com/cryanbrow/eve-graphql-go/graph/helpers/rest_helper.go:18.196,20.14 2 0
github.com/cryanbrow/eve-graphql-go/graph/helpers/rest_helper.go:62.2,62.25 1 0
github.com/cryanbrow/eve-graphql-go/graph/helpers/rest_helper.go:20.14,22.17 2 0
github.com/cryanbrow/eve-graphql-go/graph/helpers/rest_helper.go:26.3,27.70 2 0
github.com/cryanbrow/eve-graphql-go/graph/helpers/rest_helper.go:30.3,30.44 1 0
github.com/cryanbrow/eve-graphql-go/graph/helpers/rest_helper.go:34.3,39.17 5 0
github.com/cryanbrow/eve-graphql-go/graph/helpers/rest_helper.go:43.3,44.17 2 0
github.com/cryanbrow/eve-graphql-go/graph/helpers/rest_helper.go:49.3,51.33 3 0
github.com/cryanbrow/eve-graphql-go/graph/helpers/rest_helper.go:55.3,55.17 1 0
github.com/cryanbrow/eve-graphql-go/graph/helpers/rest_helper.go:59.3,60.31 2 0
github.com/cryanbrow/eve-graphql-go/graph/helpers/rest_helper.go:22.17,25.4 2 0
github.com/cryanbrow/eve-graphql-go/graph/helpers/rest_helper.go:27.70,29.4 1 0
github.com/cryanbrow/eve-graphql-go/graph/helpers/rest_helper.go:30.44,32.4 1 0
github.com/cryanbrow/eve-graphql-go/graph/helpers/rest_helper.go:39.17,42.4 2 0
github.com/cryanbrow/eve-graphql-go/graph/helpers/rest_helper.go:44.17,47.4 2 0
github.com/cryanbrow/eve-graphql-go/graph/helpers/rest_helper.go:51.33,54.4 2 0
github.com/cryanbrow/eve-graphql-go/graph/helpers/rest_helper.go:55.17,58.4 2 0
github.com/cryanbrow/eve-graphql-go/graph/helpers/rest_helper.go:79.24,82.2 2 0
github.com/cryanbrow/eve-graphql-go/graph/data_access/esi/corporation/corporation_rest.go:17.59,19.15 2 0
github.com/cryanbrow/eve-graphql-go/graph/data_access/esi/corporation/corporation_rest.go:22.2,27.16 5 0
github.com/cryanbrow/eve-graphql-go/graph/data_access/esi/corporation/corporation_rest.go:31.2,31.68 1 0
github.com/cryanbrow/eve-graphql-go/graph/data_access/esi/corporation/corporation_rest.go:36.2,36.25 1 0
github.com/cryanbrow/eve-graphql-go/graph/data_access/esi/corporation/corporation_rest.go:19.15,21.3 1 0
github.com/cryanbrow/eve-graphql-go/graph/data_access/esi/corporation/corporation_rest.go:27.16,29.3 1 0
github.com/cryanbrow/eve-graphql-go/graph/data_access/esi/corporation/corporation_rest.go:31.68,34.3 2 0
github.com/cryanbrow/eve-graphql-go/graph/data_access/esi/corporation/corporation_rest.go:47.29,49.2 1 0
github.com/cryanbrow/eve-graphql-go/graph/data_access/esi/dogma/dogma_rest.go:17.71,19.15 2 0
github.com/cryanbrow/eve-graphql-go/graph/data_access/esi/dogma/dogma_rest.go:22.2,27.16 5 0
github.com/cryanbrow/eve-graphql-go/graph/data_access/esi/dogma/dogma_rest.go:31.2,31.71 1 0
github.com/cryanbrow/eve-graphql-go/graph/data_access/esi/dogma/dogma_rest.go:36.2,36.28 1 0
github.com/cryanbrow/eve-graphql-go/graph/data_access/esi/dogma/dogma_rest.go:19.15,21.3 1 0
github.com/cryanbrow/eve-graphql-go/graph/data_access/esi/dogma/dogma_rest.go:27.16,29.3 1 0
github.com/cryanbrow/eve-graphql-go/graph/data_access/esi/dogma/dogma_rest.go:31.71,34.3 2 0
github.com/cryanbrow/eve-graphql-go/graph/data_access/esi/dogma/dogma_rest.go:39.65,41.15 2 0
github.com/cryanbrow/eve-graphql-go/graph/data_access/esi/dogma/dogma_rest.go:44.2,49.16 5 0
github.com/cryanbrow/eve-graphql-go/graph/data_access/esi/dogma/dogma_rest.go:53.2,53.68 1 0
github.com/cryanbrow/eve-graphql-go/graph/data_access/esi/dogma/dogma_rest.go:58.2,58.25 1 0
github.com/cryanbrow/eve-graphql-go/graph/data_access/esi/dogma/dogma_rest.go:41.15,43.3 1 0
github.com/cryanbrow/eve-graphql-go/graph/data_access/esi/dogma/dogma_rest.go:49.16,51.3 1 0
github.com/cryanbrow/eve-graphql-go/graph/data_access/esi/dogma/dogma_rest.go:53.68,56.3 2 0
github.com/cryanbrow/eve-graphql-go/graph/data_access/esi/dogma/dogma_rest.go:69.23,71.2 1 0
github.com/cryanbrow/eve-graphql-go/graph/data_access/esi/market/market_rest.go:19.59,21.15 2 0
github.com/cryanbrow/eve-graphql-go/graph/data_access/esi/market/market_rest.go:24.2,29.16 5 0
github.com/cryanbrow/eve-graphql-go/graph/data_access/esi/market/market_rest.go:33.2,33.68 1 0
github.com/cryanbrow/eve-graphql-go/graph/data_access/esi/market/market_rest.go:38.2,38.25 1 0
github.com/cryanbrow/eve-graphql-go/graph/data_access/esi/market/market_rest.go:21.15,23.3 1 0
github.com/cryanbrow/eve-graphql-go/graph/data_access/esi/market/market_rest.go:29.16,31.3 1 0
github.com/cryanbrow/eve-graphql-go/graph/data_access/esi/market/market_rest.go:33.68,36.3 2 0
github.com/cryanbrow/eve-graphql-go/graph/data_access/esi/market/market_rest.go:41.118,54.19 10 0
github.com/cryanbrow/eve-graphql-go/graph/data_access/esi/market/market_rest.go:61.2,65.16 3 0
github.com/cryanbrow/eve-graphql-go/graph/data_access/esi/market/market_rest.go:72.2,76.26 4 0
github.com/cryanbrow/eve-graphql-go/graph/data_access/esi/market/market_rest.go:54.19,59.3 4 0
github.com/cryanbrow/eve-graphql-go/graph/data_access/esi/market/market_rest.go:65.16,67.3 1 0
github.com/cryanbrow/eve-graphql-go/graph/data_access/esi/market/market_rest.go:67.8,70.3 2 0
github.com/cryanbrow/eve-graphql-go/graph/data_access/esi/market/market_rest.go:79.130,81.16 2 0
github.com/cryanbrow/eve-graphql-go/graph/data_access/esi/market/market_rest.go:84.2,85.16 2 0
github.com/cryanbrow/eve-graphql-go/graph/data_access/esi/market/market_rest.go:88.2,89.16 2 0
github.com/cryanbrow/eve-graphql-go/graph/data_access/esi/market/market_rest.go:93.2,93.20 1 0
github.com/cryanbrow/eve-graphql-go/graph/data_access/esi/market/market_rest.go:81.16,83.3 1 0
github.com/cryanbrow/eve-graphql-go/graph/data_access/esi/market/market_rest.go:85.16,87.3 1 0
github.com/cryanbrow/eve-graphql-go/graph/data_access/esi/market/market_rest.go:89.16,91.3 1 0
github.com/cryanbrow/eve-graphql-go/graph/data_access/esi/market/market_rest.go:96.133,101.16 5 0
github.com/cryanbrow/eve-graphql-go/graph/data_access/esi/market/market_rest.go:105.2,107.63 2 0
github.com/cryanbrow/eve-graphql-go/graph/data_access/esi/market/market_rest.go:112.2,112.27 1 0
github.com/cryanbrow/eve-graphql-go/graph/data_access/esi/market/market_rest.go:101.16,103.3 1 0
github.com/cryanbrow/eve-graphql-go/graph/data_access/esi/market/market_rest.go:107.63,110.3 2 0
github.com/cryanbrow/eve-graphql-go/graph/data_access/esi/market/market_rest.go:115.78,116.38 1 0
github.com/cryanbrow/eve-graphql-go/graph/data_access/esi/market/market_rest.go:119.2,125.16 6 0
github.com/cryanbrow/eve-graphql-go/graph/data_access/esi/market/market_rest.go:129.2,129.69 1 0
github.com/cryanbrow/eve-graphql-go/graph/data_access/esi/market/market_rest.go:134.2,134.26 1 0
github.com/cryanbrow/eve-graphql-go/graph/data_access/esi/market/market_rest.go:116.38,118.3 1 0
github.com/cryanbrow/eve-graphql-go/graph/data_access/esi/market/market_rest.go:125.16,127.3 1 0
github.com/cryanbrow/eve-graphql-go/graph/data_access/esi/market/market_rest.go:129.69,132.3 2 0
github.com/cryanbrow/eve-graphql-go/graph/data_access/esi/market/market_rest.go:145.24,147.2 1 0
github.com/cryanbrow/eve-graphql-go/graph/caching/redis_cache.go:17.61,20.16 3 0
github.com/cryanbrow/eve-graphql-go/graph/caching/redis_cache.go:27.2,27.26 1 0
github.com/cryanbrow/eve-graphql-go/graph/caching/redis_cache.go:20.16,21.42 1 0
github.com/cryanbrow/eve-graphql-go/graph/caching/redis_cache.go:21.42,23.4 1 0
github.com/cryanbrow/eve-graphql-go/graph/caching/redis_cache.go:23.9,25.4 1 0
github.com/cryanbrow/eve-graphql-go/graph/caching/redis_cache.go:30.71,33.16 3 0
github.com/cryanbrow/eve-graphql-go/graph/caching/redis_cache.go:37.2,38.16 2 0
github.com/cryanbrow/eve-graphql-go/graph/caching/redis_cache.go:33.16,36.3 2 0
github.com/cryanbrow/eve-graphql-go/graph/caching/redis_cache.go:38.16,39.42 1 0
github.com/cryanbrow/eve-graphql-go/graph/caching/redis_cache.go:39.42,43.4 3 0
github.com/cryanbrow/eve-graphql-go/graph/caching/redis_cache.go:43.9,45.4 1 0
github.com/cryanbrow/eve-graphql-go/graph/caching/redis_cache.go:49.29,56.2 1 0
github.com/cryanbrow/eve-graphql-go/graph/data_access/esi/dogma/dogma_rest.go:17.71,19.15 2 0
github.com/cryanbrow/eve-graphql-go/graph/data_access/esi/dogma/dogma_rest.go:22.2,27.16 5 0
github.com/cryanbrow/eve-graphql-go/graph/data_access/esi/dogma/dogma_rest.go:31.2,31.71 1 0
github.com/cryanbrow/eve-graphql-go/graph/data_access/esi/dogma/dogma_rest.go:36.2,36.28 1 0
github.com/cryanbrow/eve-graphql-go/graph/data_access/esi/dogma/dogma_rest.go:19.15,21.3 1 0
github.com/cryanbrow/eve-graphql-go/graph/data_access/esi/dogma/dogma_rest.go:27.16,29.3 1 0
github.com/cryanbrow/eve-graphql-go/graph/data_access/esi/dogma/dogma_rest.go:31.71,34.3 2 0
github.com/cryanbrow/eve-graphql-go/graph/data_access/esi/dogma/dogma_rest.go:39.65,41.15 2 0
github.com/cryanbrow/eve-graphql-go/graph/data_access/esi/dogma/dogma_rest.go:44.2,49.16 5 0
github.com/cryanbrow/eve-graphql-go/graph/data_access/esi/dogma/dogma_rest.go:53.2,53.68 1 0
github.com/cryanbrow/eve-graphql-go/graph/data_access/esi/dogma/dogma_rest.go:58.2,58.25 1 0
github.com/cryanbrow/eve-graphql-go/graph/data_access/esi/dogma/dogma_rest.go:41.15,43.3 1 0
github.com/cryanbrow/eve-graphql-go/graph/data_access/esi/dogma/dogma_rest.go:49.16,51.3 1 0
github.com/cryanbrow/eve-graphql-go/graph/data_access/esi/dogma/dogma_rest.go:53.68,56.3 2 0
github.com/cryanbrow/eve-graphql-go/graph/data_access/esi/dogma/dogma_rest.go:69.23,71.2 1 0
github.com/cryanbrow/eve-graphql-go/graph/data_access/esi/universe/universe_rest.go:23.53,26.15 3 0
github.com/cryanbrow/eve-graphql-go/graph/data_access/esi/universe/universe_rest.go:30.2,31.14 2 0
github.com/cryanbrow/eve-graphql-go/graph/data_access/esi/universe/universe_rest.go:26.15,28.3 1 0
github.com/cryanbrow/eve-graphql-go/graph/data_access/esi/universe/universe_rest.go:31.14,33.17 2 0
github.com/cryanbrow/eve-graphql-go/graph/data_access/esi/universe/universe_rest.go:33.17,35.4 1 0
github.com/cryanbrow/eve-graphql-go/graph/data_access/esi/universe/universe_rest.go:35.9,37.4 1 0
github.com/cryanbrow/eve-graphql-go/graph/data_access/esi/universe/universe_rest.go:38.8,39.59 1 0
github.com/cryanbrow/eve-graphql-go/graph/data_access/esi/universe/universe_rest.go:39.59,42.4 2 0
github.com/cryanbrow/eve-graphql-go/graph/data_access/esi/universe/universe_rest.go:42.9,44.4 1 0
github.com/cryanbrow/eve-graphql-go/graph/data_access/esi/universe/universe_rest.go:48.56,56.16 7 0
github.com/cryanbrow/eve-graphql-go/graph/data_access/esi/universe/universe_rest.go:60.2,60.67 1 0
github.com/cryanbrow/eve-graphql-go/graph/data_access/esi/universe/universe_rest.go:64.2,64.38 1 0
github.com/cryanbrow/eve-graphql-go/graph/data_access/esi/universe/universe_rest.go:77.2,77.28 1 0
github.com/cryanbrow/eve-graphql-go/graph/data_access/esi/universe/universe_rest.go:56.16,58.3 1 0
github.com/cryanbrow/eve-graphql-go/graph/data_access/esi/universe/universe_rest.go:60.67,63.3 2 0
github.com/cryanbrow/eve-graphql-go/graph/data_access/esi/universe/universe_rest.go:64.38,66.26 2 0
github.com/cryanbrow/eve-graphql-go/graph/data_access/esi/universe/universe_rest.go:70.3,71.17 2 0
github.com/cryanbrow/eve-graphql-go/graph/data_access/esi/universe/universe_rest.go:66.26,69.4 2 0
github.com/cryanbrow/eve-graphql-go/graph/data_access/esi/universe/universe_rest.go:71.17,73.4 1 0
github.com/cryanbrow/eve-graphql-go/graph/data_access/esi/universe/universe_rest.go:73.9,75.4 1 0
github.com/cryanbrow/eve-graphql-go/graph/data_access/esi/universe/universe_rest.go:80.79,82.40 2 0
github.com/cryanbrow/eve-graphql-go/graph/data_access/esi/universe/universe_rest.go:90.2,91.33 2 0
github.com/cryanbrow/eve-graphql-go/graph/data_access/esi/universe/universe_rest.go:82.40,84.17 2 0
github.com/cryanbrow/eve-graphql-go/graph/data_access/esi/universe/universe_rest.go:84.17,86.4 1 0
github.com/cryanbrow/eve-graphql-go/graph/data_access/esi/universe/universe_rest.go:86.9,88.4 1 0
github.com/cryanbrow/eve-graphql-go/graph/data_access/esi/universe/universe_rest.go:94.61,96.15 2 0
github.com/cryanbrow/eve-graphql-go/graph/data_access/esi/universe/universe_rest.go:99.2,104.16 5 0
github.com/cryanbrow/eve-graphql-go/graph/data_access/esi/universe/universe_rest.go:107.2,109.69 2 0
github.com/cryanbrow/eve-graphql-go/graph/data_access/esi/universe/universe_rest.go:113.2,115.26 2 0
github.com/cryanbrow/eve-graphql-go/graph/data_access/esi/universe/universe_rest.go:96.15,98.3 1 0
github.com/cryanbrow/eve-graphql-go/graph/data_access/esi/universe/universe_rest.go:104.16,106.3 1 0
github.com/cryanbrow/eve-graphql-go/graph/data_access/esi/universe/universe_rest.go:109.69,112.3 2 0
github.com/cryanbrow/eve-graphql-go/graph/data_access/esi/universe/universe_rest.go:118.55,121.15 3 0
github.com/cryanbrow/eve-graphql-go/graph/data_access/esi/universe/universe_rest.go:125.2,126.14 2 0
github.com/cryanbrow/eve-graphql-go/graph/data_access/esi/universe/universe_rest.go:121.15,123.3 1 0
github.com/cryanbrow/eve-graphql-go/graph/data_access/esi/universe/universe_rest.go:126.14,128.17 2 0
github.com/cryanbrow/eve-graphql-go/graph/data_access/esi/universe/universe_rest.go:128.17,130.4 1 0
github.com/cryanbrow/eve-graphql-go/graph/data_access/esi/universe/universe_rest.go:130.9,132.4 1 0
github.com/cryanbrow/eve-graphql-go/graph/data_access/esi/universe/universe_rest.go:133.8,134.60 1 0
github.com/cryanbrow/eve-graphql-go/graph/data_access/esi/universe/universe_rest.go:134.60,137.4 2 0
github.com/cryanbrow/eve-graphql-go/graph/data_access/esi/universe/universe_rest.go:137.9,139.4 1 0
github.com/cryanbrow/eve-graphql-go/graph/data_access/esi/universe/universe_rest.go:143.58,151.16 7 0
github.com/cryanbrow/eve-graphql-go/graph/data_access/esi/universe/universe_rest.go:155.2,155.67 1 0
github.com/cryanbrow/eve-graphql-go/graph/data_access/esi/universe/universe_rest.go:159.2,159.39 1 0
github.com/cryanbrow/eve-graphql-go/graph/data_access/esi/universe/universe_rest.go:172.2,172.29 1 0
github.com/cryanbrow/eve-graphql-go/graph/data_access/esi/universe/universe_rest.go:151.16,153.3 1 0
github.com/cryanbrow/eve-graphql-go/graph/data_access/esi/universe/universe_rest.go:155.67,158.3 2 0
github.com/cryanbrow/eve-graphql-go/graph/data_access/esi/universe/universe_rest.go:159.39,161.36 2 0
github.com/cryanbrow/eve-graphql-go/graph/data_access/esi/universe/universe_rest.go:165.3,166.17 2 0
github.com/cryanbrow/eve-graphql-go/graph/data_access/esi/universe/universe_rest.go:161.36,164.4 2 0
github.com/cryanbrow/eve-graphql-go/graph/data_access/esi/universe/universe_rest.go:166.17,168.4 1 0
github.com/cryanbrow/eve-graphql-go/graph/data_access/esi/universe/universe_rest.go:168.9,170.4 1 0
github.com/cryanbrow/eve-graphql-go/graph/data_access/esi/universe/universe_rest.go:175.53,177.15 2 0
github.com/cryanbrow/eve-graphql-go/graph/data_access/esi/universe/universe_rest.go:180.2,185.16 5 0
github.com/cryanbrow/eve-graphql-go/graph/data_access/esi/universe/universe_rest.go:189.2,189.65 1 0
github.com/cryanbrow/eve-graphql-go/graph/data_access/esi/universe/universe_rest.go:194.2,194.22 1 0
github.com/cryanbrow/eve-graphql-go/graph/data_access/esi/universe/universe_rest.go:177.15,179.3 1 0
github.com/cryanbrow/eve-graphql-go/graph/data_access/esi/universe/universe_rest.go:185.16,187.3 1 0
github.com/cryanbrow/eve-graphql-go/graph/data_access/esi/universe/universe_rest.go:189.65,192.3 2 0
github.com/cryanbrow/eve-graphql-go/graph/data_access/esi/universe/universe_rest.go:197.70,199.30 2 0
github.com/cryanbrow/eve-graphql-go/graph/data_access/esi/universe/universe_rest.go:207.2,207.34 1 0
github.com/cryanbrow/eve-graphql-go/graph/data_access/esi/universe/universe_rest.go:199.30,201.17 2 0
github.com/cryanbrow/eve-graphql-go/graph/data_access/esi/universe/universe_rest.go:201.17,203.4 1 0
github.com/cryanbrow/eve-graphql-go/graph/data_access/esi/universe/universe_rest.go:203.9,205.4 1 0
github.com/cryanbrow/eve-graphql-go/graph/data_access/esi/universe/universe_rest.go:210.63,212.15 2 0
github.com/cryanbrow/eve-graphql-go/graph/data_access/esi/universe/universe_rest.go:215.2,220.16 5 0
github.com/cryanbrow/eve-graphql-go/graph/data_access/esi/universe/universe_rest.go:224.2,224.70 1 0
github.com/cryanbrow/eve-graphql-go/graph/data_access/esi/universe/universe_rest.go:229.2,229.27 1 0
github.com/cryanbrow/eve-graphql-go/graph/data_access/esi/universe/universe_rest.go:212.15,214.3 1 0
github.com/cryanbrow/eve-graphql-go/graph/data_access/esi/universe/universe_rest.go:220.16,222.3 1 0
github.com/cryanbrow/eve-graphql-go/graph/data_access/esi/universe/universe_rest.go:224.70,227.3 2 0
github.com/cryanbrow/eve-graphql-go/graph/data_access/esi/universe/universe_rest.go:232.51,234.15 2 0
github.com/cryanbrow/eve-graphql-go/graph/data_access/esi/universe/universe_rest.go:238.2,239.14 2 0
github.com/cryanbrow/eve-graphql-go/graph/data_access/esi/universe/universe_rest.go:234.15,236.3 1 0
github.com/cryanbrow/eve-graphql-go/graph/data_access/esi/universe/universe_rest.go:239.14,241.17 2 0
github.com/cryanbrow/eve-graphql-go/graph/data_access/esi/universe/universe_rest.go:241.17,243.4 1 0
github.com/cryanbrow/eve-graphql-go/graph/data_access/esi/universe/universe_rest.go:243.9,245.4 1 0
github.com/cryanbrow/eve-graphql-go/graph/data_access/esi/universe/universe_rest.go:246.8,247.58 1 0
github.com/cryanbrow/eve-graphql-go/graph/data_access/esi/universe/universe_rest.go:247.58,250.4 2 0
github.com/cryanbrow/eve-graphql-go/graph/data_access/esi/universe/universe_rest.go:250.9,252.4 1 0
github.com/cryanbrow/eve-graphql-go/graph/data_access/esi/universe/universe_rest.go:256.54,264.16 7 0
github.com/cryanbrow/eve-graphql-go/graph/data_access/esi/universe/universe_rest.go:268.2,268.65 1 0
github.com/cryanbrow/eve-graphql-go/graph/data_access/esi/universe/universe_rest.go:272.2,272.35 1 0
github.com/cryanbrow/eve-graphql-go/graph/data_access/esi/universe/universe_rest.go:285.2,285.27 1 0
github.com/cryanbrow/eve-graphql-go/graph/data_access/esi/universe/universe_rest.go:264.16,266.3 1 0
github.com/cryanbrow/eve-graphql-go/graph/data_access/esi/universe/universe_rest.go:268.65,271.3 2 0
github.com/cryanbrow/eve-graphql-go/graph/data_access/esi/universe/universe_rest.go:272.35,274.32 2 0
github.com/cryanbrow/eve-graphql-go/graph/data_access/esi/universe/universe_rest.go:278.3,279.17 2 0
github.com/cryanbrow/eve-graphql-go/graph/data_access/esi/universe/universe_rest.go:274.32,277.4 2 0
github.com/cryanbrow/eve-graphql-go/graph/data_access/esi/universe/universe_rest.go:279.17,281.4 1 0
github.com/cryanbrow/eve-graphql-go/graph/data_access/esi/universe/universe_rest.go:281.9,283.4 1 0
github.com/cryanbrow/eve-graphql-go/graph/data_access/esi/universe/universe_rest.go:288.51,290.15 2 0
github.com/cryanbrow/eve-graphql-go/graph/data_access/esi/universe/universe_rest.go:293.2,298.16 5 0
github.com/cryanbrow/eve-graphql-go/graph/data_access/esi/universe/universe_rest.go:302.2,302.64 1 0
github.com/cryanbrow/eve-graphql-go/graph/data_access/esi/universe/universe_rest.go:307.2,307.21 1 0
github.com/cryanbrow/eve-graphql-go/graph/data_access/esi/universe/universe_rest.go:290.15,292.3 1 0
github.com/cryanbrow/eve-graphql-go/graph/data_access/esi/universe/universe_rest.go:298.16,300.3 1 0
github.com/cryanbrow/eve-graphql-go/graph/data_access/esi/universe/universe_rest.go:302.64,305.3 2 0
github.com/cryanbrow/eve-graphql-go/graph/data_access/esi/universe/universe_rest.go:310.47,312.15 2 0
github.com/cryanbrow/eve-graphql-go/graph/data_access/esi/universe/universe_rest.go:315.2,320.16 5 0
github.com/cryanbrow/eve-graphql-go/graph/data_access/esi/universe/universe_rest.go:324.2,324.62 1 0
github.com/cryanbrow/eve-graphql-go/graph/data_access/esi/universe/universe_rest.go:329.2,329.19 1 0
github.com/cryanbrow/eve-graphql-go/graph/data_access/esi/universe/universe_rest.go:312.15,314.3 1 0
github.com/cryanbrow/eve-graphql-go/graph/data_access/esi/universe/universe_rest.go:320.16,322.3 1 0
github.com/cryanbrow/eve-graphql-go/graph/data_access/esi/universe/universe_rest.go:324.62,327.3 2 0
github.com/cryanbrow/eve-graphql-go/graph/data_access/esi/universe/universe_rest.go:332.60,335.17 3 0
github.com/cryanbrow/eve-graphql-go/graph/data_access/esi/universe/universe_rest.go:338.2,343.16 5 0
github.com/cryanbrow/eve-graphql-go/graph/data_access/esi/universe/universe_rest.go:348.2,349.16 2 0
github.com/cryanbrow/eve-graphql-go/graph/data_access/esi/universe/universe_rest.go:353.2,353.60 1 0
github.com/cryanbrow/eve-graphql-go/graph/data_access/esi/universe/universe_rest.go:358.2,358.18 1 0
github.com/cryanbrow/eve-graphql-go/graph/data_access/esi/universe/universe_rest.go:335.17,337.3 1 0
github.com/cryanbrow/eve-graphql-go/graph/data_access/esi/universe/universe_rest.go:343.16,346.3 2 0
github.com/cryanbrow/eve-graphql-go/graph/data_access/esi/universe/universe_rest.go:349.16,351.3 1 0
github.com/cryanbrow/eve-graphql-go/graph/data_access/esi/universe/universe_rest.go:353.60,356.3 2 0
github.com/cryanbrow/eve-graphql-go/graph/data_access/esi/universe/universe_rest.go:359.26,360.32 1 0
github.com/cryanbrow/eve-graphql-go/graph/data_access/esi/universe/universe_rest.go:361.29,362.35 1 0
github.com/cryanbrow/eve-graphql-go/graph/data_access/esi/universe/universe_rest.go:363.30,364.36 1 0
github.com/cryanbrow/eve-graphql-go/graph/data_access/esi/universe/universe_rest.go:365.34,366.40 1 0
github.com/cryanbrow/eve-graphql-go/graph/data_access/esi/universe/universe_rest.go:367.32,368.38 1 0
github.com/cryanbrow/eve-graphql-go/graph/data_access/esi/universe/universe_rest.go:369.28,370.34 1 0
github.com/cryanbrow/eve-graphql-go/graph/data_access/esi/universe/universe_rest.go:371.35,372.40 1 0
github.com/cryanbrow/eve-graphql-go/graph/data_access/esi/universe/universe_rest.go:373.27,374.33 1 0
github.com/cryanbrow/eve-graphql-go/graph/data_access/esi/universe/universe_rest.go:375.27,376.33 1 0
github.com/cryanbrow/eve-graphql-go/graph/data_access/esi/universe/universe_rest.go:377.10,378.41 1 0
github.com/cryanbrow/eve-graphql-go/graph/data_access/esi/universe/universe_rest.go:383.66,385.36 2 0
github.com/cryanbrow/eve-graphql-go/graph/data_access/esi/universe/universe_rest.go:393.2,393.29 1 0
github.com/cryanbrow/eve-graphql-go/graph/data_access/esi/universe/universe_rest.go:385.36,387.17 2 0
github.com/cryanbrow/eve-graphql-go/graph/data_access/esi/universe/universe_rest.go:387.17,389.4 1 0
github.com/cryanbrow/eve-graphql-go/graph/data_access/esi/universe/universe_rest.go:389.9,391.4 1 0
github.com/cryanbrow/eve-graphql-go/graph/data_access/esi/universe/universe_rest.go:396.53,398.15 2 0
github.com/cryanbrow/eve-graphql-go/graph/data_access/esi/universe/universe_rest.go:401.2,406.16 5 0
github.com/cryanbrow/eve-graphql-go/graph/data_access/esi/universe/universe_rest.go:410.2,410.65 1 0
github.com/cryanbrow/eve-graphql-go/graph/data_access/esi/universe/universe_rest.go:415.2,415.22 1 0
github.com/cryanbrow/eve-graphql-go/graph/data_access/esi/universe/universe_rest.go:398.15,400.3 1 0
github.com/cryanbrow/eve-graphql-go/graph/data_access/esi/universe/universe_rest.go:406.16,408.3 1 0
github.com/cryanbrow/eve-graphql-go/graph/data_access/esi/universe/universe_rest.go:410.65,413.3 2 0
github.com/cryanbrow/eve-graphql-go/graph/data_access/esi/universe/universe_rest.go:418.55,420.32 2 0
github.com/cryanbrow/eve-graphql-go/graph/data_access/esi/universe/universe_rest.go:428.2,428.25 1 0
github.com/cryanbrow/eve-graphql-go/graph/data_access/esi/universe/universe_rest.go:420.32,422.17 2 0
github.com/cryanbrow/eve-graphql-go/graph/data_access/esi/universe/universe_rest.go:422.17,424.4 1 0
github.com/cryanbrow/eve-graphql-go/graph/data_access/esi/universe/universe_rest.go:424.9,426.4 1 0
github.com/cryanbrow/eve-graphql-go/graph/data_access/esi/universe/universe_rest.go:431.45,433.15 2 0
github.com/cryanbrow/eve-graphql-go/graph/data_access/esi/universe/universe_rest.go:436.2,441.16 5 0
github.com/cryanbrow/eve-graphql-go/graph/data_access/esi/universe/universe_rest.go:445.2,445.61 1 0
github.com/cryanbrow/eve-graphql-go/graph/data_access/esi/universe/universe_rest.go:450.2,450.18 1 0
github.com/cryanbrow/eve-graphql-go/graph/data_access/esi/universe/universe_rest.go:433.15,435.3 1 0
github.com/cryanbrow/eve-graphql-go/graph/data_access/esi/universe/universe_rest.go:441.16,443.3 1 0
github.com/cryanbrow/eve-graphql-go/graph/data_access/esi/universe/universe_rest.go:445.61,448.3 2 0
github.com/cryanbrow/eve-graphql-go/graph/data_access/esi/universe/universe_rest.go:453.49,455.15 2 0
github.com/cryanbrow/eve-graphql-go/graph/data_access/esi/universe/universe_rest.go:458.2,463.16 5 0
github.com/cryanbrow/eve-graphql-go/graph/data_access/esi/universe/universe_rest.go:467.2,467.63 1 0
github.com/cryanbrow/eve-graphql-go/graph/data_access/esi/universe/universe_rest.go:472.2,472.20 1 0
github.com/cryanbrow/eve-graphql-go/graph/data_access/esi/universe/universe_rest.go:455.15,457.3 1 0
github.com/cryanbrow/eve-graphql-go/graph/data_access/esi/universe/universe_rest.go:463.16,465.3 1 0
github.com/cryanbrow/eve-graphql-go/graph/data_access/esi/universe/universe_rest.go:467.63,470.3 2 0
github.com/cryanbrow/eve-graphql-go/graph/data_access/esi/universe/universe_rest.go:475.45,478.15 3 0
github.com/cryanbrow/eve-graphql-go/graph/data_access/esi/universe/universe_rest.go:482.2,483.14 2 0
github.com/cryanbrow/eve-graphql-go/graph/data_access/esi/universe/universe_rest.go:478.15,480.3 1 0
github.com/cryanbrow/eve-graphql-go/graph/data_access/esi/universe/universe_rest.go:483.14,485.17 2 0
github.com/cryanbrow/eve-graphql-go/graph/data_access/esi/universe/universe_rest.go:485.17,487.4 1 0
github.com/cryanbrow/eve-graphql-go/graph/data_access/esi/universe/universe_rest.go:487.9,489.4 1 0
github.com/cryanbrow/eve-graphql-go/graph/data_access/esi/universe/universe_rest.go:490.8,491.55 1 0
github.com/cryanbrow/eve-graphql-go/graph/data_access/esi/universe/universe_rest.go:491.55,494.4 2 0
github.com/cryanbrow/eve-graphql-go/graph/data_access/esi/universe/universe_rest.go:494.9,496.4 1 0
github.com/cryanbrow/eve-graphql-go/graph/data_access/esi/universe/universe_rest.go:500.48,509.16 8 0
github.com/cryanbrow/eve-graphql-go/graph/data_access/esi/universe/universe_rest.go:513.2,513.62 1 0
github.com/cryanbrow/eve-graphql-go/graph/data_access/esi/universe/universe_rest.go:517.2,517.29 1 0
github.com/cryanbrow/eve-graphql-go/graph/data_access/esi/universe/universe_rest.go:530.2,530.24 1 0
github.com/cryanbrow/eve-graphql-go/graph/data_access/esi/universe/universe_rest.go:509.16,511.3 1 0
github.com/cryanbrow/eve-graphql-go/graph/data_access/esi/universe/universe_rest.go:513.62,516.3 2 0
github.com/cryanbrow/eve-graphql-go/graph/data_access/esi/universe/universe_rest.go:517.29,519.26 2 0
github.com/cryanbrow/eve-graphql-go/graph/data_access/esi/universe/universe_rest.go:523.3,524.17 2 0
github.com/cryanbrow/eve-graphql-go/graph/data_access/esi/universe/universe_rest.go:519.26,522.4 2 0
github.com/cryanbrow/eve-graphql-go/graph/data_access/esi/universe/universe_rest.go:524.17,526.4 1 0
github.com/cryanbrow/eve-graphql-go/graph/data_access/esi/universe/universe_rest.go:526.9,528.4 1 0
github.com/cryanbrow/eve-graphql-go/graph/data_access/esi/universe/universe_rest.go:533.49,535.15 2 0
github.com/cryanbrow/eve-graphql-go/graph/data_access/esi/universe/universe_rest.go:538.2,543.16 5 0
github.com/cryanbrow/eve-graphql-go/graph/data_access/esi/universe/universe_rest.go:547.2,547.63 1 0
github.com/cryanbrow/eve-graphql-go/graph/data_access/esi/universe/universe_rest.go:552.2,552.20 1 0
github.com/cryanbrow/eve-graphql-go/graph/data_access/esi/universe/universe_rest.go:535.15,537.3 1 0
github.com/cryanbrow/eve-graphql-go/graph/data_access/esi/universe/universe_rest.go:543.16,545.3 1 0
github.com/cryanbrow/eve-graphql-go/graph/data_access/esi/universe/universe_rest.go:547.63,550.3 2 0
github.com/cryanbrow/eve-graphql-go/graph/data_access/esi/universe/universe_rest.go:555.45,557.15 2 0
github.com/cryanbrow/eve-graphql-go/graph/data_access/esi/universe/universe_rest.go:560.2,565.16 5 0
github.com/cryanbrow/eve-graphql-go/graph/data_access/esi/universe/universe_rest.go:569.2,569.61 1 0
github.com/cryanbrow/eve-graphql-go/graph/data_access/esi/universe/universe_rest.go:574.2,574.18 1 0
github.com/cryanbrow/eve-graphql-go/graph/data_access/esi/universe/universe_rest.go:557.15,559.3 1 0
github.com/cryanbrow/eve-graphql-go/graph/data_access/esi/universe/universe_rest.go:565.16,567.3 1 0
github.com/cryanbrow/eve-graphql-go/graph/data_access/esi/universe/universe_rest.go:569.61,572.3 2 0
github.com/cryanbrow/eve-graphql-go/graph/data_access/esi/universe/universe_rest.go:577.67,579.36 2 0
github.com/cryanbrow/eve-graphql-go/graph/data_access/esi/universe/universe_rest.go:587.2,587.29 1 0
github.com/cryanbrow/eve-graphql-go/graph/data_access/esi/universe/universe_rest.go:579.36,581.17 2 0
github.com/cryanbrow/eve-graphql-go/graph/data_access/esi/universe/universe_rest.go:581.17,583.4 1 0
github.com/cryanbrow/eve-graphql-go/graph/data_access/esi/universe/universe_rest.go:583.9,585.4 1 0
github.com/cryanbrow/eve-graphql-go/graph/data_access/esi/universe/universe_rest.go:590.53,592.15 2 0
github.com/cryanbrow/eve-graphql-go/graph/data_access/esi/universe/universe_rest.go:595.2,600.16 5 0
github.com/cryanbrow/eve-graphql-go/graph/data_access/esi/universe/universe_rest.go:604.2,604.65 1 0
github.com/cryanbrow/eve-graphql-go/graph/data_access/esi/universe/universe_rest.go:609.2,609.22 1 0
github.com/cryanbrow/eve-graphql-go/graph/data_access/esi/universe/universe_rest.go:592.15,594.3 1 0
github.com/cryanbrow/eve-graphql-go/graph/data_access/esi/universe/universe_rest.go:600.16,602.3 1 0
github.com/cryanbrow/eve-graphql-go/graph/data_access/esi/universe/universe_rest.go:604.65,607.3 2 0
github.com/cryanbrow/eve-graphql-go/graph/data_access/esi/universe/universe_rest.go:612.59,614.30 2 0
github.com/cryanbrow/eve-graphql-go/graph/data_access/esi/universe/universe_rest.go:622.2,622.28 1 0
github.com/cryanbrow/eve-graphql-go/graph/data_access/esi/universe/universe_rest.go:614.30,616.17 2 0
github.com/cryanbrow/eve-graphql-go/graph/data_access/esi/universe/universe_rest.go:616.17,618.4 1 0
github.com/cryanbrow/eve-graphql-go/graph/data_access/esi/universe/universe_rest.go:618.9,620.4 1 0
github.com/cryanbrow/eve-graphql-go/graph/data_access/esi/universe/universe_rest.go:625.51,626.15 1 0
github.com/cryanbrow/eve-graphql-go/graph/data_access/esi/universe/universe_rest.go:629.2,629.22 1 0
github.com/cryanbrow/eve-graphql-go/graph/data_access/esi/universe/universe_rest.go:632.2,638.16 6 0
github.com/cryanbrow/eve-graphql-go/graph/data_access/esi/universe/universe_rest.go:642.2,642.64 1 0
github.com/cryanbrow/eve-graphql-go/graph/data_access/esi/universe/universe_rest.go:647.2,647.21 1 0
github.com/cryanbrow/eve-graphql-go/graph/data_access/esi/universe/universe_rest.go:626.15,628.3 1 0
github.com/cryanbrow/eve-graphql-go/graph/data_access/esi/universe/universe_rest.go:629.22,631.3 1 0
github.com/cryanbrow/eve-graphql-go/graph/data_access/esi/universe/universe_rest.go:638.16,640.3 1 0
github.com/cryanbrow/eve-graphql-go/graph/data_access/esi/universe/universe_rest.go:642.64,645.3 2 0
github.com/cryanbrow/eve-graphql-go/graph/data_access/esi/universe/universe_rest.go:650.57,652.30 2 0
github.com/cryanbrow/eve-graphql-go/graph/data_access/esi/universe/universe_rest.go:660.2,660.27 1 0
github.com/cryanbrow/eve-graphql-go/graph/data_access/esi/universe/universe_rest.go:652.30,654.17 2 0
github.com/cryanbrow/eve-graphql-go/graph/data_access/esi/universe/universe_rest.go:654.17,656.4 1 0
github.com/cryanbrow/eve-graphql-go/graph/data_access/esi/universe/universe_rest.go:656.9,658.4 1 0
github.com/cryanbrow/eve-graphql-go/graph/data_access/esi/universe/universe_rest.go:663.49,664.15 1 0
github.com/cryanbrow/eve-graphql-go/graph/data_access/esi/universe/universe_rest.go:667.2,673.16 6 0
github.com/cryanbrow/eve-graphql-go/graph/data_access/esi/universe/universe_rest.go:677.2,677.63 1 0
github.com/cryanbrow/eve-graphql-go/graph/data_access/esi/universe/universe_rest.go:682.2,682.20 1 0
github.com/cryanbrow/eve-graphql-go/graph/data_access/esi/universe/universe_rest.go:664.15,666.3 1 0
github.com/cryanbrow/eve-graphql-go/graph/data_access/esi/universe/universe_rest.go:673.16,675.3 1 0
github.com/cryanbrow/eve-graphql-go/graph/data_access/esi/universe/universe_rest.go:677.63,680.3 2 0
github.com/cryanbrow/eve-graphql-go/graph/data_access/esi/universe/universe_rest.go:695.26,698.2 2 0
github.com/cryanbrow/eve-graphql-go/graph/schema.resolvers.go:19.117,21.2 1 0
github.com/cryanbrow/eve-graphql-go/graph/schema.resolvers.go:23.104,25.2 1 0
github.com/cryanbrow/eve-graphql-go/graph/schema.resolvers.go:27.118,29.2 1 0
github.com/cryanbrow/eve-graphql-go/graph/schema.resolvers.go:31.102,33.2 1 0
github.com/cryanbrow/eve-graphql-go/graph/schema.resolvers.go:35.106,37.2 1 0
github.com/cryanbrow/eve-graphql-go/graph/schema.resolvers.go:39.109,41.2 1 0
github.com/cryanbrow/eve-graphql-go/graph/schema.resolvers.go:43.106,45.2 1 0
github.com/cryanbrow/eve-graphql-go/graph/schema.resolvers.go:47.106,49.2 1 0
github.com/cryanbrow/eve-graphql-go/graph/schema.resolvers.go:51.108,53.2 1 0
github.com/cryanbrow/eve-graphql-go/graph/schema.resolvers.go:55.112,57.2 1 0
github.com/cryanbrow/eve-graphql-go/graph/schema.resolvers.go:59.104,61.2 1 0
github.com/cryanbrow/eve-graphql-go/graph/schema.resolvers.go:63.98,65.2 1 0
github.com/cryanbrow/eve-graphql-go/graph/schema.resolvers.go:67.110,69.2 1 0
github.com/cryanbrow/eve-graphql-go/graph/schema.resolvers.go:71.118,73.2 1 0
github.com/cryanbrow/eve-graphql-go/graph/schema.resolvers.go:75.110,77.2 1 0
github.com/cryanbrow/eve-graphql-go/graph/schema.resolvers.go:79.106,81.2 1 0
github.com/cryanbrow/eve-graphql-go/graph/schema.resolvers.go:83.110,85.2 1 0
github.com/cryanbrow/eve-graphql-go/graph/schema.resolvers.go:87.108,89.2 1 0
github.com/cryanbrow/eve-graphql-go/graph/schema.resolvers.go:91.112,93.2 1 0
github.com/cryanbrow/eve-graphql-go/graph/schema.resolvers.go:95.130,97.2 1 0
github.com/cryanbrow/eve-graphql-go/graph/schema.resolvers.go:99.118,101.2 1 0
github.com/cryanbrow/eve-graphql-go/graph/schema.resolvers.go:103.146,105.2 1 0
github.com/cryanbrow/eve-graphql-go/graph/schema.resolvers.go:107.145,109.2 1 0
github.com/cryanbrow/eve-graphql-go/graph/schema.resolvers.go:111.144,113.2 1 0
github.com/cryanbrow/eve-graphql-go/graph/schema.resolvers.go:115.142,117.2 1 0
github.com/cryanbrow/eve-graphql-go/graph/schema.resolvers.go:119.150,121.2 1 0
github.com/cryanbrow/eve-graphql-go/graph/schema.resolvers.go:123.108,125.2 1 0
github.com/cryanbrow/eve-graphql-go/graph/schema.resolvers.go:127.115,129.2 1 0
github.com/cryanbrow/eve-graphql-go/graph/schema.resolvers.go:131.103,133.2 1 0
github.com/cryanbrow/eve-graphql-go/graph/schema.resolvers.go:135.98,137.2 1 0
github.com/cryanbrow/eve-graphql-go/graph/schema.resolvers.go:139.101,141.2 1 0
github.com/cryanbrow/eve-graphql-go/graph/schema.resolvers.go:143.103,145.2 1 0
github.com/cryanbrow/eve-graphql-go/graph/schema.resolvers.go:147.99,149.2 1 0
github.com/cryanbrow/eve-graphql-go/graph/schema.resolvers.go:151.111,153.2 1 0
github.com/cryanbrow/eve-graphql-go/graph/schema.resolvers.go:155.111,157.2 1 0
github.com/cryanbrow/eve-graphql-go/graph/schema.resolvers.go:159.117,161.2 1 0
github.com/cryanbrow/eve-graphql-go/graph/schema.resolvers.go:163.125,165.2 1 0
github.com/cryanbrow/eve-graphql-go/graph/schema.resolvers.go:167.126,169.2 1 0
github.com/cryanbrow/eve-graphql-go/graph/schema.resolvers.go:171.92,173.2 1 0
github.com/cryanbrow/eve-graphql-go/graph/schema.resolvers.go:175.97,177.2 1 0
github.com/cryanbrow/eve-graphql-go/graph/schema.resolvers.go:179.94,181.2 1 0
github.com/cryanbrow/eve-graphql-go/graph/schema.resolvers.go:183.98,185.2 1 0
github.com/cryanbrow/eve-graphql-go/graph/schema.resolvers.go:187.96,189.2 1 0
github.com/cryanbrow/eve-graphql-go/graph/schema.resolvers.go:191.100,193.2 1 0
github.com/cryanbrow/eve-graphql-go/graph/schema.resolvers.go:195.155,197.2 1 0
github.com/cryanbrow/eve-graphql-go/graph/schema.resolvers.go:199.167,201.2 1 0
github.com/cryanbrow/eve-graphql-go/graph/schema.resolvers.go:203.89,205.2 1 0
github.com/cryanbrow/eve-graphql-go/graph/schema.resolvers.go:207.91,209.2 1 0
github.com/cryanbrow/eve-graphql-go/graph/schema.resolvers.go:211.89,213.2 1 0
github.com/cryanbrow/eve-graphql-go/graph/schema.resolvers.go:215.99,217.2 1 0
github.com/cryanbrow/eve-graphql-go/graph/schema.resolvers.go:219.91,221.2 1 0
github.com/cryanbrow/eve-graphql-go/graph/schema.resolvers.go:223.118,225.2 1 0
github.com/cryanbrow/eve-graphql-go/graph/schema.resolvers.go:227.116,229.2 1 0
github.com/cryanbrow/eve-graphql-go/graph/schema.resolvers.go:231.97,233.2 1 0
github.com/cryanbrow/eve-graphql-go/graph/schema.resolvers.go:235.96,237.2 1 0
github.com/cryanbrow/eve-graphql-go/graph/schema.resolvers.go:239.104,241.2 1 0
github.com/cryanbrow/eve-graphql-go/graph/schema.resolvers.go:243.126,245.2 1 0
github.com/cryanbrow/eve-graphql-go/graph/schema.resolvers.go:247.122,249.2 1 0
github.com/cryanbrow/eve-graphql-go/graph/schema.resolvers.go:251.114,253.2 1 0
github.com/cryanbrow/eve-graphql-go/graph/schema.resolvers.go:255.94,257.2 1 0
github.com/cryanbrow/eve-graphql-go/graph/schema.resolvers.go:259.98,261.2 1 0
github.com/cryanbrow/eve-graphql-go/graph/schema.resolvers.go:263.105,265.2 1 0
github.com/cryanbrow/eve-graphql-go/graph/schema.resolvers.go:267.110,269.2 1 0
github.com/cryanbrow/eve-graphql-go/graph/schema.resolvers.go:271.92,273.2 1 0
github.com/cryanbrow/eve-graphql-go/graph/schema.resolvers.go:275.106,277.2 1 0
github.com/cryanbrow/eve-graphql-go/graph/schema.resolvers.go:279.104,281.2 1 0
github.com/cryanbrow/eve-graphql-go/graph/schema.resolvers.go:283.134,285.2 1 0
github.com/cryanbrow/eve-graphql-go/graph/schema.resolvers.go:287.114,289.2 1 0
github.com/cryanbrow/eve-graphql-go/graph/schema.resolvers.go:291.119,293.2 1 0
github.com/cryanbrow/eve-graphql-go/graph/schema.resolvers.go:296.58,296.89 1 0
github.com/cryanbrow/eve-graphql-go/graph/schema.resolvers.go:299.58,299.89 1 0
github.com/cryanbrow/eve-graphql-go/graph/schema.resolvers.go:302.68,302.104 1 0
github.com/cryanbrow/eve-graphql-go/graph/schema.resolvers.go:305.60,305.92 1 0
github.com/cryanbrow/eve-graphql-go/graph/schema.resolvers.go:308.68,308.104 1 0
github.com/cryanbrow/eve-graphql-go/graph/schema.resolvers.go:311.64,311.98 1 0
github.com/cryanbrow/eve-graphql-go/graph/schema.resolvers.go:314.72,316.2 1 0
github.com/cryanbrow/eve-graphql-go/graph/schema.resolvers.go:319.66,319.101 1 0
github.com/cryanbrow/eve-graphql-go/graph/schema.resolvers.go:322.80,324.2 1 0
github.com/cryanbrow/eve-graphql-go/graph/schema.resolvers.go:327.56,327.86 1 0
github.com/cryanbrow/eve-graphql-go/graph/schema.resolvers.go:330.52,330.80 1 0
github.com/cryanbrow/eve-graphql-go/graph/schema.resolvers.go:333.60,333.92 1 0
github.com/cryanbrow/eve-graphql-go/graph/schema.resolvers.go:336.66,336.101 1 0
github.com/cryanbrow/eve-graphql-go/graph/schema.resolvers.go:339.58,339.89 1 0
github.com/cryanbrow/eve-graphql-go/graph/schema.resolvers.go:342.50,342.77 1 0
github.com/cryanbrow/eve-graphql-go/graph/schema.resolvers.go:345.52,345.80 1 0
github.com/cryanbrow/eve-graphql-go/graph/schema.resolvers.go:348.54,348.83 1 0
github.com/cryanbrow/eve-graphql-go/graph/schema.resolvers.go:351.52,351.80 1 0
github.com/cryanbrow/eve-graphql-go/graph/schema.resolvers.go:354.54,354.83 1 0
github.com/cryanbrow/eve-graphql-go/graph/schema.resolvers.go:357.50,357.77 1 0
github.com/cryanbrow/eve-graphql-go/graph/schema.resolvers.go:360.58,360.89 1 0
github.com/cryanbrow/eve-graphql-go/graph/schema.resolvers.go:363.80,365.2 1 0
github.com/cryanbrow/eve-graphql-go/graph/schema.resolvers.go:368.56,368.86 1 0
github.com/cryanbrow/eve-graphql-go/graph/schema.resolvers.go:371.54,371.83 1 0
github.com/cryanbrow/eve-graphql-go/graph/schema.resolvers.go:374.68,374.104 1 0
github.com/cryanbrow/eve-graphql-go/graph/data_access/esi/character/character_rest.go:17.55,19.15 2 4
github.com/cryanbrow/eve-graphql-go/graph/data_access/esi/character/character_rest.go:22.2,27.16 5 3
github.com/cryanbrow/eve-graphql-go/graph/data_access/esi/character/character_rest.go:31.2,31.66 1 2
github.com/cryanbrow/eve-graphql-go/graph/data_access/esi/character/character_rest.go:36.2,36.23 1 1
github.com/cryanbrow/eve-graphql-go/graph/data_access/esi/character/character_rest.go:19.15,21.3 1 1
github.com/cryanbrow/eve-graphql-go/graph/data_access/esi/character/character_rest.go:27.16,29.3 1 1
github.com/cryanbrow/eve-graphql-go/graph/data_access/esi/character/character_rest.go:31.66,34.3 2 1
github.com/cryanbrow/eve-graphql-go/graph/data_access/esi/character/character_rest.go:47.27,49.2 1 0
github.com/cryanbrow/eve-graphql-go/graph/configuration/app_config.go:40.17,43.26 3 0
github.com/cryanbrow/eve-graphql-go/graph/configuration/app_config.go:49.2,49.16 1 0
github.com/cryanbrow/eve-graphql-go/graph/configuration/app_config.go:52.2,56.16 4 0
github.com/cryanbrow/eve-graphql-go/graph/configuration/app_config.go:43.26,45.3 1 0
github.com/cryanbrow/eve-graphql-go/graph/configuration/app_config.go:45.8,48.3 2 0
github.com/cryanbrow/eve-graphql-go/graph/configuration/app_config.go:49.16,51.3 1 0
github.com/cryanbrow/eve-graphql-go/graph/configuration/app_config.go:56.16,58.3 1 0
github.com/cryanbrow/eve-graphql-go/graph/configuration/app_config.go:61.16,63.16 2 0
github.com/cryanbrow/eve-graphql-go/graph/configuration/app_config.go:63.16,65.3 1 0
github.com/cryanbrow/eve-graphql-go/graph/configuration/app_config.go:68.30,71.2 2 0
github.com/cryanbrow/eve-graphql-go/graph/configuration/app_config.go:73.21,77.2 3 0
github.com/cryanbrow/eve-graphql-go/graph/configuration/app_config.go:79.26,83.2 3 0
github.com/cryanbrow/eve-graphql-go/graph/data_access/esi/alliance/alliance_rest.go:17.53,19.15 2 0
github.com/cryanbrow/eve-graphql-go/graph/data_access/esi/alliance/alliance_rest.go:22.2,27.16 5 0
github.com/cryanbrow/eve-graphql-go/graph/data_access/esi/alliance/alliance_rest.go:31.2,31.65 1 0
github.com/cryanbrow/eve-graphql-go/graph/data_access/esi/alliance/alliance_rest.go:36.2,36.22 1 0
github.com/cryanbrow/eve-graphql-go/graph/data_access/esi/alliance/alliance_rest.go:19.15,21.3 1 0
github.com/cryanbrow/eve-graphql-go/graph/data_access/esi/alliance/alliance_rest.go:27.16,29.3 1 0
github.com/cryanbrow/eve-graphql-go/graph/data_access/esi/alliance/alliance_rest.go:31.65,34.3 2 0
github.com/cryanbrow/eve-graphql-go/graph/data_access/esi/alliance/alliance_rest.go:47.26,49.2 1 0
github.com/cryanbrow/eve-graphql-go/graph/data_access/esi/market/market_rest.go:19.59,21.15 2 0
github.com/cryanbrow/eve-graphql-go/graph/data_access/esi/market/market_rest.go:24.2,29.16 5 0
github.com/cryanbrow/eve-graphql-go/graph/data_access/esi/market/market_rest.go:33.2,33.68 1 0
github.com/cryanbrow/eve-graphql-go/graph/data_access/esi/market/market_rest.go:38.2,38.25 1 0
github.com/cryanbrow/eve-graphql-go/graph/data_access/esi/market/market_rest.go:21.15,23.3 1 0
github.com/cryanbrow/eve-graphql-go/graph/data_access/esi/market/market_rest.go:29.16,31.3 1 0
github.com/cryanbrow/eve-graphql-go/graph/data_access/esi/market/market_rest.go:33.68,36.3 2 0
github.com/cryanbrow/eve-graphql-go/graph/data_access/esi/market/market_rest.go:41.118,54.19 10 0
github.com/cryanbrow/eve-graphql-go/graph/data_access/esi/market/market_rest.go:61.2,65.16 3 0
github.com/cryanbrow/eve-graphql-go/graph/data_access/esi/market/market_rest.go:72.2,76.26 4 0
github.com/cryanbrow/eve-graphql-go/graph/data_access/esi/market/market_rest.go:54.19,59.3 4 0
github.com/cryanbrow/eve-graphql-go/graph/data_access/esi/market/market_rest.go:65.16,67.3 1 0
github.com/cryanbrow/eve-graphql-go/graph/data_access/esi/market/market_rest.go:67.8,70.3 2 0
github.com/cryanbrow/eve-graphql-go/graph/data_access/esi/market/market_rest.go:79.130,81.16 2 0
github.com/cryanbrow/eve-graphql-go/graph/data_access/esi/market/market_rest.go:84.2,85.16 2 0
github.com/cryanbrow/eve-graphql-go/graph/data_access/esi/market/market_rest.go:88.2,89.16 2 0
github.com/cryanbrow/eve-graphql-go/graph/data_access/esi/market/market_rest.go:93.2,93.20 1 0
github.com/cryanbrow/eve-graphql-go/graph/data_access/esi/market/market_rest.go:81.16,83.3 1 0
github.com/cryanbrow/eve-graphql-go/graph/data_access/esi/market/market_rest.go:85.16,87.3 1 0
github.com/cryanbrow/eve-graphql-go/graph/data_access/esi/market/market_rest.go:89.16,91.3 1 0
github.com/cryanbrow/eve-graphql-go/graph/data_access/esi/market/market_rest.go:96.133,101.16 5 0
github.com/cryanbrow/eve-graphql-go/graph/data_access/esi/market/market_rest.go:105.2,107.63 2 0
github.com/cryanbrow/eve-graphql-go/graph/data_access/esi/market/market_rest.go:112.2,112.27 1 0
github.com/cryanbrow/eve-graphql-go/graph/data_access/esi/market/market_rest.go:101.16,103.3 1 0
[...]
github.com/cryanbrow/eve-graphql-go/graph/data_access/esi/universe/universe_rest.go:547.63,550.3 2 0
github.com/cryanbrow/eve-graphql-go/graph/data_access/esi/universe/universe_rest.go:555.45,557.15 2 0
github.com/cryanbrow/eve-graphql-go/graph/data_access/esi/universe/universe_rest.go:560.2,565.16 5 0
github.com/cryanbrow/eve-graphql-go/graph/data_access/esi/universe/universe_rest.go:569.2,569.61 1 0
github.com/cryanbrow/eve-graphql-go/graph/data_access/esi/universe/universe_rest.go:574.2,574.18 1 0
github.com/cryanbrow/eve-graphql-go/graph/data_access/esi/universe/universe_rest.go:557.15,559.3 1 0
github.com/cryanbrow/eve-graphql-go/graph/data_access/esi/universe/universe_rest.go:565.16,567.3 1 0
github.com/cryanbrow/eve-graphql-go/graph/data_access/esi/universe/universe_rest.go:569.61,572.3 2 0
github.com/cryanbrow/eve-graphql-go/graph/data_access/esi/universe/universe_rest.go:577.67,579.36 2 0
github.com/cryanbrow/eve-graphql-go/graph/data_access/esi/universe/universe_rest.go:587.2,587.29 1 0
github.com/cryanbrow/eve-graphql-go/graph/data_access/esi/universe/universe_rest.go:579.36,581.17 2 0
github.com/cryanbrow/eve-graphql-go/graph/data_access/esi/universe/universe_rest.go:581.17,583.4 1 0
github.com/cryanbrow/eve-graphql-go/graph/data_access/esi/universe/universe_rest.go:583.9,585.4 1 0
github.com/cryanbrow/eve-graphql-go/graph/data_access/esi/universe/universe_rest.go:590.53,592.15 2 0
github.com/cryanbrow/eve-graphql-go/graph/data_access/esi/universe/universe_rest.go:595.2,600.16 5 0
github.com/cryanbrow/eve-graphql-go/graph/data_access/esi/universe/universe_rest.go:604.2,604.65 1 0
github.com/cryanbrow/eve-graphql-go/graph/data_access/esi/universe/universe_rest.go:609.2,609.22 1 0
github.com/cryanbrow/eve-graphql-go/graph/data_access/esi/universe/universe_rest.go:592.15,594.3 1 0
github.com/cryanbrow/eve-graphql-go/graph/data_access/esi/universe/universe_rest.go:600.16,602.3 1 0
github.com/cryanbrow/eve-graphql-go/graph/data_access/esi/universe/universe_rest.go:604.65,607.3 2 0
github.com/cryanbrow/eve-graphql-go/graph/data_access/esi/universe/universe_rest.go:612.59,614.30 2 0
github.com/cryanbrow/eve-graphql-go/graph/data_access/esi/universe/universe_rest.go:622.2,622.28 1 0
github.com/cryanbrow/eve-graphql-go/graph/data_access/esi/universe/universe_rest.go:614.30,616.17 2 0
github.com/cryanbrow/eve-graphql-go/graph/data_access/esi/universe/universe_rest.go:616.17,618.4 1 0
github.com/cryanbrow/eve-graphql-go/graph/data_access/esi/universe/universe_rest.go:618.9,620.4 1 0
github.com/cryanbrow/eve-graphql-go/graph/data_access/esi/universe/universe_rest.go:625.51,626.15 1 0
github.com/cryanbrow/eve-graphql-go/graph/data_access/esi/universe/universe_rest.go:629.2,629.22 1 0
github.com/cryanbrow/eve-graphql-go/graph/data_access/esi/universe/universe_rest.go:632.2,638.16 6 0
github.com/cryanbrow/eve-graphql-go/graph/data_access/esi/universe/universe_rest.go:642.2,642.64 1 0
github.com/cryanbrow/eve-graphql-go/graph/data_access/esi/universe/universe_rest.go:647.2,647.21 1 0
github.com/cryanbrow/eve-graphql-go/graph/data_access/esi/universe/universe_rest.go:626.15,628.3 1 0
github.com/cryanbrow/eve-graphql-go/graph/data_access/esi/universe/universe_rest.go:629.22,631.3 1 0
github.com/cryanbrow/eve-graphql-go/graph/data_access/esi/universe/universe_rest.go:638.16,640.3 1 0
github.com/cryanbrow/eve-graphql-go/graph/data_access/esi/universe/universe_rest.go:642.64,645.3 2 0
github.com/cryanbrow/eve-graphql-go/graph/data_access/esi/universe/universe_rest.go:650.57,652.30 2 0
github.com/cryanbrow/eve-graphql-go/graph/data_access/esi/universe/universe_rest.go:660.2,660.27 1 0
github.com/cryanbrow/eve-graphql-go/graph/data_access/esi/universe/universe_rest.go:652.30,654.17 2 0
github.com/cryanbrow/eve-graphql-go/graph/data_access/esi/universe/universe_rest.go:654.17,656.4 1 0
github.com/cryanbrow/eve-graphql-go/graph/data_access/esi/universe/universe_rest.go:656.9,658.4 1 0
github.com/cryanbrow/eve-graphql-go/graph/data_access/esi/universe/universe_rest.go:663.49,664.15 1 0
github.com/cryanbrow/eve-graphql-go/graph/data_access/esi/universe/universe_rest.go:667.2,673.16 6 0
github.com/cryanbrow/eve-graphql-go/graph/data_access/esi/universe/universe_rest.go:677.2,677.63 1 0
github.com/cryanbrow/eve-graphql-go/graph/data_access/esi/universe/universe_rest.go:682.2,682.20 1 0
github.com/cryanbrow/eve-graphql-go/graph/data_access/esi/universe/universe_rest.go:664.15,666.3 1 0
github.com/cryanbrow/eve-graphql-go/graph/data_access/esi/universe/universe_rest.go:673.16,675.3 1 0
github.com/cryanbrow/eve-graphql-go/graph/data_access/esi/universe/universe_rest.go:677.63,680.3 2 0
github.com/cryanbrow/eve-graphql-go/graph/data_access/esi/universe/universe_rest.go:695.26,698.2 2 0
github.com/cryanbrow/eve-graphql-go/graph/schema.resolvers.go:19.117,21.2 1 0
github.com/cryanbrow/eve-graphql-go/graph/schema.resolvers.go:23.104,25.2 1 0
github.com/cryanbrow/eve-graphql-go/graph/schema.resolvers.go:27.118,29.2 1 0
github.com/cryanbrow/eve-graphql-go/graph/schema.resolvers.go:31.102,33.2 1 0
github.com/cryanbrow/eve-graphql-go/graph/schema.resolvers.go:35.106,37.2 1 0
github.com/cryanbrow/eve-graphql-go/graph/schema.resolvers.go:39.109,41.2 1 0
github.com/cryanbrow/eve-graphql-go/graph/schema.resolvers.go:43.106,45.2 1 0
github.com/cryanbrow/eve-graphql-go/graph/schema.resolvers.go:47.106,49.2 1 0
github.com/cryanbrow/eve-graphql-go/graph/schema.resolvers.go:51.108,53.2 1 0
github.com/cryanbrow/eve-graphql-go/graph/schema.resolvers.go:55.112,57.2 1 0
github.com/cryanbrow/eve-graphql-go/graph/schema.resolvers.go:59.104,61.2 1 0
github.com/cryanbrow/eve-graphql-go/graph/schema.resolvers.go:63.98,65.2 1 0
github.com/cryanbrow/eve-graphql-go/graph/schema.resolvers.go:67.110,69.2 1 0
github.com/cryanbrow/eve-graphql-go/graph/schema.resolvers.go:71.118,73.2 1 0
github.com/cryanbrow/eve-graphql-go/graph/schema.resolvers.go:75.110,77.2 1 0
github.com/cryanbrow/eve-graphql-go/graph/schema.resolvers.go:79.106,81.2 1 0
github.com/cryanbrow/eve-graphql-go/graph/schema.resolvers.go:83.110,85.2 1 0
github.com/cryanbrow/eve-graphql-go/graph/schema.resolvers.go:87.108,89.2 1 0
github.com/cryanbrow/eve-graphql-go/graph/schema.resolvers.go:91.112,93.2 1 0
github.com/cryanbrow/eve-graphql-go/graph/schema.resolvers.go:95.130,97.2 1 0
github.com/cryanbrow/eve-graphql-go/graph/schema.resolvers.go:99.118,101.2 1 0
github.com/cryanbrow/eve-graphql-go/graph/schema.resolvers.go:103.146,105.2 1 0
github.com/cryanbrow/eve-graphql-go/graph/schema.resolvers.go:107.145,109.2 1 0
github.com/cryanbrow/eve-graphql-go/graph/schema.resolvers.go:111.144,113.2 1 0
github.com/cryanbrow/eve-graphql-go/graph/schema.resolvers.go:115.142,117.2 1 0
github.com/cryanbrow/eve-graphql-go/graph/schema.resolvers.go:119.150,121.2 1 0
github.com/cryanbrow/eve-graphql-go/graph/schema.resolvers.go:123.108,125.2 1 0
github.com/cryanbrow/eve-graphql-go/graph/schema.resolvers.go:127.115,129.2 1 0
github.com/cryanbrow/eve-graphql-go/graph/schema.resolvers.go:131.103,133.2 1 0
github.com/cryanbrow/eve-graphql-go/graph/schema.resolvers.go:135.98,137.2 1 0
github.com/cryanbrow/eve-graphql-go/graph/schema.resolvers.go:139.101,141.2 1 0
github.com/cryanbrow/eve-graphql-go/graph/schema.resolvers.go:143.103,145.2 1 0
github.com/cryanbrow/eve-graphql-go/graph/schema.resolvers.go:147.99,149.2 1 0
github.com/cryanbrow/eve-graphql-go/graph/schema.resolvers.go:151.111,153.2 1 0
github.com/cryanbrow/eve-graphql-go/graph/schema.resolvers.go:155.111,157.2 1 0
github.com/cryanbrow/eve-graphql-go/graph/schema.resolvers.go:159.117,161.2 1 0
github.com/cryanbrow/eve-graphql-go/graph/schema.resolvers.go:163.125,165.2 1 0
github.com/cryanbrow/eve-graphql-go/graph/schema.resolvers.go:167.126,169.2 1 0
github.com/cryanbrow/eve-graphql-go/graph/schema.resolvers.go:171.92,173.2 1 0
github.com/cryanbrow/eve-graphql-go/graph/schema.resolvers.go:175.97,177.2 1 0
github.com/cryanbrow/eve-graphql-go/graph/schema.resolvers.go:179.94,181.2 1 0
github.com/cryanbrow/eve-graphql-go/graph/schema.resolvers.go:183.98,185.2 1 0
github.com/cryanbrow/eve-graphql-go/graph/schema.resolvers.go:187.96,189.2 1 0
github.com/cryanbrow/eve-graphql-go/graph/schema.resolvers.go:191.100,193.2 1 0
github.com/cryanbrow/eve-graphql-go/graph/schema.resolvers.go:195.155,197.2 1 0
github.com/cryanbrow/eve-graphql-go/graph/schema.resolvers.go:199.167,201.2 1 0
github.com/cryanbrow/eve-graphql-go/graph/schema.resolvers.go:203.89,205.2 1 0
github.com/cryanbrow/eve-graphql-go/graph/schema.resolvers.go:207.91,209.2 1 0
github.com/cryanbrow/eve-graphql-go/graph/schema.resolvers.go:211.89,213.2 1 0
github.com/cryanbrow/eve-graphql-go/graph/schema.resolvers.go:215.99,217.2 1 0
github.com/cryanbrow/eve-graphql-go/graph/schema.resolvers.go:219.91,221.2 1 0
github.com/cryanbrow/eve-graphql-go/graph/schema.resolvers.go:223.118,225.2 1 0
github.com/cryanbrow/eve-graphql-go/graph/schema.resolvers.go:227.116,229.2 1 0
github.com/cryanbrow/eve-graphql-go/graph/schema.resolvers.go:231.97,233.2 1 0
github.com/cryanbrow/eve-graphql-go/graph/schema.resolvers.go:235.96,237.2 1 0
github.com/cryanbrow/eve-graphql-go/graph/schema.resolvers.go:239.104,241.2 1 0
github.com/cryanbrow/eve-graphql-go/graph/schema.resolvers.go:243.126,245.2 1 0
github.com/cryanbrow/eve-graphql-go/graph/schema.resolvers.go:247.122,249.2 1 0
github.com/cryanbrow/eve-graphql-go/graph/schema.resolvers.go:251.114,253.2 1 0
github.com/cryanbrow/eve-graphql-go/graph/schema.resolvers.go:255.94,257.2 1 0
github.com/cryanbrow/eve-graphql-go/graph/schema.resolvers.go:259.98,261.2 1 0
github.com/cryanbrow/eve-graphql-go/graph/schema.resolvers.go:263.105,265.2 1 0
github.com/cryanbrow/eve-graphql-go/graph/schema.resolvers.go:267.110,269.2 1 0
github.com/cryanbrow/eve-graphql-go/graph/schema.resolvers.go:271.92,273.2 1 0
github.com/cryanbrow/eve-graphql-go/graph/schema.resolvers.go:275.106,277.2 1 0
github.com/cryanbrow/eve-graphql-go/graph/schema.resolvers.go:279.104,281.2 1 0
github.com/cryanbrow/eve-graphql-go/graph/schema.resolvers.go:283.134,285.2 1 0
github.com/cryanbrow/eve-graphql-go/graph/schema.resolvers.go:287.114,289.2 1 0
github.com/cryanbrow/eve-graphql-go/graph/schema.resolvers.go:291.119,293.2 1 0
github.com/cryanbrow/eve-graphql-go/graph/schema.resolvers.go:296.58,296.89 1 0
github.com/cryanbrow/eve-graphql-go/graph/schema.resolvers.go:299.58,299.89 1 0
github.com/cryanbrow/eve-graphql-go/graph/schema.resolvers.go:302.68,302.104 1 0
github.com/cryanbrow/eve-graphql-go/graph/schema.resolvers.go:305.60,305.92 1 0
github.com/cryanbrow/eve-graphql-go/graph/schema.resolvers.go:308.68,308.104 1 0
github.com/cryanbrow/eve-graphql-go/graph/schema.resolvers.go:311.64,311.98 1 0
github.com/cryanbrow/eve-graphql-go/graph/schema.resolvers.go:314.72,316.2 1 0
github.com/cryanbrow/eve-graphql-go/graph/schema.resolvers.go:319.66,319.101 1 0
github.com/cryanbrow/eve-graphql-go/graph/schema.resolvers.go:322.80,324.2 1 0
github.com/cryanbrow/eve-graphql-go/graph/schema.resolvers.go:327.56,327.86 1 0
github.com/cryanbrow/eve-graphql-go/graph/schema.resolvers.go:330.52,330.80 1 0
github.com/cryanbrow/eve-graphql-go/graph/schema.resolvers.go:333.60,333.92 1 0
github.com/cryanbrow/eve-graphql-go/graph/schema.resolvers.go:336.66,336.101 1 0
github.com/cryanbrow/eve-graphql-go/graph/schema.resolvers.go:339.58,339.89 1 0
github.com/cryanbrow/eve-graphql-go/graph/schema.resolvers.go:342.50,342.77 1 0
github.com/cryanbrow/eve-graphql-go/graph/schema.resolvers.go:345.52,345.80 1 0
github.com/cryanbrow/eve-graphql-go/graph/schema.resolvers.go:348.54,348.83 1 0
github.com/cryanbrow/eve-graphql-go/graph/schema.resolvers.go:351.52,351.80 1 0
github.com/cryanbrow/eve-graphql-go/graph/schema.resolvers.go:354.54,354.83 1 0
github.com/cryanbrow/eve-graphql-go/graph/schema.resolvers.go:357.50,357.77 1 0
github.com/cryanbrow/eve-graphql-go/graph/schema.resolvers.go:360.58,360.89 1 0
github.com/cryanbrow/eve-graphql-go/graph/schema.resolvers.go:363.80,365.2 1 0
github.com/cryanbrow/eve-graphql-go/graph/schema.resolvers.go:368.56,368.86 1 0
github.com/cryanbrow/eve-graphql-go/graph/schema.resolvers.go:371.54,371.83 1 0
github.com/cryanbrow/eve-graphql-go/graph/schema.resolvers.go:374.68,374.104 1 0
github.com/cryanbrow/eve-graphql-go/graph/configuration/app_config.go:40.17,43.26 3 0
github.com/cryanbrow/eve-graphql-go/graph/configuration/app_config.go:49.2,49.16 1 0
github.com/cryanbrow/eve-graphql-go/graph/configuration/app_config.go:52.2,56.16 4 0
github.com/cryanbrow/eve-graphql-go/graph/configuration/app_config.go:43.26,45.3 1 0
github.com/cryanbrow/eve-graphql-go/graph/configuration/app_config.go:45.8,48.3 2 0
github.com/cryanbrow/eve-graphql-go/graph/configuration/app_config.go:49.16,51.3 1 0
github.com/cryanbrow/eve-graphql-go/graph/configuration/app_config.go:56.16,58.3 1 0
github.com/cryanbrow/eve-graphql-go/graph/configuration/app_config.go:61.16,63.16 2 0
github.com/cryanbrow/eve-graphql-go/graph/configuration/app_config.go:63.16,65.3 1 0
github.com/cryanbrow/eve-graphql-go/graph/configuration/app_config.go:68.30,71.2 2 0
github.com/cryanbrow/eve-graphql-go/graph/configuration/app_config.go:73.21,77.2 3 0
github.com/cryanbrow/eve-graphql-go/graph/configuration/app_config.go:79.26,83.2 3 0
github.com/cryanbrow/eve-graphql-go/graph/caching/memory_cache.go:15.50,17.107 2 0
github.com/cryanbrow/eve-graphql-go/graph/caching/memory_cache.go:17.107,20.3 2 0
github.com/cryanbrow/eve-graphql-go/graph/caching/memory_cache.go:20.8,22.3 1 0
github.com/cryanbrow/eve-graphql-go/graph/caching/memory_cache.go:25.60,27.107 2 0
github.com/cryanbrow/eve-graphql-go/graph/caching/memory_cache.go:27.107,33.3 5 0
github.com/cryanbrow/eve-graphql-go/graph/data_access/esi/alliance/alliance_rest.go:17.53,19.15 2 0
github.com/cryanbrow/eve-graphql-go/graph/data_access/esi/alliance/alliance_rest.go:22.2,27.16 5 0
github.com/cryanbrow/eve-graphql-go/graph/data_access/esi/alliance/alliance_rest.go:31.2,31.65 1 0
github.com/cryanbrow/eve-graphql-go/graph/data_access/esi/alliance/alliance_rest.go:36.2,36.22 1 0
github.com/cryanbrow/eve-graphql-go/graph/data_access/esi/alliance/alliance_rest.go:19.15,21.3 1 0
github.com/cryanbrow/eve-graphql-go/graph/data_access/esi/alliance/alliance_rest.go:27.16,29.3 1 0
github.com/cryanbrow/eve-graphql-go/graph/data_access/esi/alliance/alliance_rest.go:31.65,34.3 2 0
github.com/cryanbrow/eve-graphql-go/graph/data_access/esi/alliance/alliance_rest.go:47.26,49.2 1 0
github.com/cryanbrow/eve-graphql-go/graph/helpers/rest_helper.go:18.196,20.14 2 8
github.com/cryanbrow/eve-graphql-go/graph/helpers/rest_helper.go:62.2,62.25 1 1
github.com/cryanbrow/eve-graphql-go/graph/helpers/rest_helper.go:20.14,22.17 2 7
github.com/cryanbrow/eve-graphql-go/graph/helpers/rest_helper.go:26.3,27.70 2 6
github.com/cryanbrow/eve-graphql-go/graph/helpers/rest_helper.go:30.3,30.44 1 6
github.com/cryanbrow/eve-graphql-go/graph/helpers/rest_helper.go:34.3,39.17 5 6
github.com/cryanbrow/eve-graphql-go/graph/helpers/rest_helper.go:43.3,44.17 2 5
github.com/cryanbrow/eve-graphql-go/graph/helpers/rest_helper.go:49.3,51.33 3 4
github.com/cryanbrow/eve-graphql-go/graph/helpers/rest_helper.go:55.3,55.17 1 3
github.com/cryanbrow/eve-graphql-go/graph/helpers/rest_helper.go:59.3,60.31 2 3
github.com/cryanbrow/eve-graphql-go/graph/helpers/rest_helper.go:22.17,25.4 2 1
github.com/cryanbrow/eve-graphql-go/graph/helpers/rest_helper.go:27.70,29.4 1 15
github.com/cryanbrow/eve-graphql-go/graph/helpers/rest_helper.go:30.44,32.4 1 3
github.com/cryanbrow/eve-graphql-go/graph/helpers/rest_helper.go:39.17,42.4 2 1
github.com/cryanbrow/eve-graphql-go/graph/helpers/rest_helper.go:44.17,47.4 2 1
github.com/cryanbrow/eve-graphql-go/graph/helpers/rest_helper.go:51.33,54.4 2 1
github.com/cryanbrow/eve-graphql-go/graph/helpers/rest_helper.go:55.17,58.4 2 0
github.com/cryanbrow/eve-graphql-go/graph/helpers/rest_helper.go:79.24,82.2 2 0
github.com/cryanbrow/eve-graphql-go/graph/data_access/esi/market/market_rest.go:19.59,21.15 2 0
github.com/cryanbrow/eve-graphql-go/graph/data_access/esi/market/market_rest.go:24.2,29.16 5 0
github.com/cryanbrow/eve-graphql-go/graph/data_access/esi/market/market_rest.go:33.2,33.68 1 0
github.com/cryanbrow/eve-graphql-go/graph/data_access/esi/market/market_rest.go:38.2,38.25 1 0
github.com/cryanbrow/eve-graphql-go/graph/data_access/esi/market/market_rest.go:21.15,23.3 1 0
github.com/cryanbrow/eve-graphql-go/graph/data_access/esi/market/market_rest.go:29.16,31.3 1 0
github.com/cryanbrow/eve-graphql-go/graph/data_access/esi/market/market_rest.go:33.68,36.3 2 0
github.com/cryanbrow/eve-graphql-go/graph/data_access/esi/market/market_rest.go:41.118,54.19 10 0
github.com/cryanbrow/eve-graphql-go/graph/data_access/esi/market/market_rest.go:61.2,65.16 3 0
github.com/cryanbrow/eve-graphql-go/graph/data_access/esi/market/market_rest.go:72.2,76.26 4 0
github.com/cryanbrow/eve-graphql-go/graph/data_access/esi/market/market_rest.go:54.19,59.3 4 0
github.com/cryanbrow/eve-graphql-go/graph/data_access/esi/market/market_rest.go:65.16,67.3 1 0
github.com/cryanbrow/eve-graphql-go/graph/data_access/esi/market/market_rest.go:67.8,70.3 2 0
github.com/cryanbrow/eve-graphql-go/graph/data_access/esi/market/market_rest.go:79.130,81.16 2 0
github.com/cryanbrow/eve-graphql-go/graph/data_access/esi/market/market_rest.go:84.2,85.16 2 0
github.com/cryanbrow/eve-graphql-go/graph/data_access/esi/market/market_rest.go:88.2,89.16 2 0
github.com/cryanbrow/eve-graphql-go/graph/data_access/esi/market/market_rest.go:93.2,93.20 1 0
github.com/cryanbrow/eve-graphql-go/graph/data_access/esi/market/market_rest.go:81.16,83.3 1 0
github.com/cryanbrow/eve-graphql-go/graph/data_access/esi/market/market_rest.go:85.16,87.3 1 0
github.com/cryanbrow/eve-graphql-go/graph/data_access/esi/market/market_rest.go:89.16,91.3 1 0
github.com/cryanbrow/eve-graphql-go/graph/data_access/esi/market/market_rest.go:96.133,101.16 5 0
github.com/cryanbrow/eve-graphql-go/graph/data_access/esi/market/market_rest.go:105.2,107.63 2 0
github.com/cryanbrow/eve-graphql-go/graph/data_access/esi/market/market_rest.go:112.2,112.27 1 0
github.com/cryanbrow/eve-graphql-go/graph/data_access/esi/market/market_rest.go:101.16,103.3 1 0
github.com/cryanbrow/eve-graphql-go/graph/data_access/esi/market/market_rest.go:107.63,110.3 2 0
github.com/cryanbrow/eve-graphql-go/graph/data_access/esi/market/market_rest.go:115.78,116.38 1 0
github.com/cryanbrow/eve-graphql-go/graph/data_access/esi/market/market_rest.go:119.2,125.16 6 0
github.com/cryanbrow/eve-graphql-go/graph/data_access/esi/market/market_rest.go:129.2,129.69 1 0
github.com/cryanbrow/eve-graphql-go/graph/data_access/esi/market/market_rest.go:134.2,134.26 1 0
github.com/cryanbrow/eve-graphql-go/graph/data_access/esi/market/market_rest.go:116.38,118.3 1 0
github.com/cryanbrow/eve-graphql-go/graph/data_access/esi/market/market_rest.go:125.16,127.3 1 0
github.com/cryanbrow/eve-graphql-go/graph/data_access/esi/market/market_rest.go:129.69,132.3 2 0
github.com/cryanbrow/eve-graphql-go/graph/data_access/esi/market/market_rest.go:145.24,147.2 1 0
github.com/cryanbrow/eve-graphql-go/server.go:34.13,37.16 3 0
github.com/cryanbrow/eve-graphql-go/server.go:41.2,46.75 4 0
github.com/cryanbrow/eve-graphql-go/server.go:67.2,70.49 3 0
github.com/cryanbrow/eve-graphql-go/server.go:37.16,39.3 1 0
github.com/cryanbrow/eve-graphql-go/server.go:46.75,48.10 2 0
github.com/cryanbrow/eve-graphql-go/server.go:52.3,53.17 2 0
github.com/cryanbrow/eve-graphql-go/server.go:58.3,63.51 4 0
github.com/cryanbrow/eve-graphql-go/server.go:48.10,51.4 2 0
github.com/cryanbrow/eve-graphql-go/server.go:53.17,57.4 3 0
github.com/cryanbrow/eve-graphql-go/server.go:63.51,65.4 1 0
github.com/cryanbrow/eve-graphql-go/server.go:73.26,84.2 10 0
github.com/cryanbrow/eve-graphql-go/graph/helpers/time_helper.go:10.43,13.16 3 5
github.com/cryanbrow/eve-graphql-go/graph/helpers/time_helper.go:18.2,19.53 2 1
github.com/cryanbrow/eve-graphql-go/graph/helpers/time_helper.go:13.16,16.3 2 4
